[INFO] Scanning for projects...
[WARNING] 
[WARNING] Some problems were encountered while building the effective model for jline:jline:jar:1.0
[WARNING] 'build.plugins.plugin.version' for org.apache.maven.plugins:maven-compiler-plugin is missing. @ line 115, column 15
[WARNING] 'build.plugins.plugin.version' for org.apache.maven.plugins:maven-surefire-plugin is missing. @ line 107, column 15
[WARNING] 'build.plugins.plugin.version' for org.apache.maven.plugins:maven-site-plugin is missing. @ line 123, column 15
[WARNING] 'build.plugins.plugin.version' for org.apache.maven.plugins:maven-jar-plugin is missing. @ line 159, column 15
[WARNING] 'reporting.plugins.plugin.version' for org.codehaus.mojo:jxr-maven-plugin is missing. @ line 172, column 15
[WARNING] 'reporting.plugins.plugin.version' for org.apache.maven.plugins:maven-javadoc-plugin is missing. @ line 179, column 15
[WARNING] 'reporting.plugins.plugin.version' for org.apache.maven.plugins:maven-pmd-plugin is missing. @ line 190, column 15
[WARNING] 'reporting.plugins.plugin.version' for org.apache.maven.plugins:maven-project-info-reports-plugin is missing. @ line 194, column 15
[WARNING] 'reporting.plugins.plugin.version' for org.codehaus.mojo:surefire-report-maven-plugin is missing. @ line 209, column 15
[WARNING] 
[WARNING] It is highly recommended to fix these problems because they threaten the stability of your build.
[WARNING] 
[WARNING] For this reason, future Maven versions might no longer support building such malformed projects.
[WARNING] 
[INFO]                                                                         
[INFO] ------------------------------------------------------------------------
[INFO] Building JLine 1.0
[INFO] ------------------------------------------------------------------------
[INFO] 
[INFO] --- maven-resources-plugin:2.5:resources (default-resources) @ jline ---
[debug] execute contextualize
[WARNING] Using platform encoding (ANSI_X3.4-1968 actually) to copy filtered resources, i.e. build is platform dependent!
[INFO] Copying 6 resources
[INFO] 
[INFO] --- maven-compiler-plugin:2.3.2:compile (default-compile) @ jline ---
[INFO] Nothing to compile - all classes are up to date
[INFO] 
[INFO] --- maven-bundle-plugin:2.0.0:manifest (bundle-manifest) @ jline ---
[INFO] 
[INFO] --- maven-resources-plugin:2.5:testResources (default-testResources) @ jline ---
[debug] execute contextualize
[WARNING] Using platform encoding (ANSI_X3.4-1968 actually) to copy filtered resources, i.e. build is platform dependent!
[INFO] Copying 1 resource
[INFO] 
[INFO] --- maven-compiler-plugin:2.3.2:testCompile (default-testCompile) @ jline ---
[INFO] Nothing to compile - all classes are up to date
[INFO] 
[INFO] --- maven-surefire-plugin:2.10:test (default-test) @ jline ---
[INFO] Surefire report directory: /build/src/jline-1.0/src/target/surefire-reports

-------------------------------------------------------
 T E S T S
-------------------------------------------------------
Running jline.TestHistory
Tests run: 1, Failures: 0, Errors: 0, Skipped: 0, Time elapsed: 0.076 sec
Running jline.TestCompletion
Tests run: 2, Failures: 0, Errors: 0, Skipped: 0, Time elapsed: 0.01 sec
Running jline.TestEditLine
Tests run: 9, Failures: 0, Errors: 0, Skipped: 0, Time elapsed: 0.053 sec
Running jline.ConsoleReaderTest
Tests run: 10, Failures: 0, Errors: 0, Skipped: 0, Time elapsed: 0.008 sec

Results :

Tests run: 22, Failures: 0, Errors: 0, Skipped: 0

[INFO] ------------------------------------------------------------------------
[INFO] BUILD SUCCESS
[INFO] ------------------------------------------------------------------------
[INFO] Total time: 1.289s
[INFO] Finished at: Sat May 05 09:14:08 GMT 2012
[INFO] Final Memory: 11M/150M
[INFO] ------------------------------------------------------------------------
