[INFO] Scanning for projects...
[WARNING] 
[WARNING] Some problems were encountered while building the effective model for jline:jline:jar:1.0
[WARNING] 'build.plugins.plugin.version' for org.apache.maven.plugins:maven-compiler-plugin is missing. @ line 115, column 15
[WARNING] 'build.plugins.plugin.version' for org.apache.maven.plugins:maven-surefire-plugin is missing. @ line 107, column 15
[WARNING] 'build.plugins.plugin.version' for org.apache.maven.plugins:maven-site-plugin is missing. @ line 123, column 15
[WARNING] 'build.plugins.plugin.version' for org.apache.maven.plugins:maven-jar-plugin is missing. @ line 159, column 15
[WARNING] 'reporting.plugins.plugin.version' for org.codehaus.mojo:jxr-maven-plugin is missing. @ line 172, column 15
[WARNING] 'reporting.plugins.plugin.version' for org.apache.maven.plugins:maven-javadoc-plugin is missing. @ line 179, column 15
[WARNING] 'reporting.plugins.plugin.version' for org.apache.maven.plugins:maven-pmd-plugin is missing. @ line 190, column 15
[WARNING] 'reporting.plugins.plugin.version' for org.apache.maven.plugins:maven-project-info-reports-plugin is missing. @ line 194, column 15
[WARNING] 'reporting.plugins.plugin.version' for org.codehaus.mojo:surefire-report-maven-plugin is missing. @ line 209, column 15
[WARNING] 
[WARNING] It is highly recommended to fix these problems because they threaten the stability of your build.
[WARNING] 
[WARNING] For this reason, future Maven versions might no longer support building such malformed projects.
[WARNING] 
[INFO]                                                                         
[INFO] ------------------------------------------------------------------------
[INFO] Building JLine 1.0
[INFO] ------------------------------------------------------------------------
Downloading: http://repo.maven.apache.org/maven2/org/apache/maven/plugins/maven-clean-plugin/2.4.1/maven-clean-plugin-2.4.1.pom
790 B   3 KB    5 KB          Downloaded: http://repo.maven.apache.org/maven2/org/apache/maven/plugins/maven-clean-plugin/2.4.1/maven-clean-plugin-2.4.1.pom (5 KB at 6.2 KB/sec)
Downloading: http://repo.maven.apache.org/maven2/org/apache/maven/plugins/maven-plugins/18/maven-plugins-18.pom
759 B   3 KB    7 KB   7 KB   9 KB   13 KB   13 KB           Downloaded: http://repo.maven.apache.org/maven2/org/apache/maven/plugins/maven-plugins/18/maven-plugins-18.pom (13 KB at 27.1 KB/sec)
Downloading: http://repo.maven.apache.org/maven2/org/apache/maven/maven-parent/16/maven-parent-16.pom
748 B   2 KB    6 KB   7 KB   11 KB   11 KB   15 KB   15 KB   17 KB   21 KB   23 KB           Downloaded: http://repo.maven.apache.org/maven2/org/apache/maven/maven-parent/16/maven-parent-16.pom (23 KB at 44.8 KB/sec)
Downloading: http://repo.maven.apache.org/maven2/org/apache/apache/7/apache-7.pom
753 B   2 KB    4 KB   7 KB   11 KB   14 KB   15 KB           Downloaded: http://repo.maven.apache.org/maven2/org/apache/apache/7/apache-7.pom (15 KB at 29.4 KB/sec)
Downloading: http://repo.maven.apache.org/maven2/org/apache/maven/plugins/maven-clean-plugin/2.4.1/maven-clean-plugin-2.4.1.jar
718 B   2 KB    2 KB   3 KB   3 KB   3 KB   4 KB   4 KB   5 KB   5 KB   6 KB   6 KB   7 KB   7 KB   8 KB   8 KB   9 KB   9 KB   10 KB   10 KB   11 KB   11 KB   12 KB   12 KB   13 KB   13 KB   14 KB   14 KB   15 KB   15 KB   16 KB   16 KB   17 KB   17 KB   18 KB   18 KB   18 KB   19 KB   19 KB   20 KB   21 KB   21 KB   23 KB   23 KB           Downloaded: http://repo.maven.apache.org/maven2/org/apache/maven/plugins/maven-clean-plugin/2.4.1/maven-clean-plugin-2.4.1.jar (23 KB at 48.3 KB/sec)
Downloading: http://repo.maven.apache.org/maven2/org/apache/maven/plugins/maven-resources-plugin/2.5/maven-resources-plugin-2.5.pom
776 B   3 KB    6 KB   7 KB          Downloaded: http://repo.maven.apache.org/maven2/org/apache/maven/plugins/maven-resources-plugin/2.5/maven-resources-plugin-2.5.pom (7 KB at 14.3 KB/sec)
Downloading: http://repo.maven.apache.org/maven2/org/apache/maven/plugins/maven-plugins/19/maven-plugins-19.pom
758 B   3 KB    7 KB   7 KB   9 KB   11 KB           Downloaded: http://repo.maven.apache.org/maven2/org/apache/maven/plugins/maven-plugins/19/maven-plugins-19.pom (11 KB at 21.6 KB/sec)
Downloading: http://repo.maven.apache.org/maven2/org/apache/maven/maven-parent/19/maven-parent-19.pom
743 B   2 KB    6 KB   7 KB   11 KB   11 KB   15 KB   15 KB   15 KB   18 KB   21 KB   23 KB   25 KB           Downloaded: http://repo.maven.apache.org/maven2/org/apache/maven/maven-parent/19/maven-parent-19.pom (25 KB at 46.2 KB/sec)
Downloading: http://repo.maven.apache.org/maven2/org/apache/apache/9/apache-9.pom
756 B   2 KB    3 KB   5 KB   8 KB   12 KB   15 KB   15 KB           Downloaded: http://repo.maven.apache.org/maven2/org/apache/apache/9/apache-9.pom (15 KB at 32.4 KB/sec)
Downloading: http://repo.maven.apache.org/maven2/org/apache/maven/plugins/maven-resources-plugin/2.5/maven-resources-plugin-2.5.jar
709 B   2 KB    2 KB   3 KB   3 KB   3 KB   4 KB   4 KB   5 KB   5 KB   6 KB   6 KB   7 KB   7 KB   8 KB   8 KB   9 KB   9 KB   10 KB   10 KB   11 KB   11 KB   12 KB   12 KB   12 KB   13 KB   13 KB   14 KB   14 KB   15 KB   15 KB   16 KB   16 KB   17 KB   17 KB   18 KB   18 KB   19 KB   19 KB   20 KB   20 KB   21 KB   21 KB   22 KB   23 KB   23 KB   24 KB   24 KB   26 KB           Downloaded: http://repo.maven.apache.org/maven2/org/apache/maven/plugins/maven-resources-plugin/2.5/maven-resources-plugin-2.5.jar (26 KB at 52.0 KB/sec)
Downloading: http://repo.maven.apache.org/maven2/org/apache/maven/plugins/maven-compiler-plugin/2.3.2/maven-compiler-plugin-2.3.2.pom
776 B   3 KB    7 KB   8 KB          Downloaded: http://repo.maven.apache.org/maven2/org/apache/maven/plugins/maven-compiler-plugin/2.3.2/maven-compiler-plugin-2.3.2.pom (8 KB at 15.0 KB/sec)
Downloading: http://repo.maven.apache.org/maven2/org/apache/maven/plugins/maven-compiler-plugin/2.3.2/maven-compiler-plugin-2.3.2.jar
671 B   2 KB    2 KB   3 KB   3 KB   3 KB   4 KB   4 KB   5 KB   5 KB   6 KB   6 KB   7 KB   7 KB   8 KB   8 KB   9 KB   9 KB   9 KB   10 KB   10 KB   11 KB   11 KB   12 KB   12 KB   13 KB   13 KB   14 KB   14 KB   15 KB   15 KB   16 KB   16 KB   17 KB   17 KB   17 KB   18 KB   18 KB   19 KB   20 KB   20 KB   21 KB   21 KB   22 KB   22 KB   23 KB   23 KB   23 KB   24 KB   24 KB   25 KB   25 KB   26 KB   26 KB   27 KB   27 KB   29 KB           Downloaded: http://repo.maven.apache.org/maven2/org/apache/maven/plugins/maven-compiler-plugin/2.3.2/maven-compiler-plugin-2.3.2.jar (29 KB at 59.6 KB/sec)
Downloading: http://repo.maven.apache.org/maven2/org/apache/felix/maven-bundle-plugin/2.0.0/maven-bundle-plugin-2.0.0.pom
824 B   3 KB    5 KB          Downloaded: http://repo.maven.apache.org/maven2/org/apache/felix/maven-bundle-plugin/2.0.0/maven-bundle-plugin-2.0.0.pom (5 KB at 9.6 KB/sec)
Downloading: http://repo.maven.apache.org/maven2/org/apache/felix/felix/1.0.2/felix-1.0.2.pom
785 B   3 KB    5 KB   8 KB   12 KB   12 KB   14 KB           Downloaded: http://repo.maven.apache.org/maven2/org/apache/felix/felix/1.0.2/felix-1.0.2.pom (14 KB at 28.5 KB/sec)
Downloading: http://repo.maven.apache.org/maven2/org/apache/apache/4/apache-4.pom
791 B   3 KB    5 KB   5 KB          Downloaded: http://repo.maven.apache.org/maven2/org/apache/apache/4/apache-4.pom (5 KB at 8.6 KB/sec)
Downloading: http://repo.maven.apache.org/maven2/org/apache/felix/maven-bundle-plugin/2.0.0/maven-bundle-plugin-2.0.0.jar
2 KB   2 KB   2 KB   3 KB   3 KB   4 KB   4 KB   5 KB   5 KB   6 KB   6 KB   7 KB   7 KB   8 KB   8 KB   8 KB   9 KB   9 KB   10 KB   10 KB   11 KB   11 KB   12 KB   12 KB   13 KB   13 KB   14 KB   14 KB   15 KB   15 KB   16 KB   16 KB   17 KB   17 KB   17 KB   18 KB   18 KB   19 KB   19 KB   19 KB   20 KB   20 KB   21 KB   21 KB   22 KB   22 KB   23 KB   23 KB   24 KB   24 KB   25 KB   25 KB   26 KB   26 KB   27 KB   27 KB   28 KB   28 KB   29 KB   29 KB   30 KB   30 KB   31 KB   31 KB   32 KB   32 KB   32 KB   33 KB   33 KB   34 KB   34 KB   35 KB   35 KB   36 KB   36 KB   37 KB   37 KB   38 KB   38 KB   39 KB   39 KB   40 KB   40 KB   41 KB   41 KB   42 KB   42 KB   43 KB   43 KB   44 KB   44 KB   45 KB   45 KB   46 KB   46 KB   47 KB   47 KB   48 KB   49 KB   49 KB   50 KB   50 KB   50 KB   51 KB   51 KB   52 KB   52 KB   53 KB   53 KB   54 KB   54 KB   55 KB   55 KB   56 KB   56 KB   57 KB   57 KB   58 KB   58 KB   59 KB   59 KB   60 KB   60 KB   60 KB   61 KB   61 KB   62 KB   62 KB   63 KB   63 KB   64 KB   64 KB   65 KB   65 KB   66 KB   66 KB   67 KB   67 KB   67 KB   68 KB   68 KB   69 KB   70 KB   70 KB   70 KB   71 KB   71 KB   72 KB   72 KB   73 KB   73 KB   74 KB   74 KB   75 KB   75 KB   76 KB   76 KB   77 KB   77 KB   78 KB   78 KB   79 KB   79 KB   80 KB   80 KB   81 KB   81 KB   82 KB   82 KB   82 KB   83 KB   83 KB   83 KB   84 KB   84 KB   85 KB   85 KB   86 KB   86 KB   87 KB   87 KB   88 KB   88 KB   89 KB   89 KB   90 KB   90 KB   91 KB   91 KB   92 KB   92 KB   93 KB   93 KB   94 KB   94 KB   95 KB   95 KB   96 KB   96 KB   97 KB   97 KB   98 KB   98 KB   99 KB   99 KB   100 KB   100 KB   100 KB   101 KB   101 KB   102 KB   102 KB   103 KB   104 KB   104 KB   105 KB   105 KB   106 KB   106 KB   106 KB   107 KB   107 KB   108 KB   108 KB   109 KB   109 KB   110 KB   110 KB   111 KB   111 KB   112 KB   112 KB   113 KB   113 KB   114 KB   114 KB   115 KB   115 KB   115 KB   116 KB   116 KB   117 KB   117 KB   118 KB   118 KB   119 KB   120 KB   120 KB   121 KB   121 KB   122 KB   122 KB   123 KB   123 KB   124 KB   124 KB   125 KB   125 KB   126 KB   126 KB   127 KB   127 KB   128 KB   128 KB   129 KB   129 KB   130 KB   130 KB   131 KB   131 KB   132 KB   132 KB   133 KB   133 KB   134 KB   134 KB   134 KB   135 KB   135 KB   136 KB   136 KB   137 KB   138 KB   138 KB   138 KB   139 KB   139 KB   140 KB   140 KB   141 KB   141 KB   142 KB   142 KB   143 KB   143 KB   144 KB   144 KB   145 KB   147 KB   148 KB   150 KB   152 KB            Downloaded: http://repo.maven.apache.org/maven2/org/apache/felix/maven-bundle-plugin/2.0.0/maven-bundle-plugin-2.0.0.jar (152 KB at 323.3 KB/sec)
Downloading: http://repo.maven.apache.org/maven2/org/apache/maven/plugins/maven-surefire-plugin/2.10/maven-surefire-plugin-2.10.pom
804 B    3 KB    7 KB   7 KB   10 KB   11 KB           Downloaded: http://repo.maven.apache.org/maven2/org/apache/maven/plugins/maven-surefire-plugin/2.10/maven-surefire-plugin-2.10.pom (11 KB at 21.8 KB/sec)
Downloading: http://repo.maven.apache.org/maven2/org/apache/maven/surefire/surefire/2.10/surefire-2.10.pom
828 B   3 KB    6 KB   10 KB   10 KB   12 KB           Downloaded: http://repo.maven.apache.org/maven2/org/apache/maven/surefire/surefire/2.10/surefire-2.10.pom (12 KB at 19.4 KB/sec)
Downloading: http://repo.maven.apache.org/maven2/org/apache/maven/maven-parent/20/maven-parent-20.pom
742 B   2 KB    6 KB   6 KB   10 KB   11 KB   15 KB   15 KB   15 KB   17 KB   19 KB   22 KB   25 KB           Downloaded: http://repo.maven.apache.org/maven2/org/apache/maven/maven-parent/20/maven-parent-20.pom (25 KB at 62.3 KB/sec)
Downloading: http://repo.maven.apache.org/maven2/org/apache/maven/plugins/maven-surefire-plugin/2.10/maven-surefire-plugin-2.10.jar
768 B   2 KB    2 KB   3 KB   3 KB   3 KB   4 KB   4 KB   5 KB   5 KB   6 KB   6 KB   7 KB   7 KB   8 KB   8 KB   9 KB   9 KB   10 KB   10 KB   11 KB   11 KB   12 KB   12 KB   12 KB   13 KB   13 KB   14 KB   14 KB   15 KB   15 KB   16 KB   16 KB   17 KB   17 KB   18 KB   18 KB   19 KB   19 KB   20 KB   20 KB   21 KB   21 KB   22 KB   22 KB   22 KB   23 KB   23 KB   24 KB   24 KB   25 KB   25 KB   26 KB   26 KB   27 KB   27 KB   28 KB   28 KB   30 KB           Downloaded: http://repo.maven.apache.org/maven2/org/apache/maven/plugins/maven-surefire-plugin/2.10/maven-surefire-plugin-2.10.jar (30 KB at 61.1 KB/sec)
Downloading: http://repo.maven.apache.org/maven2/org/apache/maven/plugins/maven-jar-plugin/2.3.2/maven-jar-plugin-2.3.2.pom
774 B   3 KB    6 KB   6 KB          Downloaded: http://repo.maven.apache.org/maven2/org/apache/maven/plugins/maven-jar-plugin/2.3.2/maven-jar-plugin-2.3.2.pom (6 KB at 11.4 KB/sec)
Downloading: http://repo.maven.apache.org/maven2/org/apache/maven/plugins/maven-plugins/21/maven-plugins-21.pom
755 B   3 KB    7 KB   9 KB   12 KB   13 KB           Downloaded: http://repo.maven.apache.org/maven2/org/apache/maven/plugins/maven-plugins/21/maven-plugins-21.pom (13 KB at 25.1 KB/sec)
Downloading: http://repo.maven.apache.org/maven2/org/apache/maven/plugins/maven-jar-plugin/2.3.2/maven-jar-plugin-2.3.2.jar
726 B   2 KB    2 KB   3 KB   3 KB   3 KB   4 KB   4 KB   5 KB   5 KB   6 KB   6 KB   7 KB   7 KB   8 KB   8 KB   9 KB   9 KB   10 KB   10 KB   11 KB   11 KB   12 KB   12 KB   13 KB   13 KB   14 KB   14 KB   15 KB   15 KB   16 KB   16 KB   17 KB   17 KB   18 KB   18 KB   18 KB   19 KB   19 KB   20 KB   20 KB   21 KB   21 KB   22 KB   22 KB   23 KB   23 KB   24 KB   24 KB   25 KB   25 KB   26 KB   26 KB   26 KB   27 KB   28 KB   28 KB   29 KB   29 KB   30 KB   30 KB   32 KB   32 KB           Downloaded: http://repo.maven.apache.org/maven2/org/apache/maven/plugins/maven-jar-plugin/2.3.2/maven-jar-plugin-2.3.2.jar (32 KB at 66.4 KB/sec)
Downloading: http://repo.maven.apache.org/maven2/junit/junit/3.8.1/junit-3.8.1.pom
998 B           Downloaded: http://repo.maven.apache.org/maven2/junit/junit/3.8.1/junit-3.8.1.pom (998 B at 3.5 KB/sec)
Downloading: http://repo.maven.apache.org/maven2/junit/junit/3.8.1/junit-3.8.1.jar
786 B   2 KB    2 KB   3 KB   3 KB   3 KB   4 KB   4 KB   5 KB   5 KB   6 KB   6 KB   7 KB   8 KB   8 KB   8 KB   9 KB   10 KB   10 KB   11 KB   11 KB   12 KB   12 KB   13 KB   13 KB   14 KB   14 KB   15 KB   15 KB   15 KB   16 KB   16 KB   17 KB   17 KB   18 KB   18 KB   19 KB   19 KB   20 KB   20 KB   21 KB   21 KB   22 KB   22 KB   23 KB   23 KB   24 KB   24 KB   25 KB   25 KB   26 KB   26 KB   27 KB   27 KB   28 KB   28 KB   29 KB   29 KB   30 KB   30 KB   31 KB   31 KB   32 KB   32 KB   33 KB   33 KB   34 KB   34 KB   35 KB   35 KB   36 KB   36 KB   37 KB   37 KB   38 KB   38 KB   39 KB   39 KB   40 KB   40 KB   40 KB   41 KB   41 KB   42 KB   42 KB   43 KB   44 KB   44 KB   45 KB   45 KB   46 KB   46 KB   47 KB   47 KB   48 KB   48 KB   49 KB   49 KB   49 KB   50 KB   50 KB   51 KB   51 KB   52 KB   52 KB   53 KB   53 KB   54 KB   54 KB   55 KB   55 KB   56 KB   56 KB   57 KB   57 KB   58 KB   58 KB   59 KB   59 KB   60 KB   60 KB   61 KB   61 KB   62 KB   62 KB   63 KB   63 KB   64 KB   64 KB   65 KB   65 KB   66 KB   66 KB   67 KB   67 KB   68 KB   69 KB   69 KB   70 KB   70 KB   71 KB   71 KB   72 KB   72 KB   73 KB   74 KB   74 KB   74 KB   75 KB   75 KB   76 KB   77 KB   77 KB   78 KB   78 KB   79 KB   79 KB   80 KB   80 KB   81 KB   81 KB   82 KB   82 KB   83 KB   83 KB   83 KB   84 KB   84 KB   85 KB   85 KB   86 KB   86 KB   87 KB   87 KB   88 KB   88 KB   89 KB   89 KB   90 KB   91 KB   91 KB   91 KB   92 KB   92 KB   93 KB   93 KB   94 KB   94 KB   95 KB   95 KB   96 KB   96 KB   97 KB   97 KB   98 KB   99 KB   99 KB   100 KB   100 KB   101 KB   101 KB   102 KB   102 KB   103 KB   103 KB   104 KB   104 KB   105 KB   105 KB   105 KB   106 KB   106 KB   107 KB   107 KB   108 KB   108 KB   109 KB   109 KB   110 KB   112 KB   113 KB   115 KB   117 KB   119 KB            Downloaded: http://repo.maven.apache.org/maven2/junit/junit/3.8.1/junit-3.8.1.jar (119 KB at 246.3 KB/sec)
[INFO] 
[INFO] --- maven-clean-plugin:2.4.1:clean (default-clean) @ jline ---
Downloading: http://repo.maven.apache.org/maven2/org/apache/maven/maven-plugin-api/2.0.6/maven-plugin-api-2.0.6.pom
847 B    2 KB           Downloaded: http://repo.maven.apache.org/maven2/org/apache/maven/maven-plugin-api/2.0.6/maven-plugin-api-2.0.6.pom (2 KB at 2.9 KB/sec)
Downloading: http://repo.maven.apache.org/maven2/org/apache/maven/maven/2.0.6/maven-2.0.6.pom
781 B   2 KB    5 KB   9 KB   9 KB          Downloaded: http://repo.maven.apache.org/maven2/org/apache/maven/maven/2.0.6/maven-2.0.6.pom (9 KB at 17.7 KB/sec)
Downloading: http://repo.maven.apache.org/maven2/org/apache/maven/maven-parent/5/maven-parent-5.pom
749 B   3 KB    6 KB   9 KB   13 KB   15 KB           Downloaded: http://repo.maven.apache.org/maven2/org/apache/maven/maven-parent/5/maven-parent-5.pom (15 KB at 26.4 KB/sec)
Downloading: http://repo.maven.apache.org/maven2/org/apache/apache/3/apache-3.pom
822 B   3 KB    4 KB          Downloaded: http://repo.maven.apache.org/maven2/org/apache/apache/3/apache-3.pom (4 KB at 8.0 KB/sec)
Downloading: http://repo.maven.apache.org/maven2/org/codehaus/plexus/plexus-utils/2.0.5/plexus-utils-2.0.5.pom
812 B   3 KB    4 KB          Downloaded: http://repo.maven.apache.org/maven2/org/codehaus/plexus/plexus-utils/2.0.5/plexus-utils-2.0.5.pom (4 KB at 6.7 KB/sec)
Downloading: http://repo.maven.apache.org/maven2/org/codehaus/plexus/plexus/2.0.6/plexus-2.0.6.pom
707 B   3 KB    7 KB   9 KB   13 KB   17 KB   17 KB           Downloaded: http://repo.maven.apache.org/maven2/org/codehaus/plexus/plexus/2.0.6/plexus-2.0.6.pom (17 KB at 33.2 KB/sec)
Downloading: http://repo.maven.apache.org/maven2/org/codehaus/plexus/plexus-utils/2.0.5/plexus-utils-2.0.5.jar
2 KB    2 KB   3 KB   3 KB   4 KB   4 KB   4 KB   5 KB   5 KB   6 KB   6 KB   7 KB   7 KB   8 KB   8 KB   8 KB   9 KB   9 KB   10 KB   10 KB   11 KB   11 KB   12 KB   12 KB   13 KB   13 KB   14 KB   14 KB   15 KB   15 KB   16 KB   16 KB   17 KB   17 KB   17 KB   18 KB   18 KB   19 KB   19 KB   20 KB   20 KB   21 KB   21 KB   21 KB   22 KB   23 KB   23 KB   24 KB   24 KB   25 KB   25 KB   25 KB   26 KB   26 KB   27 KB   27 KB   28 KB   28 KB   29 KB   29 KB   30 KB   30 KB   31 KB   31 KB   32 KB   32 KB   33 KB   33 KB   34 KB   34 KB   35 KB   35 KB   36 KB   36 KB   37 KB   37 KB   38 KB   38 KB   39 KB   39 KB   40 KB   40 KB   41 KB   41 KB   42 KB   42 KB   43 KB   43 KB   44 KB   44 KB   44 KB   45 KB   45 KB   46 KB   46 KB   47 KB   47 KB   48 KB   48 KB   49 KB   49 KB   50 KB   50 KB   50 KB   51 KB   51 KB   52 KB   52 KB   53 KB   53 KB   54 KB   54 KB   55 KB   55 KB   56 KB   56 KB   57 KB   57 KB   58 KB   58 KB   59 KB   59 KB   59 KB   60 KB   60 KB   61 KB   61 KB   62 KB   62 KB   63 KB   63 KB   64 KB   64 KB   65 KB   65 KB   66 KB   66 KB   67 KB   67 KB   68 KB   68 KB   69 KB   69 KB   70 KB   70 KB   71 KB   71 KB   72 KB   72 KB   73 KB   73 KB   74 KB   74 KB   75 KB   75 KB   76 KB   76 KB   76 KB   77 KB   77 KB   78 KB   78 KB   79 KB   79 KB   80 KB   80 KB   81 KB   81 KB   82 KB   82 KB   83 KB   83 KB   83 KB   84 KB   84 KB   85 KB   85 KB   86 KB   87 KB   87 KB   88 KB   88 KB   88 KB   89 KB   89 KB   90 KB   90 KB   91 KB   91 KB   92 KB   92 KB   93 KB   93 KB   94 KB   94 KB   95 KB   95 KB   96 KB   96 KB   97 KB   97 KB   98 KB   98 KB   99 KB   99 KB   100 KB   100 KB   101 KB   101 KB   102 KB   102 KB   102 KB   103 KB   103 KB   104 KB   105 KB   105 KB   106 KB   106 KB   107 KB   107 KB   107 KB   108 KB   108 KB   109 KB   109 KB   110 KB   110 KB   111 KB   111 KB   112 KB   112 KB   113 KB   113 KB   114 KB   114 KB   115 KB   115 KB   116 KB   116 KB   117 KB   117 KB   118 KB   118 KB   119 KB   119 KB   120 KB   120 KB   120 KB   121 KB   121 KB   122 KB   122 KB   123 KB   123 KB   124 KB   124 KB   125 KB   125 KB   126 KB   126 KB   127 KB   127 KB   128 KB   128 KB   129 KB   129 KB   130 KB   130 KB   130 KB   131 KB   131 KB   132 KB   132 KB   133 KB   133 KB   134 KB   134 KB   135 KB   135 KB   136 KB   136 KB   137 KB   137 KB   138 KB   138 KB   139 KB   139 KB   140 KB   140 KB   140 KB   141 KB   141 KB   142 KB   142 KB   143 KB   143 KB   144 KB   144 KB   145 KB   145 KB   146 KB   146 KB   147 KB   147 KB   148 KB   148 KB   149 KB   149 KB   150 KB   150 KB   150 KB   151 KB   151 KB   152 KB   152 KB   153 KB   153 KB   154 KB   154 KB   155 KB   155 KB   156 KB   156 KB   157 KB   157 KB   158 KB   158 KB   158 KB   159 KB   159 KB   160 KB   160 KB   161 KB   161 KB   162 KB   162 KB   163 KB   163 KB   164 KB   164 KB   165 KB   165 KB   166 KB   166 KB   167 KB   167 KB   168 KB   168 KB   169 KB   169 KB   170 KB   170 KB   170 KB   171 KB   171 KB   172 KB   172 KB   173 KB   173 KB   174 KB   174 KB   175 KB   175 KB   176 KB   176 KB   177 KB   177 KB   177 KB   178 KB   178 KB   179 KB   179 KB   180 KB   180 KB   181 KB   181 KB   182 KB   182 KB   183 KB   183 KB   184 KB   184 KB   185 KB   185 KB   186 KB   186 KB   187 KB   187 KB   187 KB   188 KB   188 KB   189 KB   190 KB   190 KB   190 KB   191 KB   192 KB   192 KB   193 KB   193 KB   194 KB   194 KB   194 KB   195 KB   195 KB   196 KB   196 KB   197 KB   197 KB   198 KB   198 KB   199 KB   199 KB   200 KB   200 KB   201 KB   201 KB   201 KB   202 KB   202 KB   203 KB   203 KB   203 KB   204 KB   204 KB   205 KB   205 KB   206 KB   207 KB   207 KB   208 KB   209 KB   211 KB   212 KB   214 KB   216 KB   218 KB   218 KB            Downloaded: http://repo.maven.apache.org/maven2/org/codehaus/plexus/plexus-utils/2.0.5/plexus-utils-2.0.5.jar (218 KB at 446.6 KB/sec)
[INFO] 
[INFO] --- maven-resources-plugin:2.5:resources (default-resources) @ jline ---
Downloading: http://repo.maven.apache.org/maven2/org/apache/maven/maven-project/2.0.6/maven-project-2.0.6.pom
821 B    3 KB           Downloaded: http://repo.maven.apache.org/maven2/org/apache/maven/maven-project/2.0.6/maven-project-2.0.6.pom (3 KB at 5.7 KB/sec)
Downloading: http://repo.maven.apache.org/maven2/org/apache/maven/maven-settings/2.0.6/maven-settings-2.0.6.pom
830 B   2 KB           Downloaded: http://repo.maven.apache.org/maven2/org/apache/maven/maven-settings/2.0.6/maven-settings-2.0.6.pom (2 KB at 3.9 KB/sec)
Downloading: http://repo.maven.apache.org/maven2/org/apache/maven/maven-model/2.0.6/maven-model-2.0.6.pom
814 B   3 KB    3 KB          Downloaded: http://repo.maven.apache.org/maven2/org/apache/maven/maven-model/2.0.6/maven-model-2.0.6.pom (3 KB at 6.2 KB/sec)
Downloading: http://repo.maven.apache.org/maven2/org/codehaus/plexus/plexus-utils/1.4.1/plexus-utils-1.4.1.pom
2 KB   2 KB          Downloaded: http://repo.maven.apache.org/maven2/org/codehaus/plexus/plexus-utils/1.4.1/plexus-utils-1.4.1.pom (2 KB at 3.7 KB/sec)
Downloading: http://repo.maven.apache.org/maven2/org/codehaus/plexus/plexus/1.0.11/plexus-1.0.11.pom
2 KB   5 KB   8 KB   9 KB          Downloaded: http://repo.maven.apache.org/maven2/org/codehaus/plexus/plexus/1.0.11/plexus-1.0.11.pom (9 KB at 18.2 KB/sec)
Downloading: http://repo.maven.apache.org/maven2/org/codehaus/plexus/plexus-container-default/1.0-alpha-9-stable-1/plexus-container-default-1.0-alpha-9-stable-1.pom
3 KB   4 KB          Downloaded: http://repo.maven.apache.org/maven2/org/codehaus/plexus/plexus-container-default/1.0-alpha-9-stable-1/plexus-container-default-1.0-alpha-9-stable-1.pom (4 KB at 7.8 KB/sec)
Downloading: http://repo.maven.apache.org/maven2/org/codehaus/plexus/plexus-containers/1.0.3/plexus-containers-1.0.3.pom
492 B           Downloaded: http://repo.maven.apache.org/maven2/org/codehaus/plexus/plexus-containers/1.0.3/plexus-containers-1.0.3.pom (492 B at 1.0 KB/sec)
Downloading: http://repo.maven.apache.org/maven2/org/codehaus/plexus/plexus/1.0.4/plexus-1.0.4.pom
2 KB    5 KB   6 KB          Downloaded: http://repo.maven.apache.org/maven2/org/codehaus/plexus/plexus/1.0.4/plexus-1.0.4.pom (6 KB at 9.5 KB/sec)
Downloading: http://repo.maven.apache.org/maven2/org/codehaus/plexus/plexus-utils/1.0.4/plexus-utils-1.0.4.pom
2 KB   5 KB   7 KB          Downloaded: http://repo.maven.apache.org/maven2/org/codehaus/plexus/plexus-utils/1.0.4/plexus-utils-1.0.4.pom (7 KB at 13.6 KB/sec)
Downloading: http://repo.maven.apache.org/maven2/classworlds/classworlds/1.1-alpha-2/classworlds-1.1-alpha-2.pom
2 KB   4 KB          Downloaded: http://repo.maven.apache.org/maven2/classworlds/classworlds/1.1-alpha-2/classworlds-1.1-alpha-2.pom (4 KB at 6.2 KB/sec)
Downloading: http://repo.maven.apache.org/maven2/org/apache/maven/maven-profile/2.0.6/maven-profile-2.0.6.pom
830 B   2 KB           Downloaded: http://repo.maven.apache.org/maven2/org/apache/maven/maven-profile/2.0.6/maven-profile-2.0.6.pom (2 KB at 3.8 KB/sec)
Downloading: http://repo.maven.apache.org/maven2/org/apache/maven/maven-artifact-manager/2.0.6/maven-artifact-manager-2.0.6.pom
820 B   3 KB           Downloaded: http://repo.maven.apache.org/maven2/org/apache/maven/maven-artifact-manager/2.0.6/maven-artifact-manager-2.0.6.pom (3 KB at 5.4 KB/sec)
Downloading: http://repo.maven.apache.org/maven2/org/apache/maven/maven-repository-metadata/2.0.6/maven-repository-metadata-2.0.6.pom
832 B   2 KB           Downloaded: http://repo.maven.apache.org/maven2/org/apache/maven/maven-repository-metadata/2.0.6/maven-repository-metadata-2.0.6.pom (2 KB at 3.7 KB/sec)
Downloading: http://repo.maven.apache.org/maven2/org/apache/maven/maven-artifact/2.0.6/maven-artifact-2.0.6.pom
835 B   2 KB           Downloaded: http://repo.maven.apache.org/maven2/org/apache/maven/maven-artifact/2.0.6/maven-artifact-2.0.6.pom (2 KB at 2.6 KB/sec)
Downloading: http://repo.maven.apache.org/maven2/org/apache/maven/maven-plugin-registry/2.0.6/maven-plugin-registry-2.0.6.pom
830 B   2 KB           Downloaded: http://repo.maven.apache.org/maven2/org/apache/maven/maven-plugin-registry/2.0.6/maven-plugin-registry-2.0.6.pom (2 KB at 5.0 KB/sec)
Downloading: http://repo.maven.apache.org/maven2/org/apache/maven/maven-core/2.0.6/maven-core-2.0.6.pom
777 B   3 KB    7 KB          Downloaded: http://repo.maven.apache.org/maven2/org/apache/maven/maven-core/2.0.6/maven-core-2.0.6.pom (7 KB at 13.3 KB/sec)
Downloading: http://repo.maven.apache.org/maven2/org/apache/maven/maven-plugin-parameter-documenter/2.0.6/maven-plugin-parameter-documenter-2.0.6.pom
830 B   2 KB           Downloaded: http://repo.maven.apache.org/maven2/org/apache/maven/maven-plugin-parameter-documenter/2.0.6/maven-plugin-parameter-documenter-2.0.6.pom (2 KB at 3.8 KB/sec)
Downloading: http://repo.maven.apache.org/maven2/org/apache/maven/reporting/maven-reporting-api/2.0.6/maven-reporting-api-2.0.6.pom
830 B   2 KB           Downloaded: http://repo.maven.apache.org/maven2/org/apache/maven/reporting/maven-reporting-api/2.0.6/maven-reporting-api-2.0.6.pom (2 KB at 3.5 KB/sec)
Downloading: http://repo.maven.apache.org/maven2/org/apache/maven/reporting/maven-reporting/2.0.6/maven-reporting-2.0.6.pom
835 B   2 KB           Downloaded: http://repo.maven.apache.org/maven2/org/apache/maven/reporting/maven-reporting/2.0.6/maven-reporting-2.0.6.pom (2 KB at 2.8 KB/sec)
Downloading: http://repo.maven.apache.org/maven2/org/apache/maven/doxia/doxia-sink-api/1.0-alpha-7/doxia-sink-api-1.0-alpha-7.pom
424 B           Downloaded: http://repo.maven.apache.org/maven2/org/apache/maven/doxia/doxia-sink-api/1.0-alpha-7/doxia-sink-api-1.0-alpha-7.pom (424 B at 0.9 KB/sec)
Downloading: http://repo.maven.apache.org/maven2/org/apache/maven/doxia/doxia/1.0-alpha-7/doxia-1.0-alpha-7.pom
2 KB    4 KB          Downloaded: http://repo.maven.apache.org/maven2/org/apache/maven/doxia/doxia/1.0-alpha-7/doxia-1.0-alpha-7.pom (4 KB at 7.7 KB/sec)
Downloading: http://repo.maven.apache.org/maven2/org/apache/maven/maven-error-diagnostics/2.0.6/maven-error-diagnostics-2.0.6.pom
832 B   2 KB           Downloaded: http://repo.maven.apache.org/maven2/org/apache/maven/maven-error-diagnostics/2.0.6/maven-error-diagnostics-2.0.6.pom (2 KB at 3.4 KB/sec)
Downloading: http://repo.maven.apache.org/maven2/commons-cli/commons-cli/1.0/commons-cli-1.0.pom
2 KB   3 KB          Downloaded: http://repo.maven.apache.org/maven2/commons-cli/commons-cli/1.0/commons-cli-1.0.pom (3 KB at 4.2 KB/sec)
Downloading: http://repo.maven.apache.org/maven2/org/apache/maven/maven-plugin-descriptor/2.0.6/maven-plugin-descriptor-2.0.6.pom
830 B   2 KB           Downloaded: http://repo.maven.apache.org/maven2/org/apache/maven/maven-plugin-descriptor/2.0.6/maven-plugin-descriptor-2.0.6.pom (2 KB at 4.0 KB/sec)
Downloading: http://repo.maven.apache.org/maven2/org/codehaus/plexus/plexus-interactivity-api/1.0-alpha-4/plexus-interactivity-api-1.0-alpha-4.pom
2 KB   5 KB   7 KB          Downloaded: http://repo.maven.apache.org/maven2/org/codehaus/plexus/plexus-interactivity-api/1.0-alpha-4/plexus-interactivity-api-1.0-alpha-4.pom (7 KB at 14.1 KB/sec)
Downloading: http://repo.maven.apache.org/maven2/org/apache/maven/maven-monitor/2.0.6/maven-monitor-2.0.6.pom
849 B   2 KB           Downloaded: http://repo.maven.apache.org/maven2/org/apache/maven/maven-monitor/2.0.6/maven-monitor-2.0.6.pom (2 KB at 2.5 KB/sec)
Downloading: http://repo.maven.apache.org/maven2/classworlds/classworlds/1.1/classworlds-1.1.pom
3 KB   4 KB          Downloaded: http://repo.maven.apache.org/maven2/classworlds/classworlds/1.1/classworlds-1.1.pom (4 KB at 6.5 KB/sec)
Downloading: http://repo.maven.apache.org/maven2/org/apache/maven/shared/maven-filtering/1.0/maven-filtering-1.0.pom
807 B   3 KB    6 KB   6 KB          Downloaded: http://repo.maven.apache.org/maven2/org/apache/maven/shared/maven-filtering/1.0/maven-filtering-1.0.pom (6 KB at 11.5 KB/sec)
Downloading: http://repo.maven.apache.org/maven2/org/apache/maven/shared/maven-shared-components/16/maven-shared-components-16.pom
771 B   3 KB    7 KB   9 KB          Downloaded: http://repo.maven.apache.org/maven2/org/apache/maven/shared/maven-shared-components/16/maven-shared-components-16.pom (9 KB at 18.1 KB/sec)
Downloading: http://repo.maven.apache.org/maven2/org/codehaus/plexus/plexus-utils/1.5.15/plexus-utils-1.5.15.pom
791 B   3 KB    5 KB   7 KB          Downloaded: http://repo.maven.apache.org/maven2/org/codehaus/plexus/plexus-utils/1.5.15/plexus-utils-1.5.15.pom (7 KB at 13.6 KB/sec)
Downloading: http://repo.maven.apache.org/maven2/org/codehaus/plexus/plexus/2.0.2/plexus-2.0.2.pom
2 KB   4 KB   8 KB   11 KB   12 KB           Downloaded: http://repo.maven.apache.org/maven2/org/codehaus/plexus/plexus/2.0.2/plexus-2.0.2.pom (12 KB at 16.6 KB/sec)
Downloading: http://repo.maven.apache.org/maven2/org/codehaus/plexus/plexus-interpolation/1.12/plexus-interpolation-1.12.pom
889 B           Downloaded: http://repo.maven.apache.org/maven2/org/codehaus/plexus/plexus-interpolation/1.12/plexus-interpolation-1.12.pom (889 B at 2.8 KB/sec)
Downloading: http://repo.maven.apache.org/maven2/org/codehaus/plexus/plexus-components/1.1.14/plexus-components-1.1.14.pom
2 KB    4 KB   6 KB          Downloaded: http://repo.maven.apache.org/maven2/org/codehaus/plexus/plexus-components/1.1.14/plexus-components-1.1.14.pom (6 KB at 21.1 KB/sec)
Downloading: http://repo.maven.apache.org/maven2/org/sonatype/plexus/plexus-build-api/0.0.4/plexus-build-api-0.0.4.pom
915 B   3 KB           Downloaded: http://repo.maven.apache.org/maven2/org/sonatype/plexus/plexus-build-api/0.0.4/plexus-build-api-0.0.4.pom (3 KB at 5.4 KB/sec)
Downloading: http://repo.maven.apache.org/maven2/org/sonatype/spice/spice-parent/10/spice-parent-10.pom
2 KB   3 KB          Downloaded: http://repo.maven.apache.org/maven2/org/sonatype/spice/spice-parent/10/spice-parent-10.pom (3 KB at 6.1 KB/sec)
Downloading: http://repo.maven.apache.org/maven2/org/sonatype/forge/forge-parent/3/forge-parent-3.pom
2 KB   5 KB          Downloaded: http://repo.maven.apache.org/maven2/org/sonatype/forge/forge-parent/3/forge-parent-3.pom (5 KB at 10.2 KB/sec)
Downloading: http://repo.maven.apache.org/maven2/org/codehaus/plexus/plexus-utils/1.5.8/plexus-utils-1.5.8.pom
994 B   5 KB    8 KB          Downloaded: http://repo.maven.apache.org/maven2/org/codehaus/plexus/plexus-utils/1.5.8/plexus-utils-1.5.8.pom (8 KB at 16.2 KB/sec)
Downloading: http://repo.maven.apache.org/maven2/org/codehaus/plexus/plexus-interpolation/1.13/plexus-interpolation-1.13.pom
890 B           Downloaded: http://repo.maven.apache.org/maven2/org/codehaus/plexus/plexus-interpolation/1.13/plexus-interpolation-1.13.pom (890 B at 1.8 KB/sec)
Downloading: http://repo.maven.apache.org/maven2/org/codehaus/plexus/plexus-components/1.1.15/plexus-components-1.1.15.pom
2 KB    3 KB          Downloaded: http://repo.maven.apache.org/maven2/org/codehaus/plexus/plexus-components/1.1.15/plexus-components-1.1.15.pom (3 KB at 5.6 KB/sec)
Downloading: http://repo.maven.apache.org/maven2/org/codehaus/plexus/plexus/2.0.3/plexus-2.0.3.pom
711 B   3 KB    7 KB   9 KB   13 KB   13 KB   16 KB           Downloaded: http://repo.maven.apache.org/maven2/org/codehaus/plexus/plexus/2.0.3/plexus-2.0.3.pom (16 KB at 30.3 KB/sec)
Downloading: http://repo.maven.apache.org/maven2/org/apache/maven/reporting/maven-reporting-api/2.0.6/maven-reporting-api-2.0.6.jar
Downloading: http://repo.maven.apache.org/maven2/org/apache/maven/doxia/doxia-sink-api/1.0-alpha-7/doxia-sink-api-1.0-alpha-7.jar
Downloading: http://repo.maven.apache.org/maven2/commons-cli/commons-cli/1.0/commons-cli-1.0.jar
Downloading: http://repo.maven.apache.org/maven2/org/codehaus/plexus/plexus-interactivity-api/1.0-alpha-4/plexus-interactivity-api-1.0-alpha-4.jar
Downloading: http://repo.maven.apache.org/maven2/org/apache/maven/shared/maven-filtering/1.0/maven-filtering-1.0.jar
615 B   2 KB    2 KB   3 KB   3 KB   3 KB   4 KB   4 KB   5 KB   5 KB   6 KB   6 KB   7 KB   7 KB   8 KB   8 KB   10 KB   10 KB   10 KB   832 B   10 KB   2 KB    10 KB   2 KB   10 KB   3 KB   10 KB   4 KB   10 KB   4 KB   10 KB   4 KB   10 KB   5 KB   10 KB   6 KB   723 B   10 KB   6 KB   2 KB   10 KB   6 KB    2 KB   10 KB   6 KB   3 KB   10 KB   6 KB   3 KB   10 KB   6 KB   3 KB   10 KB   6 KB   4 KB   10 KB   6 KB   5 KB   10 KB   6 KB   5 KB   10 KB   6 KB   6 KB   10 KB   6 KB   6 KB   10 KB   6 KB   7 KB   10 KB   6 KB   7 KB   10 KB   6 KB   8 KB   10 KB   6 KB   8 KB   10 KB   6 KB   9 KB   10 KB   6 KB   10 KB   10 KB   6 KB   10 KB   10 KB   6 KB   10 KB   10 KB   6 KB   11 KB   10 KB   6 KB   13 KB   10 KB   6 KB   14 KB   10 KB   6 KB   14 KB   10 KB   706 B   6 KB   14 KB   10 KB   2 KB   6 KB    14 KB   10 KB   2 KB   6 KB   14 KB   10 KB   3 KB   6 KB   14 KB   10 KB   3 KB   6 KB   14 KB   10 KB   3 KB   6 KB   14 KB   10 KB   4 KB   6 KB   14 KB   10 KB   4 KB   6 KB   14 KB   10 KB   5 KB   6 KB   14 KB   10 KB   5 KB   6 KB   14 KB   10 KB   6 KB   6 KB   14 KB   10 KB   6 KB   6 KB   14 KB   10 KB   7 KB   6 KB   14 KB   10 KB   7 KB   6 KB   14 KB   10 KB   8 KB   6 KB   14 KB   10 KB   8 KB   6 KB   14 KB   10 KB   9 KB   6 KB   14 KB   10 KB   9 KB   6 KB   14 KB   10 KB   10 KB   6 KB   14 KB   10 KB   10 KB   6 KB   14 KB   10 KB   11 KB   6 KB   14 KB   10 KB   11 KB   6 KB   14 KB   10 KB   12 KB   6 KB   14 KB   10 KB   12 KB   6 KB   14 KB   10 KB   13 KB   6 KB   14 KB   10 KB   13 KB   6 KB   14 KB   10 KB   14 KB   6 KB   14 KB   10 KB   14 KB   6 KB   14 KB   10 KB   15 KB   6 KB   14 KB   10 KB   15 KB   6 KB   14 KB   10 KB   16 KB   6 KB   14 KB   10 KB   16 KB   6 KB   14 KB   10 KB   17 KB   6 KB   14 KB   10 KB   17 KB   6 KB   14 KB   10 KB   17 KB   6 KB   14 KB   10 KB   18 KB   6 KB   14 KB   10 KB   18 KB   6 KB   14 KB   10 KB   19 KB   6 KB   14 KB   10 KB   19 KB   6 KB   14 KB   10 KB   19 KB   6 KB   14 KB   10 KB   20 KB   6 KB   14 KB   10 KB   20 KB   6 KB   14 KB   10 KB   21 KB   6 KB   14 KB   10 KB   21 KB   6 KB   14 KB   10 KB   22 KB   6 KB   14 KB   10 KB   22 KB   6 KB   14 KB   10 KB   23 KB   6 KB   14 KB   10 KB   23 KB   6 KB   14 KB   10 KB   24 KB   6 KB   14 KB   10 KB   24 KB   6 KB   14 KB   10 KB   25 KB   6 KB   14 KB   10 KB   25 KB   6 KB   14 KB   10 KB   26 KB   6 KB   14 KB   10 KB   26 KB   6 KB   14 KB   10 KB   27 KB   6 KB   14 KB   10 KB   27 KB   6 KB   14 KB   10 KB   28 KB   6 KB   14 KB   10 KB   28 KB   6 KB   14 KB   10 KB   29 KB   6 KB   14 KB   10 KB   29 KB   6 KB   14 KB   10 KB   30 KB   6 KB   14 KB   10 KB   30 KB   6 KB   14 KB   10 KB   31 KB   6 KB   14 KB   10 KB   31 KB   6 KB   14 KB   10 KB   32 KB   6 KB   14 KB   10 KB   32 KB   6 KB   14 KB   10 KB   33 KB   6 KB   14 KB   10 KB   33 KB   6 KB   14 KB   10 KB   34 KB   6 KB   14 KB   10 KB   34 KB   6 KB   14 KB   10 KB   35 KB   6 KB   14 KB   10 KB   35 KB   6 KB   14 KB   10 KB   36 KB   6 KB   14 KB   10 KB   36 KB   6 KB   14 KB   10 KB   37 KB   6 KB   14 KB   10 KB   37 KB   6 KB   14 KB   10 KB   38 KB   6 KB   14 KB   10 KB   38 KB   6 KB   14 KB   10 KB   39 KB   6 KB   14 KB   10 KB   39 KB   6 KB   14 KB   10 KB   42 KB   6 KB   14 KB   10 KB   42 KB   6 KB   14 KB   10 KB   42 KB   661 B   6 KB   14 KB   10 KB   42 KB   2 KB   6 KB    14 KB   10 KB   42 KB   2 KB   6 KB   14 KB   10 KB   42 KB   3 KB   6 KB   14 KB   10 KB   42 KB   3 KB   6 KB   14 KB   10 KB   42 KB   3 KB   6 KB   14 KB   10 KB   42 KB   4 KB   6 KB   14 KB   10 KB   42 KB   4 KB   6 KB   14 KB   10 KB   42 KB   5 KB   6 KB   14 KB   10 KB   42 KB   5 KB   6 KB   14 KB   10 KB   42 KB   6 KB   6 KB   14 KB   10 KB   42 KB   6 KB   6 KB   14 KB   10 KB   42 KB   7 KB   6 KB   14 KB   10 KB   42 KB   7 KB   6 KB   14 KB   10 KB   42 KB   8 KB   6 KB   14 KB   10 KB   42 KB   8 KB   6 KB   14 KB   10 KB   42 KB   9 KB   6 KB   14 KB   10 KB   42 KB   9 KB   6 KB   14 KB   10 KB   42 KB   10 KB   6 KB   14 KB   10 KB   42 KB   10 KB   6 KB   14 KB   10 KB   42 KB   11 KB   6 KB   14 KB   10 KB   42 KB   11 KB   6 KB   14 KB   10 KB   42 KB   12 KB   6 KB   14 KB   10 KB   42 KB   12 KB   6 KB   14 KB   10 KB   42 KB   13 KB   6 KB   14 KB   10 KB   42 KB   13 KB   6 KB   14 KB   10 KB   42 KB   14 KB   6 KB   14 KB   10 KB   42 KB   14 KB   6 KB   14 KB   10 KB   42 KB   15 KB   6 KB   14 KB   10 KB   42 KB   15 KB   6 KB   14 KB   10 KB   42 KB   16 KB   6 KB   14 KB   10 KB   42 KB   16 KB   6 KB   14 KB   10 KB   42 KB   17 KB   6 KB   14 KB   10 KB   42 KB   17 KB   6 KB   14 KB   10 KB   42 KB   18 KB   6 KB   14 KB   10 KB   42 KB   18 KB   6 KB   14 KB   10 KB   42 KB   19 KB   6 KB   14 KB   10 KB   42 KB   19 KB   6 KB   14 KB   10 KB   42 KB   20 KB   6 KB   14 KB   10 KB   42 KB   20 KB   6 KB   14 KB   10 KB   42 KB   21 KB   6 KB   14 KB   10 KB   42 KB   21 KB   6 KB   14 KB   10 KB   42 KB   22 KB   6 KB   14 KB   10 KB   42 KB   22 KB   6 KB   14 KB   10 KB   42 KB   22 KB   6 KB   14 KB   10 KB   42 KB   23 KB   6 KB   14 KB   10 KB   42 KB   23 KB   6 KB   14 KB   10 KB   42 KB   24 KB   6 KB   14 KB   10 KB   42 KB   25 KB   6 KB   14 KB   10 KB   42 KB   25 KB   6 KB   14 KB   10 KB   42 KB   25 KB   6 KB   14 KB   10 KB   42 KB   26 KB   6 KB   14 KB   10 KB   42 KB   27 KB   6 KB   14 KB   10 KB   42 KB   27 KB   6 KB   14 KB   10 KB   42 KB   28 KB   6 KB   14 KB   10 KB   42 KB   29 KB   6 KB   14 KB   10 KB   42 KB   30 KB   6 KB                                          Downloaded: http://repo.maven.apache.org/maven2/org/apache/maven/reporting/maven-reporting-api/2.0.6/maven-reporting-api-2.0.6.jar (10 KB at 6.5 KB/sec)
Downloading: http://repo.maven.apache.org/maven2/org/sonatype/plexus/plexus-build-api/0.0.4/plexus-build-api-0.0.4.jar
                                       Downloaded: http://repo.maven.apache.org/maven2/org/apache/maven/doxia/doxia-sink-api/1.0-alpha-7/doxia-sink-api-1.0-alpha-7.jar (6 KB at 3.3 KB/sec)
Downloading: http://repo.maven.apache.org/maven2/org/codehaus/plexus/plexus-interpolation/1.13/plexus-interpolation-1.13.jar
                                       Downloaded: http://repo.maven.apache.org/maven2/org/codehaus/plexus/plexus-interactivity-api/1.0-alpha-4/plexus-interactivity-api-1.0-alpha-4.jar (14 KB at 6.6 KB/sec)
                                       Downloaded: http://repo.maven.apache.org/maven2/org/apache/maven/shared/maven-filtering/1.0/maven-filtering-1.0.jar (42 KB at 18.8 KB/sec)
                                       Downloaded: http://repo.maven.apache.org/maven2/commons-cli/commons-cli/1.0/commons-cli-1.0.jar (30 KB at 11.8 KB/sec)
705 B                                  2 KB    2 KB   3 KB   3 KB   4 KB   4 KB   5 KB   5 KB   6 KB   7 KB   7 KB   953 B   7 KB   2 KB    7 KB   2 KB   7 KB   3 KB   7 KB   4 KB   7 KB   4 KB   7 KB   4 KB   7 KB   5 KB   7 KB   5 KB   7 KB   6 KB   7 KB   6 KB   7 KB   7 KB   7 KB   7 KB   7 KB   8 KB   7 KB   8 KB   7 KB   9 KB   7 KB   9 KB   7 KB   10 KB   7 KB   10 KB   7 KB   11 KB   7 KB   11 KB   7 KB   12 KB   7 KB   12 KB   7 KB   13 KB   7 KB   13 KB   7 KB   14 KB   7 KB   14 KB   7 KB   15 KB   7 KB   15 KB   7 KB   16 KB   7 KB   16 KB   7 KB   17 KB   7 KB   17 KB   7 KB   18 KB   7 KB   18 KB   7 KB   18 KB   7 KB   19 KB   7 KB   19 KB   7 KB   20 KB   7 KB   20 KB   7 KB   21 KB   7 KB   21 KB   7 KB   21 KB   7 KB   22 KB   7 KB   23 KB   7 KB   23 KB   7 KB   24 KB   7 KB   24 KB   7 KB   24 KB   7 KB   25 KB   7 KB   26 KB   7 KB   26 KB   7 KB   27 KB   7 KB   27 KB   7 KB   28 KB   7 KB   28 KB   7 KB   29 KB   7 KB   29 KB   7 KB   29 KB   7 KB   30 KB   7 KB   30 KB   7 KB   31 KB   7 KB   32 KB   7 KB   32 KB   7 KB   33 KB   7 KB   33 KB   7 KB   34 KB   7 KB   34 KB   7 KB   35 KB   7 KB   35 KB   7 KB   36 KB   7 KB   36 KB   7 KB   37 KB   7 KB   37 KB   7 KB   38 KB   7 KB   38 KB   7 KB   39 KB   7 KB   39 KB   7 KB   40 KB   7 KB   40 KB   7 KB   41 KB   7 KB   41 KB   7 KB   42 KB   7 KB   42 KB   7 KB   43 KB   7 KB   43 KB   7 KB   44 KB   7 KB   44 KB   7 KB   45 KB   7 KB   45 KB   7 KB   45 KB   7 KB   46 KB   7 KB   46 KB   7 KB   47 KB   7 KB   47 KB   7 KB   48 KB   7 KB   48 KB   7 KB   49 KB   7 KB   49 KB   7 KB   50 KB   7 KB   50 KB   7 KB   51 KB   7 KB   51 KB   7 KB   52 KB   7 KB   52 KB   7 KB   53 KB   7 KB   53 KB   7 KB   54 KB   7 KB   56 KB   7 KB   60 KB   7 KB   60 KB                  Downloaded: http://repo.maven.apache.org/maven2/org/sonatype/plexus/plexus-build-api/0.0.4/plexus-build-api-0.0.4.jar (7 KB at 3.8 KB/sec)
               Downloaded: http://repo.maven.apache.org/maven2/org/codehaus/plexus/plexus-interpolation/1.13/plexus-interpolation-1.13.jar (60 KB at 34.1 KB/sec)
[debug] execute contextualize
[WARNING] Using platform encoding (ANSI_X3.4-1968 actually) to copy filtered resources, i.e. build is platform dependent!
[INFO] Copying 6 resources
[INFO] 
[INFO] --- maven-compiler-plugin:2.3.2:compile (default-compile) @ jline ---
Downloading: http://repo.maven.apache.org/maven2/org/apache/maven/maven-toolchain/1.0/maven-toolchain-1.0.pom
2 KB           4 KB          Downloaded: http://repo.maven.apache.org/maven2/org/apache/maven/maven-toolchain/1.0/maven-toolchain-1.0.pom (4 KB at 7.5 KB/sec)
Downloading: http://repo.maven.apache.org/maven2/org/codehaus/plexus/plexus-compiler-api/1.8.1/plexus-compiler-api-1.8.1.pom
805 B           Downloaded: http://repo.maven.apache.org/maven2/org/codehaus/plexus/plexus-compiler-api/1.8.1/plexus-compiler-api-1.8.1.pom (805 B at 1.6 KB/sec)
Downloading: http://repo.maven.apache.org/maven2/org/codehaus/plexus/plexus-compiler/1.8.1/plexus-compiler-1.8.1.pom
2 KB    4 KB          Downloaded: http://repo.maven.apache.org/maven2/org/codehaus/plexus/plexus-compiler/1.8.1/plexus-compiler-1.8.1.pom (4 KB at 6.8 KB/sec)
Downloading: http://repo.maven.apache.org/maven2/org/codehaus/plexus/plexus-components/1.1.18/plexus-components-1.1.18.pom
2 KB   4 KB   6 KB          Downloaded: http://repo.maven.apache.org/maven2/org/codehaus/plexus/plexus-components/1.1.18/plexus-components-1.1.18.pom (6 KB at 10.6 KB/sec)
Downloading: http://repo.maven.apache.org/maven2/org/codehaus/plexus/plexus/2.0.7/plexus-2.0.7.pom
711 B   3 KB    7 KB   9 KB   13 KB   17 KB   17 KB           Downloaded: http://repo.maven.apache.org/maven2/org/codehaus/plexus/plexus/2.0.7/plexus-2.0.7.pom (17 KB at 34.1 KB/sec)
Downloading: http://repo.maven.apache.org/maven2/org/codehaus/plexus/plexus-utils/1.5.5/plexus-utils-1.5.5.pom
2 KB    4 KB   6 KB          Downloaded: http://repo.maven.apache.org/maven2/org/codehaus/plexus/plexus-utils/1.5.5/plexus-utils-1.5.5.pom (6 KB at 10.2 KB/sec)
Downloading: http://repo.maven.apache.org/maven2/org/codehaus/plexus/plexus-compiler-manager/1.8.1/plexus-compiler-manager-1.8.1.pom
713 B           Downloaded: http://repo.maven.apache.org/maven2/org/codehaus/plexus/plexus-compiler-manager/1.8.1/plexus-compiler-manager-1.8.1.pom (713 B at 1.4 KB/sec)
Downloading: http://repo.maven.apache.org/maven2/org/codehaus/plexus/plexus-compiler-javac/1.8.1/plexus-compiler-javac-1.8.1.pom
710 B           Downloaded: http://repo.maven.apache.org/maven2/org/codehaus/plexus/plexus-compiler-javac/1.8.1/plexus-compiler-javac-1.8.1.pom (710 B at 1.4 KB/sec)
Downloading: http://repo.maven.apache.org/maven2/org/codehaus/plexus/plexus-compilers/1.8.1/plexus-compilers-1.8.1.pom
2 KB           Downloaded: http://repo.maven.apache.org/maven2/org/codehaus/plexus/plexus-compilers/1.8.1/plexus-compilers-1.8.1.pom (2 KB at 2.6 KB/sec)
Downloading: http://repo.maven.apache.org/maven2/org/codehaus/plexus/plexus-compiler-api/1.8.1/plexus-compiler-api-1.8.1.jar
Downloading: http://repo.maven.apache.org/maven2/org/codehaus/plexus/plexus-compiler-manager/1.8.1/plexus-compiler-manager-1.8.1.jar
Downloading: http://repo.maven.apache.org/maven2/org/codehaus/plexus/plexus-compiler-javac/1.8.1/plexus-compiler-javac-1.8.1.jar
834 B   2 KB    2 KB   3 KB   3 KB   3 KB   4 KB   4 KB   5 KB   5 KB   6 KB   6 KB   7 KB   7 KB   8 KB   8 KB   9 KB   9 KB   10 KB   10 KB   11 KB   12 KB   12 KB   12 KB   13 KB   14 KB   14 KB   15 KB   15 KB   16 KB   16 KB   17 KB   18 KB   20 KB   729 B   20 KB   2 KB   20 KB    2 KB   20 KB   3 KB   20 KB   4 KB   20 KB   4 KB   20 KB   6 KB   20 KB   6 KB   732 B   20 KB   6 KB   2 KB   20 KB    6 KB   2 KB   20 KB   6 KB   3 KB   20 KB   6 KB   3 KB   20 KB   6 KB   3 KB   20 KB   6 KB   4 KB   20 KB   6 KB   4 KB   20 KB   6 KB   5 KB   20 KB   6 KB   5 KB   20 KB   6 KB   6 KB   20 KB   6 KB   6 KB   20 KB   6 KB   7 KB   20 KB   6 KB   7 KB   20 KB   6 KB   8 KB   20 KB   6 KB   8 KB   20 KB   6 KB   9 KB   20 KB   6 KB   9 KB   20 KB   6 KB   10 KB   20 KB   6 KB   10 KB   20 KB   6 KB   11 KB   20 KB   6 KB   11 KB   20 KB   6 KB   13 KB   20 KB                          Downloaded: http://repo.maven.apache.org/maven2/org/codehaus/plexus/plexus-compiler-api/1.8.1/plexus-compiler-api-1.8.1.jar (20 KB at 19.7 KB/sec)
                       Downloaded: http://repo.maven.apache.org/maven2/org/codehaus/plexus/plexus-compiler-manager/1.8.1/plexus-compiler-manager-1.8.1.jar (6 KB at 4.2 KB/sec)
                       Downloaded: http://repo.maven.apache.org/maven2/org/codehaus/plexus/plexus-compiler-javac/1.8.1/plexus-compiler-javac-1.8.1.jar (13 KB at 8.2 KB/sec)
[WARNING] File encoding has not been set, using platform encoding ANSI_X3.4-1968, i.e. build is platform dependent!
[INFO] Compiling 21 source files to /build/src/jline-1.0/src/target/classes
[INFO] 
[INFO] --- maven-bundle-plugin:2.0.0:manifest (bundle-manifest) @ jline ---
Downloading: http://repo.maven.apache.org/maven2/biz/aQute/bndlib/0.0.311/bndlib-0.0.311.pom
864 B                          Downloaded: http://repo.maven.apache.org/maven2/biz/aQute/bndlib/0.0.311/bndlib-0.0.311.pom (864 B at 3.1 KB/sec)
Downloading: http://repo.maven.apache.org/maven2/net/sf/kxml/kxml2/2.2.2/kxml2-2.2.2.pom
2 KB    2 KB          Downloaded: http://repo.maven.apache.org/maven2/net/sf/kxml/kxml2/2.2.2/kxml2-2.2.2.pom (2 KB at 3.9 KB/sec)
Downloading: http://repo.maven.apache.org/maven2/xmlpull/xmlpull/1.1.3.1/xmlpull-1.1.3.1.pom
386 B           Downloaded: http://repo.maven.apache.org/maven2/xmlpull/xmlpull/1.1.3.1/xmlpull-1.1.3.1.pom (386 B at 0.8 KB/sec)
Downloading: http://repo.maven.apache.org/maven2/org/apache/felix/org.osgi.core/1.0.0/org.osgi.core-1.0.0.pom
849 B   3 KB           Downloaded: http://repo.maven.apache.org/maven2/org/apache/felix/org.osgi.core/1.0.0/org.osgi.core-1.0.0.pom (3 KB at 4.6 KB/sec)
Downloading: http://repo.maven.apache.org/maven2/org/apache/felix/felix/1.0.0/felix-1.0.0.pom
785 B   3 KB    5 KB   7 KB   11 KB   12 KB   12 KB           Downloaded: http://repo.maven.apache.org/maven2/org/apache/felix/felix/1.0.0/felix-1.0.0.pom (12 KB at 21.9 KB/sec)
Downloading: http://repo.maven.apache.org/maven2/org/apache/felix/org.osgi.service.obr/1.0.1/org.osgi.service.obr-1.0.1.pom
852 B   2 KB           Downloaded: http://repo.maven.apache.org/maven2/org/apache/felix/org.osgi.service.obr/1.0.1/org.osgi.service.obr-1.0.1.pom (2 KB at 3.5 KB/sec)
Downloading: http://repo.maven.apache.org/maven2/org/apache/maven/maven-project/2.0.7/maven-project-2.0.7.pom
821 B   3 KB           Downloaded: http://repo.maven.apache.org/maven2/org/apache/maven/maven-project/2.0.7/maven-project-2.0.7.pom (3 KB at 6.7 KB/sec)
Downloading: http://repo.maven.apache.org/maven2/org/apache/maven/maven/2.0.7/maven-2.0.7.pom
777 B   2 KB    5 KB   9 KB   10 KB   11 KB           Downloaded: http://repo.maven.apache.org/maven2/org/apache/maven/maven/2.0.7/maven-2.0.7.pom (11 KB at 20.0 KB/sec)
Downloading: http://repo.maven.apache.org/maven2/org/apache/maven/maven-settings/2.0.7/maven-settings-2.0.7.pom
830 B   2 KB           Downloaded: http://repo.maven.apache.org/maven2/org/apache/maven/maven-settings/2.0.7/maven-settings-2.0.7.pom (2 KB at 4.1 KB/sec)
Downloading: http://repo.maven.apache.org/maven2/org/apache/maven/maven-model/2.0.7/maven-model-2.0.7.pom
814 B   3 KB    3 KB          Downloaded: http://repo.maven.apache.org/maven2/org/apache/maven/maven-model/2.0.7/maven-model-2.0.7.pom (3 KB at 6.1 KB/sec)
Downloading: http://repo.maven.apache.org/maven2/org/apache/maven/maven-profile/2.0.7/maven-profile-2.0.7.pom
830 B   2 KB           Downloaded: http://repo.maven.apache.org/maven2/org/apache/maven/maven-profile/2.0.7/maven-profile-2.0.7.pom (2 KB at 3.9 KB/sec)
Downloading: http://repo.maven.apache.org/maven2/org/apache/maven/maven-artifact-manager/2.0.7/maven-artifact-manager-2.0.7.pom
820 B   3 KB           Downloaded: http://repo.maven.apache.org/maven2/org/apache/maven/maven-artifact-manager/2.0.7/maven-artifact-manager-2.0.7.pom (3 KB at 5.2 KB/sec)
Downloading: http://repo.maven.apache.org/maven2/org/apache/maven/maven-repository-metadata/2.0.7/maven-repository-metadata-2.0.7.pom
832 B   2 KB           Downloaded: http://repo.maven.apache.org/maven2/org/apache/maven/maven-repository-metadata/2.0.7/maven-repository-metadata-2.0.7.pom (2 KB at 3.5 KB/sec)
Downloading: http://repo.maven.apache.org/maven2/org/apache/maven/maven-artifact/2.0.7/maven-artifact-2.0.7.pom
835 B   2 KB           Downloaded: http://repo.maven.apache.org/maven2/org/apache/maven/maven-artifact/2.0.7/maven-artifact-2.0.7.pom (2 KB at 3.3 KB/sec)
Downloading: http://repo.maven.apache.org/maven2/org/apache/maven/maven-plugin-registry/2.0.7/maven-plugin-registry-2.0.7.pom
830 B   2 KB           Downloaded: http://repo.maven.apache.org/maven2/org/apache/maven/maven-plugin-registry/2.0.7/maven-plugin-registry-2.0.7.pom (2 KB at 3.8 KB/sec)
Downloading: http://repo.maven.apache.org/maven2/org/apache/maven/maven-plugin-api/2.0.7/maven-plugin-api-2.0.7.pom
847 B   2 KB           Downloaded: http://repo.maven.apache.org/maven2/org/apache/maven/maven-plugin-api/2.0.7/maven-plugin-api-2.0.7.pom (2 KB at 2.9 KB/sec)
Downloading: http://repo.maven.apache.org/maven2/org/apache/maven/maven-archiver/2.2/maven-archiver-2.2.pom
2 KB          Downloaded: http://repo.maven.apache.org/maven2/org/apache/maven/maven-archiver/2.2/maven-archiver-2.2.pom (2 KB at 2.3 KB/sec)
Downloading: http://repo.maven.apache.org/maven2/org/apache/maven/shared/maven-shared-components/3/maven-shared-components-3.pom
2 KB   2 KB          Downloaded: http://repo.maven.apache.org/maven2/org/apache/maven/shared/maven-shared-components/3/maven-shared-components-3.pom (2 KB at 4.2 KB/sec)
Downloading: http://repo.maven.apache.org/maven2/org/apache/maven/maven-parent/4/maven-parent-4.pom
778 B   3 KB    6 KB   9 KB   10 KB           Downloaded: http://repo.maven.apache.org/maven2/org/apache/maven/maven-parent/4/maven-parent-4.pom (10 KB at 20.3 KB/sec)
Downloading: http://repo.maven.apache.org/maven2/org/apache/maven/maven-project/2.0/maven-project-2.0.pom
2 KB           Downloaded: http://repo.maven.apache.org/maven2/org/apache/maven/maven-project/2.0/maven-project-2.0.pom (2 KB at 3.2 KB/sec)
Downloading: http://repo.maven.apache.org/maven2/org/apache/maven/maven/2.0/maven-2.0.pom
1014 B   5 KB     7 KB   9 KB          Downloaded: http://repo.maven.apache.org/maven2/org/apache/maven/maven/2.0/maven-2.0.pom (9 KB at 17.2 KB/sec)
Downloading: http://repo.maven.apache.org/maven2/org/apache/maven/maven-profile/2.0/maven-profile-2.0.pom
2 KB          Downloaded: http://repo.maven.apache.org/maven2/org/apache/maven/maven-profile/2.0/maven-profile-2.0.pom (2 KB at 2.7 KB/sec)
Downloading: http://repo.maven.apache.org/maven2/org/apache/maven/maven-model/2.0/maven-model-2.0.pom
3 KB   3 KB          Downloaded: http://repo.maven.apache.org/maven2/org/apache/maven/maven-model/2.0/maven-model-2.0.pom (3 KB at 4.8 KB/sec)
Downloading: http://repo.maven.apache.org/maven2/org/codehaus/plexus/plexus-container-default/1.0-alpha-8/plexus-container-default-1.0-alpha-8.pom
2 KB   5 KB   8 KB   8 KB          Downloaded: http://repo.maven.apache.org/maven2/org/codehaus/plexus/plexus-container-default/1.0-alpha-8/plexus-container-default-1.0-alpha-8.pom (8 KB at 14.3 KB/sec)
Downloading: http://repo.maven.apache.org/maven2/org/apache/maven/maven-artifact-manager/2.0/maven-artifact-manager-2.0.pom
2 KB          Downloaded: http://repo.maven.apache.org/maven2/org/apache/maven/maven-artifact-manager/2.0/maven-artifact-manager-2.0.pom (2 KB at 2.7 KB/sec)
Downloading: http://repo.maven.apache.org/maven2/org/apache/maven/maven-repository-metadata/2.0/maven-repository-metadata-2.0.pom
2 KB          Downloaded: http://repo.maven.apache.org/maven2/org/apache/maven/maven-repository-metadata/2.0/maven-repository-metadata-2.0.pom (2 KB at 2.4 KB/sec)
Downloading: http://repo.maven.apache.org/maven2/org/apache/maven/maven-artifact/2.0/maven-artifact-2.0.pom
723 B           Downloaded: http://repo.maven.apache.org/maven2/org/apache/maven/maven-artifact/2.0/maven-artifact-2.0.pom (723 B at 1.4 KB/sec)
Downloading: http://repo.maven.apache.org/maven2/org/codehaus/plexus/plexus-archiver/1.0-alpha-7/plexus-archiver-1.0-alpha-7.pom
2 KB           Downloaded: http://repo.maven.apache.org/maven2/org/codehaus/plexus/plexus-archiver/1.0-alpha-7/plexus-archiver-1.0-alpha-7.pom (2 KB at 2.1 KB/sec)
Downloading: http://repo.maven.apache.org/maven2/org/codehaus/plexus/plexus-components/1.1.6/plexus-components-1.1.6.pom
2 KB   2 KB          Downloaded: http://repo.maven.apache.org/maven2/org/codehaus/plexus/plexus-components/1.1.6/plexus-components-1.1.6.pom (2 KB at 3.4 KB/sec)
Downloading: http://repo.maven.apache.org/maven2/org/codehaus/plexus/plexus/1.0.8/plexus-1.0.8.pom
2 KB   5 KB   7 KB   8 KB          Downloaded: http://repo.maven.apache.org/maven2/org/codehaus/plexus/plexus/1.0.8/plexus-1.0.8.pom (8 KB at 15.6 KB/sec)
Downloading: http://repo.maven.apache.org/maven2/org/codehaus/plexus/plexus-utils/1.2/plexus-utils-1.2.pom
767 B           Downloaded: http://repo.maven.apache.org/maven2/org/codehaus/plexus/plexus-utils/1.2/plexus-utils-1.2.pom (767 B at 1.5 KB/sec)
Downloading: http://repo.maven.apache.org/maven2/org/codehaus/plexus/plexus/1.0.5/plexus-1.0.5.pom
2 KB    5 KB   6 KB          Downloaded: http://repo.maven.apache.org/maven2/org/codehaus/plexus/plexus/1.0.5/plexus-1.0.5.pom (6 KB at 11.7 KB/sec)
Downloading: http://repo.maven.apache.org/maven2/org/apache/maven/shared/maven-dependency-tree/1.1/maven-dependency-tree-1.1.pom
848 B   3 KB    3 KB          Downloaded: http://repo.maven.apache.org/maven2/org/apache/maven/shared/maven-dependency-tree/1.1/maven-dependency-tree-1.1.pom (3 KB at 4.6 KB/sec)
Downloading: http://repo.maven.apache.org/maven2/org/apache/maven/shared/maven-shared-components/8/maven-shared-components-8.pom
2 KB   3 KB          Downloaded: http://repo.maven.apache.org/maven2/org/apache/maven/shared/maven-shared-components/8/maven-shared-components-8.pom (3 KB at 5.3 KB/sec)
Downloading: http://repo.maven.apache.org/maven2/org/apache/maven/maven-parent/7/maven-parent-7.pom
753 B   3 KB    5 KB   8 KB   12 KB   12 KB   16 KB   16 KB   20 KB   21 KB   21 KB           Downloaded: http://repo.maven.apache.org/maven2/org/apache/maven/maven-parent/7/maven-parent-7.pom (21 KB at 41.9 KB/sec)
Downloading: http://repo.maven.apache.org/maven2/org/apache/maven/maven-project/2.0.8/maven-project-2.0.8.pom
822 B   3 KB           Downloaded: http://repo.maven.apache.org/maven2/org/apache/maven/maven-project/2.0.8/maven-project-2.0.8.pom (3 KB at 5.4 KB/sec)
Downloading: http://repo.maven.apache.org/maven2/org/apache/maven/maven/2.0.8/maven-2.0.8.pom
758 B   2 KB    5 KB   9 KB   10 KB   12 KB           Downloaded: http://repo.maven.apache.org/maven2/org/apache/maven/maven/2.0.8/maven-2.0.8.pom (12 KB at 43.0 KB/sec)
Downloading: http://repo.maven.apache.org/maven2/org/apache/maven/maven-parent/6/maven-parent-6.pom
755 B   3 KB    5 KB   8 KB   11 KB   12 KB   16 KB   16 KB   20 KB           Downloaded: http://repo.maven.apache.org/maven2/org/apache/maven/maven-parent/6/maven-parent-6.pom (20 KB at 39.9 KB/sec)
Downloading: http://repo.maven.apache.org/maven2/org/apache/maven/maven-settings/2.0.8/maven-settings-2.0.8.pom
829 B   3 KB           Downloaded: http://repo.maven.apache.org/maven2/org/apache/maven/maven-settings/2.0.8/maven-settings-2.0.8.pom (3 KB at 4.1 KB/sec)
Downloading: http://repo.maven.apache.org/maven2/org/apache/maven/maven-model/2.0.8/maven-model-2.0.8.pom
800 B   3 KB    4 KB          Downloaded: http://repo.maven.apache.org/maven2/org/apache/maven/maven-model/2.0.8/maven-model-2.0.8.pom (4 KB at 6.2 KB/sec)
Downloading: http://repo.maven.apache.org/maven2/org/codehaus/plexus/plexus-utils/1.4.6/plexus-utils-1.4.6.pom
2 KB   3 KB          Downloaded: http://repo.maven.apache.org/maven2/org/codehaus/plexus/plexus-utils/1.4.6/plexus-utils-1.4.6.pom (3 KB at 4.5 KB/sec)
Downloading: http://repo.maven.apache.org/maven2/org/apache/maven/maven-profile/2.0.8/maven-profile-2.0.8.pom
829 B   2 KB           Downloaded: http://repo.maven.apache.org/maven2/org/apache/maven/maven-profile/2.0.8/maven-profile-2.0.8.pom (2 KB at 4.0 KB/sec)
Downloading: http://repo.maven.apache.org/maven2/org/apache/maven/maven-artifact-manager/2.0.8/maven-artifact-manager-2.0.8.pom
819 B   3 KB           Downloaded: http://repo.maven.apache.org/maven2/org/apache/maven/maven-artifact-manager/2.0.8/maven-artifact-manager-2.0.8.pom (3 KB at 5.3 KB/sec)
Downloading: http://repo.maven.apache.org/maven2/org/apache/maven/maven-repository-metadata/2.0.8/maven-repository-metadata-2.0.8.pom
831 B   2 KB           Downloaded: http://repo.maven.apache.org/maven2/org/apache/maven/maven-repository-metadata/2.0.8/maven-repository-metadata-2.0.8.pom (2 KB at 3.8 KB/sec)
Downloading: http://repo.maven.apache.org/maven2/org/apache/maven/maven-artifact/2.0.8/maven-artifact-2.0.8.pom
835 B   2 KB           Downloaded: http://repo.maven.apache.org/maven2/org/apache/maven/maven-artifact/2.0.8/maven-artifact-2.0.8.pom (2 KB at 3.2 KB/sec)
Downloading: http://repo.maven.apache.org/maven2/org/apache/maven/maven-plugin-registry/2.0.8/maven-plugin-registry-2.0.8.pom
826 B   2 KB           Downloaded: http://repo.maven.apache.org/maven2/org/apache/maven/maven-plugin-registry/2.0.8/maven-plugin-registry-2.0.8.pom (2 KB at 4.0 KB/sec)
Downloading: http://repo.maven.apache.org/maven2/org/apache/maven/wagon/wagon-provider-api/1.0-beta-2/wagon-provider-api-1.0-beta-2.pom
680 B           Downloaded: http://repo.maven.apache.org/maven2/org/apache/maven/wagon/wagon-provider-api/1.0-beta-2/wagon-provider-api-1.0-beta-2.pom (680 B at 1.3 KB/sec)
Downloading: http://repo.maven.apache.org/maven2/org/apache/maven/wagon/wagon/1.0-beta-2/wagon-1.0-beta-2.pom
2 KB    5 KB   6 KB          Downloaded: http://repo.maven.apache.org/maven2/org/apache/maven/wagon/wagon/1.0-beta-2/wagon-1.0-beta-2.pom (6 KB at 11.6 KB/sec)
Downloading: http://repo.maven.apache.org/maven2/org/codehaus/plexus/plexus-utils/1.4.7/plexus-utils-1.4.7.pom
2 KB   3 KB          Downloaded: http://repo.maven.apache.org/maven2/org/codehaus/plexus/plexus-utils/1.4.7/plexus-utils-1.4.7.pom (3 KB at 4.5 KB/sec)
Downloading: http://repo.maven.apache.org/maven2/biz/aQute/bndlib/0.0.311/bndlib-0.0.311.jar
Downloading: http://repo.maven.apache.org/maven2/net/sf/kxml/kxml2/2.2.2/kxml2-2.2.2.jar
Downloading: http://repo.maven.apache.org/maven2/xmlpull/xmlpull/1.1.3.1/xmlpull-1.1.3.1.jar
Downloading: http://repo.maven.apache.org/maven2/org/apache/felix/org.osgi.core/1.0.0/org.osgi.core-1.0.0.jar
Downloading: http://repo.maven.apache.org/maven2/org/apache/felix/org.osgi.service.obr/1.0.1/org.osgi.service.obr-1.0.1.jar
465 B   993 B   2 KB    2 KB   3 KB   3 KB   4 KB   4 KB   4 KB   5 KB   6 KB   6 KB   7 KB   7 KB   8 KB   8 KB   9 KB   9 KB   9 KB   10 KB   10 KB   11 KB   12 KB   12 KB   13 KB   13 KB   14 KB   14 KB   15 KB   15 KB   16 KB   16 KB   17 KB   17 KB   17 KB   18 KB   18 KB   19 KB   19 KB   20 KB   20 KB   21 KB   21 KB   22 KB   22 KB   23 KB   23 KB   24 KB   24 KB   24 KB   25 KB   25 KB   26 KB   26 KB   27 KB   27 KB   28 KB   28 KB   29 KB   29 KB   30 KB   30 KB   31 KB   31 KB   31 KB   32 KB   32 KB   33 KB   33 KB   34 KB   34 KB   35 KB   35 KB   36 KB   36 KB   37 KB   37 KB   38 KB   38 KB   38 KB   39 KB   39 KB   40 KB   40 KB   41 KB   41 KB   42 KB   42 KB   43 KB   43 KB   44 KB   44 KB   45 KB   45 KB   46 KB   46 KB   46 KB   47 KB   47 KB   48 KB   48 KB   49 KB   49 KB   50 KB   50 KB   50 KB   51 KB   51 KB   52 KB   52 KB   53 KB   53 KB   54 KB   54 KB   55 KB   55 KB   56 KB   56 KB   56 KB   57 KB   57 KB   58 KB   58 KB   59 KB   59 KB   60 KB   60 KB   61 KB   61 KB   62 KB   62 KB   63 KB   63 KB   64 KB   64 KB   65 KB   65 KB   66 KB   66 KB   66 KB   67 KB   67 KB   68 KB   68 KB   69 KB   69 KB   70 KB   70 KB   71 KB   71 KB   72 KB   72 KB   73 KB   73 KB   74 KB   74 KB   75 KB   75 KB   76 KB   76 KB   77 KB   77 KB   78 KB   78 KB   78 KB   79 KB   79 KB   80 KB   80 KB   81 KB   81 KB   82 KB   82 KB   82 KB   83 KB   83 KB   84 KB   84 KB   85 KB   85 KB   86 KB   86 KB   87 KB   87 KB   88 KB   88 KB   88 KB   89 KB   89 KB   90 KB   90 KB   91 KB   91 KB   92 KB   92 KB   93 KB   93 KB   94 KB   94 KB   95 KB   95 KB   96 KB   96 KB   96 KB   97 KB   98 KB   98 KB   99 KB   99 KB   100 KB   100 KB   101 KB   101 KB   102 KB   102 KB   103 KB   103 KB   104 KB   104 KB   105 KB   105 KB   105 KB   106 KB   106 KB   107 KB   107 KB   108 KB   108 KB   109 KB   109 KB   110 KB   110 KB   111 KB   111 KB   112 KB   112 KB   113 KB   113 KB   114 KB   114 KB   115 KB   115 KB   115 KB   116 KB   116 KB   117 KB   117 KB   118 KB   118 KB   118 KB   119 KB   119 KB   120 KB   120 KB   121 KB   121 KB   122 KB   122 KB   123 KB   123 KB   124 KB   124 KB   125 KB   125 KB   126 KB   126 KB   127 KB   127 KB   128 KB   128 KB   128 KB   129 KB   129 KB   130 KB   130 KB   131 KB   131 KB   132 KB   132 KB   133 KB   133 KB   134 KB   134 KB   135 KB   135 KB   136 KB   136 KB   137 KB   137 KB   138 KB   138 KB   139 KB   139 KB   140 KB   140 KB   141 KB   141 KB   142 KB   142 KB   143 KB   143 KB   144 KB   145 KB   145 KB   145 KB   146 KB   146 KB   148 KB   150 KB   151 KB   465 B   151 KB   2 KB   151 KB    2 KB   151 KB   3 KB   151 KB   3 KB   151 KB   3 KB   151 KB   4 KB   151 KB   4 KB   151 KB   5 KB   151 KB   5 KB   151 KB   6 KB   151 KB   6 KB   151 KB   7 KB   151 KB   7 KB   151 KB   8 KB   151 KB   8 KB   151 KB   9 KB   151 KB   9 KB   151 KB   10 KB   151 KB   10 KB   151 KB   11 KB   151 KB   11 KB   151 KB   12 KB   151 KB   12 KB   151 KB   13 KB   151 KB   14 KB   151 KB   14 KB   151 KB   15 KB   151 KB   15 KB   151 KB   16 KB   151 KB   16 KB   151 KB   17 KB   151 KB   17 KB   151 KB   17 KB   151 KB   18 KB   151 KB   18 KB   151 KB   18 KB   151 KB   19 KB   151 KB   19 KB   151 KB   20 KB   151 KB   20 KB   151 KB   21 KB   151 KB   21 KB   151 KB   22 KB   151 KB   23 KB   151 KB   23 KB   151 KB   24 KB   151 KB   24 KB   151 KB   25 KB   151 KB   25 KB   151 KB   26 KB   151 KB   26 KB   151 KB   27 KB   151 KB   27 KB   151 KB   27 KB   151 KB   28 KB   151 KB   29 KB   151 KB   29 KB   151 KB   30 KB   151 KB   30 KB   151 KB   31 KB   151 KB   31 KB   151 KB   32 KB   151 KB   32 KB   151 KB   33 KB   151 KB   33 KB   151 KB   34 KB   151 KB   34 KB   151 KB   35 KB   151 KB   35 KB   151 KB   36 KB   151 KB   36 KB   151 KB   37 KB   151 KB   38 KB   151 KB   38 KB   151 KB   38 KB   151 KB   39 KB   151 KB   39 KB   151 KB   40 KB   151 KB   41 KB   151 KB   41 KB   151 KB   42 KB   151 KB   42 KB   151 KB   43 KB   151 KB   43 KB   151 KB   43 KB   151 KB   44 KB   151 KB   45 KB   151 KB   45 KB   151 KB   46 KB   151 KB   46 KB   151 KB   47 KB   151 KB   48 KB   151 KB   48 KB   151 KB   49 KB   151 KB   49 KB   151 KB   49 KB   151 KB   50 KB   151 KB   51 KB   151 KB   51 KB   151 KB   52 KB   151 KB   53 KB   151 KB   53 KB   151 KB   54 KB   151 KB   56 KB   151 KB   60 KB   151 KB   60 KB   151 KB   60 KB   151 KB   614 B   60 KB   151 KB   2 KB    60 KB   151 KB   2 KB   60 KB   151 KB   3 KB   60 KB   151 KB   3 KB   60 KB   151 KB   3 KB   60 KB   151 KB   4 KB   60 KB   151 KB   4 KB   60 KB   151 KB   5 KB   60 KB   151 KB   5 KB   60 KB   151 KB   6 KB   60 KB   151 KB   6 KB   60 KB   151 KB   7 KB   60 KB   151 KB   7 KB   60 KB   151 KB   8 KB   60 KB   151 KB   8 KB   60 KB   151 KB   9 KB   60 KB   151 KB   11 KB   60 KB   591 B   151 KB   11 KB   60 KB   2 KB   151 KB   11 KB    60 KB   2 KB   151 KB   11 KB   60 KB   3 KB   151 KB   11 KB   60 KB   3 KB   151 KB   11 KB   60 KB   3 KB   151 KB   11 KB   60 KB   4 KB   151 KB   11 KB   60 KB   4 KB   151 KB   11 KB   60 KB   5 KB   151 KB   11 KB   60 KB   5 KB   151 KB   11 KB   60 KB   6 KB   151 KB   11 KB   60 KB   6 KB   151 KB   11 KB   60 KB   7 KB   151 KB   11 KB   60 KB   7 KB   151 KB   11 KB   60 KB   7 KB   151 KB   11 KB   60 KB   8 KB   151 KB   11 KB   60 KB   8 KB   151 KB   11 KB   60 KB   9 KB   151 KB   11 KB   60 KB   9 KB   151 KB   11 KB   60 KB   10 KB   151 KB   11 KB   60 KB   10 KB   151 KB   11 KB   60 KB   11 KB   151 KB   11 KB   60 KB   11 KB   151 KB   11 KB   60 KB   12 KB   151 KB   11 KB   60 KB   12 KB   151 KB   11 KB   60 KB   13 KB   151 KB   11 KB   60 KB   13 KB   151 KB   11 KB   60 KB   14 KB   151 KB   11 KB   60 KB   14 KB   151 KB   11 KB   60 KB   15 KB   151 KB   11 KB   60 KB   15 KB   151 KB   11 KB   60 KB   16 KB   151 KB   11 KB   60 KB   16 KB   151 KB   11 KB   60 KB   17 KB   151 KB   11 KB   60 KB   17 KB   151 KB   11 KB   60 KB   17 KB   151 KB   11 KB   60 KB   18 KB   151 KB   11 KB   60 KB   18 KB   151 KB   11 KB   60 KB   19 KB   151 KB   11 KB   60 KB   19 KB   151 KB   11 KB   60 KB   19 KB   151 KB   11 KB   60 KB   20 KB   151 KB   11 KB   60 KB   20 KB   151 KB   11 KB   60 KB   21 KB   151 KB   11 KB   60 KB   21 KB   151 KB   11 KB   60 KB   22 KB   151 KB   11 KB   60 KB   22 KB   151 KB   11 KB   60 KB   23 KB   151 KB   11 KB   60 KB   23 KB   151 KB   11 KB   60 KB   24 KB   151 KB   11 KB   60 KB   24 KB   151 KB   11 KB   60 KB   25 KB   151 KB   11 KB   60 KB   25 KB   151 KB   11 KB   60 KB   26 KB   151 KB   11 KB   60 KB   26 KB   151 KB   11 KB   60 KB   27 KB   151 KB   11 KB   60 KB   27 KB   151 KB   11 KB   60 KB   28 KB   151 KB   11 KB   60 KB   28 KB   151 KB   11 KB   60 KB   29 KB   151 KB   11 KB   60 KB   29 KB   151 KB   11 KB   60 KB   30 KB   151 KB   11 KB   60 KB   30 KB   151 KB   11 KB   60 KB   31 KB   151 KB   11 KB   60 KB   31 KB   151 KB   11 KB   60 KB   32 KB   151 KB   11 KB   60 KB   32 KB   151 KB   11 KB   60 KB   33 KB   151 KB   11 KB   60 KB   33 KB   151 KB   11 KB   60 KB   33 KB   151 KB   11 KB   60 KB   34 KB   151 KB   11 KB   60 KB   34 KB   151 KB   11 KB   60 KB   35 KB   151 KB   11 KB   60 KB   35 KB   151 KB   11 KB   60 KB   36 KB   151 KB   11 KB   60 KB   36 KB   151 KB   11 KB   60 KB   37 KB   151 KB   11 KB   60 KB   37 KB   151 KB   11 KB   60 KB   38 KB   151 KB   11 KB   60 KB   38 KB   151 KB   11 KB   60 KB   39 KB   151 KB   11 KB   60 KB   39 KB   151 KB   11 KB   60 KB   40 KB   151 KB   11 KB   60 KB   40 KB   151 KB   11 KB   60 KB   41 KB   151 KB   11 KB   60 KB   43 KB   151 KB   11 KB   60 KB   43 KB   151 KB   11 KB   60 KB   43 KB   151 KB   11 KB   636 B   60 KB   43 KB   151 KB   11 KB   2 KB    60 KB   43 KB   151 KB   11 KB   2 KB   60 KB   43 KB   151 KB   11 KB   3 KB   60 KB   43 KB   151 KB   11 KB   3 KB   60 KB   43 KB   151 KB   11 KB   3 KB   60 KB   43 KB   151 KB   11 KB   4 KB   60 KB   43 KB   151 KB   11 KB   4 KB   60 KB   43 KB   151 KB   11 KB   5 KB   60 KB   43 KB   151 KB   11 KB   5 KB   60 KB   43 KB   151 KB   11 KB   6 KB   60 KB   43 KB   151 KB   11 KB   6 KB   60 KB   43 KB   151 KB   11 KB   7 KB   60 KB   43 KB   151 KB   11 KB   8 KB                                           Downloaded: http://repo.maven.apache.org/maven2/biz/aQute/bndlib/0.0.311/bndlib-0.0.311.jar (151 KB at 102.4 KB/sec)
Downloading: http://repo.maven.apache.org/maven2/org/apache/maven/maven-archiver/2.2/maven-archiver-2.2.jar
                                        Downloaded: http://repo.maven.apache.org/maven2/org/apache/felix/org.osgi.core/1.0.0/org.osgi.core-1.0.0.jar (60 KB at 34.6 KB/sec)
Downloading: http://repo.maven.apache.org/maven2/org/apache/maven/shared/maven-dependency-tree/1.1/maven-dependency-tree-1.1.jar
                                        Downloaded: http://repo.maven.apache.org/maven2/org/apache/felix/org.osgi.service.obr/1.0.1/org.osgi.service.obr-1.0.1.jar (11 KB at 5.2 KB/sec)
Downloading: http://repo.maven.apache.org/maven2/org/codehaus/plexus/plexus-archiver/1.0-alpha-7/plexus-archiver-1.0-alpha-7.jar
                                        Downloaded: http://repo.maven.apache.org/maven2/net/sf/kxml/kxml2/2.2.2/kxml2-2.2.2.jar (43 KB at 19.0 KB/sec)
Downloading: http://repo.maven.apache.org/maven2/org/codehaus/plexus/plexus-utils/1.4.7/plexus-utils-1.4.7.jar
                                        Downloaded: http://repo.maven.apache.org/maven2/xmlpull/xmlpull/1.1.3.1/xmlpull-1.1.3.1.jar (8 KB at 2.8 KB/sec)
634 B                                   2 KB    2 KB   2 KB   3 KB   3 KB   4 KB   4 KB   5 KB   5 KB   6 KB   6 KB   7 KB   7 KB   8 KB   8 KB   9 KB   10 KB   10 KB   896 B   10 KB   2 KB   10 KB    2 KB   10 KB   3 KB   10 KB   3 KB   10 KB   3 KB   10 KB   4 KB   10 KB   4 KB   10 KB   5 KB   10 KB   5 KB   10 KB   6 KB   10 KB   6 KB   10 KB   7 KB   10 KB   7 KB   10 KB   8 KB   10 KB   8 KB   10 KB   9 KB   10 KB   9 KB   10 KB   10 KB   10 KB   10 KB   10 KB   11 KB   10 KB   11 KB   10 KB   12 KB   10 KB   12 KB   10 KB   13 KB   10 KB   13 KB   10 KB   14 KB   10 KB   14 KB   10 KB   15 KB   10 KB   15 KB   10 KB   16 KB   10 KB   16 KB   10 KB   17 KB   10 KB   17 KB   10 KB   18 KB   10 KB   18 KB   10 KB   19 KB   10 KB   19 KB   10 KB   20 KB   10 KB   20 KB   10 KB   21 KB   10 KB   21 KB   10 KB   22 KB   10 KB   22 KB   10 KB   23 KB   10 KB   24 KB   10 KB   24 KB   10 KB   24 KB   10 KB   25 KB   10 KB   26 KB   10 KB   26 KB   10 KB   27 KB   10 KB   27 KB   10 KB   28 KB   10 KB   28 KB   10 KB   29 KB   10 KB   29 KB   10 KB   31 KB   10 KB   34 KB   10 KB   34 KB   10 KB   2 KB   34 KB   10 KB   2 KB   34 KB   10 KB   3 KB   34 KB   10 KB   3 KB   34 KB   10 KB   4 KB   34 KB   10 KB   4 KB   34 KB   10 KB   4 KB   34 KB   10 KB   5 KB   34 KB   10 KB   5 KB   34 KB   10 KB   6 KB   34 KB   10 KB   6 KB   34 KB   10 KB   7 KB   34 KB   10 KB   7 KB   34 KB   10 KB   8 KB   34 KB   10 KB   8 KB   34 KB   10 KB   9 KB   34 KB   10 KB   9 KB   34 KB   10 KB   10 KB   34 KB   10 KB   10 KB   34 KB   10 KB   11 KB   34 KB   10 KB   12 KB   34 KB   10 KB   12 KB   34 KB   10 KB   13 KB   34 KB   10 KB   13 KB   34 KB   10 KB   14 KB   34 KB   10 KB   14 KB   34 KB   10 KB   15 KB   34 KB   10 KB   15 KB   34 KB   10 KB   16 KB   34 KB   10 KB   16 KB   34 KB   10 KB   16 KB   34 KB   10 KB   17 KB   34 KB   10 KB   17 KB   34 KB   10 KB   18 KB   34 KB   10 KB   18 KB   34 KB   10 KB   19 KB   34 KB   10 KB   19 KB   34 KB   10 KB   19 KB   34 KB   10 KB   20 KB   34 KB   10 KB   20 KB   34 KB   10 KB   21 KB   34 KB   10 KB   21 KB   34 KB   10 KB   22 KB   34 KB   10 KB   22 KB   34 KB   10 KB   23 KB   34 KB   10 KB   23 KB   34 KB   10 KB   24 KB   34 KB   10 KB   24 KB   34 KB   10 KB   25 KB   34 KB   10 KB   25 KB   34 KB   10 KB   26 KB   34 KB   10 KB   26 KB   34 KB   10 KB   26 KB   34 KB   10 KB   27 KB   34 KB   10 KB   27 KB   34 KB   10 KB   28 KB   34 KB   10 KB   28 KB   34 KB   10 KB   29 KB   34 KB   10 KB   29 KB   34 KB   10 KB   30 KB   34 KB   10 KB   30 KB   34 KB   10 KB   31 KB   34 KB   10 KB   31 KB   34 KB   10 KB   32 KB   34 KB   10 KB   32 KB   34 KB   10 KB   33 KB   34 KB   10 KB   33 KB   34 KB   10 KB   34 KB   34 KB   10 KB   34 KB   34 KB   10 KB   35 KB   34 KB   10 KB   35 KB   34 KB   10 KB   36 KB   34 KB   10 KB   36 KB   34 KB   10 KB   36 KB   34 KB   10 KB   37 KB   34 KB   10 KB   37 KB   34 KB   10 KB   38 KB   34 KB   10 KB   38 KB   34 KB   10 KB   39 KB   34 KB   10 KB   39 KB   34 KB   10 KB   40 KB   34 KB   10 KB   40 KB   34 KB   10 KB   41 KB   34 KB   10 KB   41 KB   34 KB   10 KB   42 KB   34 KB   10 KB   42 KB   34 KB   10 KB   43 KB   34 KB   10 KB   43 KB   34 KB   10 KB   44 KB   34 KB   10 KB   44 KB   34 KB   10 KB   45 KB   34 KB   10 KB   45 KB   34 KB   10 KB   46 KB   34 KB   10 KB   46 KB   34 KB   10 KB   47 KB   34 KB   10 KB   48 KB   34 KB   10 KB   48 KB   34 KB   10 KB   48 KB   34 KB   10 KB   49 KB   34 KB   10 KB   49 KB   34 KB   10 KB   50 KB   34 KB   10 KB   50 KB   34 KB   10 KB   51 KB   34 KB   10 KB   51 KB   34 KB   10 KB   51 KB   34 KB   10 KB   52 KB   34 KB   10 KB   52 KB   34 KB   10 KB   53 KB   34 KB   10 KB   53 KB   34 KB   10 KB   54 KB   34 KB   10 KB   54 KB   34 KB   10 KB   55 KB   34 KB   10 KB   55 KB   34 KB   10 KB   55 KB   34 KB   10 KB   56 KB   34 KB   10 KB   57 KB   34 KB   10 KB   57 KB   34 KB   10 KB   58 KB   34 KB   10 KB   58 KB   34 KB   10 KB   58 KB   34 KB   10 KB   59 KB   34 KB   10 KB   59 KB   34 KB   10 KB   60 KB   34 KB   10 KB   60 KB   34 KB   10 KB   61 KB   34 KB   10 KB   61 KB   34 KB   10 KB   62 KB   34 KB   10 KB   62 KB   34 KB   10 KB   63 KB   34 KB   10 KB   63 KB   34 KB   10 KB   64 KB   34 KB   10 KB   64 KB   34 KB   10 KB   65 KB   34 KB   10 KB   65 KB   34 KB   10 KB   66 KB   34 KB   10 KB   66 KB   34 KB   10 KB   67 KB   34 KB   10 KB   67 KB   34 KB   10 KB   68 KB   34 KB   10 KB   68 KB   34 KB   10 KB   69 KB   34 KB   10 KB   69 KB   34 KB   10 KB   70 KB   34 KB   10 KB   70 KB   34 KB   10 KB   71 KB   34 KB   10 KB   71 KB   34 KB   10 KB   72 KB   34 KB   10 KB   72 KB   34 KB   10 KB   73 KB   34 KB   10 KB   73 KB   34 KB   10 KB   74 KB   34 KB   10 KB   74 KB   34 KB   10 KB   74 KB   34 KB   10 KB   75 KB   34 KB   10 KB   76 KB   34 KB   10 KB   76 KB   34 KB   10 KB   77 KB   34 KB   10 KB   77 KB   34 KB   10 KB   78 KB   34 KB   10 KB   78 KB   34 KB   10 KB   79 KB   34 KB   10 KB   79 KB   34 KB   10 KB   80 KB   34 KB   10 KB   80 KB   34 KB   10 KB   80 KB   34 KB   10 KB   81 KB   34 KB   10 KB   81 KB   34 KB   10 KB   82 KB   34 KB   10 KB   82 KB   34 KB   10 KB   83 KB   34 KB   10 KB   83 KB   34 KB   10 KB   84 KB   34 KB   10 KB   84 KB   34 KB   10 KB   84 KB   34 KB   10 KB   85 KB   34 KB   10 KB   85 KB   34 KB   10 KB   86 KB   34 KB   10 KB   86 KB   34 KB   10 KB   87 KB   34 KB   10 KB   87 KB   34 KB   10 KB   88 KB   34 KB   10 KB   88 KB   34 KB   10 KB   89 KB   34 KB   10 KB   89 KB   34 KB   10 KB   90 KB   34 KB   10 KB   90 KB   34 KB   10 KB   91 KB   34 KB   10 KB   91 KB   34 KB   10 KB   92 KB   34 KB   10 KB   92 KB   34 KB   10 KB   93 KB   34 KB   10 KB   93 KB   34 KB   10 KB   94 KB   34 KB   10 KB   94 KB   34 KB   10 KB   95 KB   34 KB   10 KB   95 KB   34 KB   10 KB   96 KB   34 KB   10 KB   96 KB   34 KB   10 KB   97 KB   34 KB   10 KB   97 KB   34 KB   10 KB   98 KB   34 KB   10 KB   98 KB   34 KB   10 KB   99 KB   34 KB   10 KB   99 KB   34 KB   10 KB   100 KB   34 KB   10 KB   100 KB   34 KB   10 KB   100 KB   34 KB   10 KB   101 KB   34 KB   10 KB   101 KB   34 KB   10 KB   102 KB   34 KB   10 KB   102 KB   34 KB   10 KB   103 KB   34 KB   10 KB   103 KB   34 KB   10 KB   104 KB   34 KB   10 KB   104 KB   34 KB   10 KB   105 KB   34 KB   10 KB   105 KB   34 KB   10 KB   106 KB   34 KB   10 KB   106 KB   34 KB   10 KB   107 KB   34 KB   10 KB   107 KB   34 KB   10 KB   107 KB   34 KB   10 KB   108 KB   34 KB   10 KB   109 KB   34 KB   10 KB   109 KB   34 KB   10 KB   109 KB   34 KB   10 KB   110 KB   34 KB   10 KB   110 KB   34 KB   10 KB   111 KB   34 KB   10 KB   111 KB   34 KB   10 KB   112 KB   34 KB   10 KB   112 KB   34 KB   10 KB   113 KB   34 KB   10 KB   113 KB   34 KB   10 KB   114 KB   34 KB   10 KB   114 KB   34 KB   10 KB   115 KB   34 KB   10 KB   115 KB   34 KB   10 KB   116 KB   34 KB   10 KB   116 KB   34 KB   10 KB   117 KB   34 KB   10 KB   117 KB   34 KB   10 KB   117 KB   34 KB   10 KB   118 KB   34 KB   10 KB   118 KB   34 KB   10 KB   119 KB   34 KB   10 KB   119 KB   34 KB   10 KB   120 KB   34 KB   10 KB   120 KB   34 KB   10 KB   121 KB   34 KB   10 KB   121 KB   34 KB   10 KB   122 KB   34 KB   10 KB   122 KB   34 KB   10 KB   122 KB   34 KB   10 KB   123 KB   34 KB   10 KB   124 KB   34 KB   10 KB   124 KB   34 KB   10 KB   125 KB   34 KB   10 KB   125 KB   34 KB   10 KB   125 KB   34 KB   10 KB   126 KB   34 KB   10 KB   126 KB   34 KB   10 KB   127 KB   34 KB   10 KB   127 KB   34 KB   10 KB   128 KB   34 KB   10 KB   128 KB   34 KB   10 KB   129 KB   34 KB   10 KB   130 KB   34 KB   10 KB   130 KB   34 KB   10 KB   133 KB   34 KB   10 KB   134 KB   34 KB   10 KB   136 KB   34 KB   10 KB   139 KB   34 KB   10 KB   139 KB   2 KB   34 KB   10 KB   139 KB   2 KB   34 KB   10 KB   139 KB   2 KB   34 KB   10 KB   139 KB   3 KB   34 KB   10 KB   139 KB   3 KB   34 KB   10 KB   139 KB   4 KB   34 KB   10 KB   139 KB   4 KB   34 KB   10 KB   139 KB   5 KB   34 KB   10 KB   139 KB   5 KB   34 KB   10 KB   139 KB   6 KB   34 KB   10 KB   139 KB   6 KB   34 KB   10 KB   139 KB   7 KB   34 KB   10 KB   139 KB   7 KB   34 KB   10 KB   139 KB   8 KB   34 KB   10 KB   139 KB   8 KB   34 KB   10 KB   139 KB   9 KB   34 KB   10 KB   139 KB   9 KB   34 KB   10 KB   139 KB   10 KB   34 KB   10 KB   139 KB   10 KB   34 KB   10 KB   139 KB   11 KB   34 KB   10 KB   139 KB   11 KB   34 KB   10 KB   139 KB   12 KB   34 KB   10 KB   139 KB   12 KB   34 KB   10 KB   139 KB   12 KB   34 KB   10 KB   139 KB   13 KB   34 KB   10 KB   139 KB   13 KB   34 KB   10 KB   139 KB   14 KB   34 KB   10 KB   139 KB   14 KB   34 KB   10 KB   139 KB   15 KB   34 KB   10 KB   139 KB   15 KB   34 KB   10 KB   139 KB   16 KB   34 KB   10 KB   139 KB   16 KB   34 KB   10 KB   139 KB   17 KB   34 KB   10 KB   139 KB   17 KB   34 KB   10 KB   139 KB   18 KB   34 KB   10 KB   139 KB   18 KB   34 KB   10 KB   139 KB   18 KB   34 KB   10 KB   139 KB   19 KB   34 KB   10 KB   139 KB   19 KB   34 KB   10 KB   139 KB   20 KB   34 KB   10 KB   139 KB   20 KB   34 KB   10 KB   139 KB   21 KB   34 KB   10 KB   139 KB   21 KB   34 KB   10 KB   139 KB   22 KB   34 KB   10 KB   139 KB   22 KB   34 KB   10 KB   139 KB   23 KB   34 KB   10 KB   139 KB   23 KB   34 KB   10 KB   139 KB   24 KB   34 KB   10 KB   139 KB   24 KB   34 KB   10 KB   139 KB   25 KB   34 KB   10 KB   139 KB   25 KB   34 KB   10 KB   139 KB   25 KB   34 KB   10 KB   139 KB   26 KB   34 KB   10 KB   139 KB   27 KB   34 KB   10 KB   139 KB   27 KB   34 KB   10 KB   139 KB   28 KB   34 KB   10 KB   139 KB   28 KB   34 KB   10 KB   139 KB   28 KB   34 KB   10 KB   139 KB   29 KB   34 KB   10 KB   139 KB   30 KB   34 KB   10 KB   139 KB   30 KB   34 KB   10 KB   139 KB   30 KB   34 KB   10 KB   139 KB   31 KB   34 KB   10 KB   139 KB   31 KB   34 KB   10 KB   139 KB   32 KB   34 KB   10 KB   139 KB   32 KB   34 KB   10 KB   139 KB   33 KB   34 KB   10 KB   139 KB   33 KB   34 KB   10 KB   139 KB   34 KB   34 KB   10 KB   139 KB   34 KB   34 KB   10 KB   139 KB   35 KB   34 KB   10 KB   139 KB   35 KB   34 KB   10 KB   139 KB   36 KB   34 KB   10 KB   139 KB   36 KB   34 KB   10 KB   139 KB   37 KB   34 KB   10 KB   139 KB   37 KB   34 KB   10 KB   139 KB   37 KB   34 KB   10 KB   139 KB   38 KB   34 KB   10 KB   139 KB   39 KB   34 KB   10 KB   139 KB   39 KB   34 KB   10 KB   139 KB   40 KB   34 KB   10 KB   139 KB   40 KB   34 KB   10 KB   139 KB   40 KB   34 KB   10 KB   139 KB   41 KB   34 KB   10 KB   139 KB   41 KB   34 KB   10 KB   139 KB   42 KB   34 KB   10 KB   139 KB   42 KB   34 KB   10 KB   139 KB   43 KB   34 KB   10 KB   139 KB   43 KB   34 KB   10 KB   139 KB   44 KB   34 KB   10 KB   139 KB   44 KB   34 KB   10 KB   139 KB   45 KB   34 KB   10 KB   139 KB   45 KB   34 KB   10 KB   139 KB   46 KB   34 KB   10 KB   139 KB   46 KB   34 KB   10 KB   139 KB   47 KB   34 KB   10 KB   139 KB   47 KB   34 KB   10 KB   139 KB   47 KB   34 KB   10 KB   139 KB   48 KB   34 KB   10 KB   139 KB   48 KB   34 KB   10 KB   139 KB   49 KB   34 KB   10 KB   139 KB   49 KB   34 KB   10 KB   139 KB   50 KB   34 KB   10 KB   139 KB   50 KB   34 KB   10 KB   139 KB   50 KB   34 KB   10 KB   139 KB   51 KB   34 KB   10 KB   139 KB   51 KB   34 KB   10 KB   139 KB   52 KB   34 KB   10 KB   139 KB   52 KB   34 KB   10 KB   139 KB   53 KB   34 KB   10 KB   139 KB   53 KB   34 KB   10 KB   139 KB   54 KB   34 KB   10 KB   139 KB   54 KB   34 KB   10 KB   139 KB   55 KB   34 KB   10 KB   139 KB   55 KB   34 KB   10 KB   139 KB   55 KB   34 KB   10 KB   139 KB   56 KB   34 KB   10 KB   139 KB   56 KB   34 KB   10 KB   139 KB   57 KB   34 KB   10 KB   139 KB   57 KB   34 KB   10 KB   139 KB   58 KB   34 KB   10 KB   139 KB   58 KB   34 KB   10 KB   139 KB   59 KB   34 KB   10 KB   139 KB   59 KB   34 KB   10 KB   139 KB   60 KB   34 KB   10 KB   139 KB   60 KB   34 KB   10 KB   139 KB   61 KB   34 KB   10 KB   139 KB   61 KB   34 KB   10 KB   139 KB   62 KB   34 KB   10 KB   139 KB   62 KB   34 KB   10 KB   139 KB   63 KB   34 KB   10 KB   139 KB   63 KB   34 KB   10 KB   139 KB   64 KB   34 KB   10 KB   139 KB   64 KB   34 KB   10 KB   139 KB   65 KB   34 KB   10 KB   139 KB   65 KB   34 KB   10 KB   139 KB   66 KB   34 KB   10 KB   139 KB   66 KB   34 KB   10 KB   139 KB   67 KB   34 KB   10 KB   139 KB   67 KB   34 KB   10 KB   139 KB   68 KB   34 KB   10 KB   139 KB   68 KB   34 KB   10 KB   139 KB   69 KB   34 KB   10 KB   139 KB   69 KB   34 KB   10 KB   139 KB   70 KB   34 KB   10 KB   139 KB   70 KB   34 KB   10 KB   139 KB   71 KB   34 KB   10 KB   139 KB   71 KB   34 KB   10 KB   139 KB   72 KB   34 KB   10 KB   139 KB   72 KB   34 KB   10 KB   139 KB   73 KB   34 KB   10 KB   139 KB   73 KB   34 KB   10 KB   139 KB   74 KB   34 KB   10 KB   139 KB   74 KB   34 KB   10 KB   139 KB   75 KB   34 KB   10 KB   139 KB   75 KB   34 KB   10 KB   139 KB   76 KB   34 KB   10 KB   139 KB   76 KB   34 KB   10 KB   139 KB   77 KB   34 KB   10 KB   139 KB   77 KB   34 KB   10 KB   139 KB   78 KB   34 KB   10 KB   139 KB   78 KB   34 KB   10 KB   139 KB   79 KB   34 KB   10 KB   139 KB   79 KB   34 KB   10 KB   139 KB   80 KB   34 KB   10 KB   139 KB   80 KB   34 KB   10 KB   139 KB   81 KB   34 KB   10 KB   139 KB   81 KB   34 KB   10 KB   139 KB   82 KB   34 KB   10 KB   139 KB   82 KB   34 KB   10 KB   139 KB   83 KB   34 KB   10 KB   139 KB   83 KB   34 KB   10 KB   139 KB   83 KB   34 KB   10 KB   139 KB   84 KB   34 KB   10 KB   139 KB   84 KB   34 KB   10 KB   139 KB   85 KB   34 KB   10 KB   139 KB   85 KB   34 KB   10 KB   139 KB   85 KB   34 KB   10 KB   139 KB   86 KB   34 KB   10 KB   139 KB   86 KB   34 KB   10 KB   139 KB   87 KB   34 KB   10 KB   139 KB   87 KB   34 KB   10 KB   139 KB   88 KB   34 KB   10 KB   139 KB   88 KB   34 KB   10 KB   139 KB   89 KB   34 KB   10 KB   139 KB   89 KB   34 KB   10 KB   139 KB   90 KB   34 KB   10 KB   139 KB   90 KB   34 KB   10 KB   139 KB   91 KB   34 KB   10 KB   139 KB   91 KB   34 KB   10 KB   139 KB   92 KB   34 KB   10 KB   139 KB   92 KB   34 KB   10 KB   139 KB   93 KB   34 KB   10 KB   139 KB   93 KB   34 KB   10 KB   139 KB   94 KB   34 KB   10 KB   139 KB   94 KB   34 KB   10 KB   139 KB   95 KB   34 KB   10 KB   139 KB   95 KB   34 KB   10 KB   139 KB   96 KB   34 KB   10 KB   139 KB   96 KB   34 KB   10 KB   139 KB   97 KB   34 KB   10 KB   139 KB   97 KB   34 KB   10 KB   139 KB   98 KB   34 KB   10 KB   139 KB   98 KB   34 KB   10 KB   139 KB   99 KB   34 KB   10 KB   139 KB   99 KB   34 KB   10 KB   139 KB   100 KB   34 KB   10 KB   139 KB   100 KB   34 KB   10 KB   139 KB   101 KB   34 KB   10 KB   139 KB   101 KB   34 KB   10 KB   139 KB   102 KB   34 KB   10 KB   139 KB   102 KB   34 KB   10 KB   139 KB   102 KB   34 KB   10 KB   139 KB   103 KB   34 KB   10 KB   139 KB   103 KB   34 KB   10 KB   139 KB   104 KB   34 KB   10 KB   139 KB   104 KB   34 KB   10 KB   139 KB   105 KB   34 KB   10 KB   139 KB   105 KB   34 KB   10 KB   139 KB   106 KB   34 KB   10 KB   139 KB   106 KB   34 KB   10 KB   139 KB   107 KB   34 KB   10 KB   139 KB   107 KB   34 KB   10 KB   139 KB   108 KB   34 KB   10 KB   139 KB   108 KB   34 KB   10 KB   139 KB   109 KB   34 KB   10 KB   139 KB   109 KB   34 KB   10 KB   139 KB   110 KB   34 KB   10 KB   139 KB   110 KB   34 KB   10 KB   139 KB   111 KB   34 KB   10 KB   139 KB   111 KB   34 KB   10 KB   139 KB   112 KB   34 KB   10 KB   139 KB   112 KB   34 KB   10 KB   139 KB   113 KB   34 KB   10 KB   139 KB   113 KB   34 KB   10 KB   139 KB   114 KB   34 KB   10 KB   139 KB   114 KB   34 KB   10 KB   139 KB   115 KB   34 KB   10 KB   139 KB   115 KB   34 KB   10 KB   139 KB   116 KB   34 KB   10 KB   139 KB   116 KB   34 KB   10 KB   139 KB   117 KB   34 KB   10 KB   139 KB   117 KB   34 KB   10 KB   139 KB   117 KB   34 KB   10 KB   139 KB   118 KB   34 KB   10 KB   139 KB   118 KB   34 KB   10 KB   139 KB   119 KB   34 KB   10 KB   139 KB   119 KB   34 KB   10 KB   139 KB   120 KB   34 KB   10 KB   139 KB   120 KB   34 KB   10 KB   139 KB   121 KB   34 KB   10 KB   139 KB   121 KB   34 KB   10 KB   139 KB   122 KB   34 KB   10 KB   139 KB   122 KB   34 KB   10 KB   139 KB   122 KB   34 KB   10 KB   139 KB   123 KB   34 KB   10 KB   139 KB   123 KB   34 KB   10 KB   139 KB   124 KB   34 KB   10 KB   139 KB   125 KB   34 KB   10 KB   139 KB   125 KB   34 KB   10 KB   139 KB   125 KB   34 KB   10 KB   139 KB   126 KB   34 KB   10 KB   139 KB   126 KB   34 KB   10 KB   139 KB   127 KB   34 KB   10 KB   139 KB   127 KB   34 KB   10 KB   139 KB   128 KB   34 KB   10 KB   139 KB   128 KB   34 KB   10 KB   139 KB   129 KB   34 KB   10 KB   139 KB   129 KB   34 KB   10 KB   139 KB   130 KB   34 KB   10 KB   139 KB   130 KB   34 KB   10 KB   139 KB   131 KB   34 KB   10 KB   139 KB   131 KB   34 KB   10 KB   139 KB   132 KB   34 KB   10 KB   139 KB   132 KB   34 KB   10 KB   139 KB   133 KB   34 KB   10 KB   139 KB   133 KB   34 KB   10 KB   139 KB   134 KB   34 KB   10 KB   139 KB   134 KB   34 KB   10 KB   139 KB   134 KB   34 KB   10 KB   139 KB   135 KB   34 KB   10 KB   139 KB   135 KB   34 KB   10 KB   139 KB   136 KB   34 KB   10 KB   139 KB   136 KB   34 KB   10 KB   139 KB   137 KB   34 KB   10 KB   139 KB   137 KB   34 KB   10 KB   139 KB   138 KB   34 KB   10 KB   139 KB   138 KB   34 KB   10 KB   139 KB   139 KB   34 KB   10 KB   139 KB   139 KB   34 KB   10 KB   139 KB   140 KB   34 KB   10 KB   139 KB   140 KB   34 KB   10 KB   139 KB   141 KB   34 KB   10 KB   139 KB   141 KB   34 KB   10 KB   139 KB   142 KB   34 KB   10 KB   139 KB   142 KB   34 KB   10 KB   139 KB   143 KB   34 KB   10 KB   139 KB   143 KB   34 KB   10 KB   139 KB   144 KB   34 KB   10 KB   139 KB   144 KB   34 KB   10 KB   139 KB   145 KB   34 KB   10 KB   139 KB   145 KB   34 KB   10 KB   139 KB   146 KB   34 KB   10 KB   139 KB   146 KB   34 KB   10 KB   139 KB   147 KB   34 KB   10 KB   139 KB   147 KB   34 KB   10 KB   139 KB   148 KB   34 KB   10 KB   139 KB   148 KB   34 KB   10 KB   139 KB   149 KB   34 KB   10 KB   139 KB   149 KB   34 KB   10 KB   139 KB   150 KB   34 KB   10 KB   139 KB   150 KB   34 KB   10 KB   139 KB   151 KB   34 KB   10 KB   139 KB   151 KB   34 KB   10 KB   139 KB   152 KB   34 KB   10 KB   139 KB   152 KB   34 KB   10 KB   139 KB   153 KB   34 KB   10 KB   139 KB   153 KB   34 KB   10 KB   139 KB   154 KB   34 KB   10 KB   139 KB   154 KB   34 KB   10 KB   139 KB   155 KB   34 KB   10 KB   139 KB   155 KB   34 KB   10 KB   139 KB   156 KB   34 KB   10 KB   139 KB   156 KB   34 KB   10 KB   139 KB   157 KB   34 KB   10 KB   139 KB   157 KB   34 KB   10 KB   139 KB   157 KB   34 KB   10 KB   139 KB   158 KB   34 KB   10 KB   139 KB   158 KB   34 KB   10 KB   139 KB   159 KB   34 KB   10 KB   139 KB   159 KB   34 KB   10 KB   139 KB   160 KB   34 KB   10 KB   139 KB   160 KB   34 KB   10 KB   139 KB   161 KB   34 KB   10 KB   139 KB   161 KB   34 KB   10 KB   139 KB   162 KB   34 KB   10 KB   139 KB   162 KB   34 KB   10 KB   139 KB   163 KB   34 KB   10 KB   139 KB   163 KB   34 KB   10 KB   139 KB   164 KB   34 KB   10 KB   139 KB   164 KB   34 KB   10 KB   139 KB   165 KB   34 KB   10 KB   139 KB   165 KB   34 KB   10 KB   139 KB   166 KB   34 KB   10 KB   139 KB   166 KB   34 KB   10 KB   139 KB   166 KB   34 KB   10 KB   139 KB   167 KB   34 KB   10 KB   139 KB   167 KB   34 KB   10 KB   139 KB   168 KB   34 KB   10 KB   139 KB   168 KB   34 KB   10 KB   139 KB   169 KB   34 KB   10 KB   139 KB   169 KB   34 KB   10 KB   139 KB   170 KB   34 KB   10 KB   139 KB   170 KB   34 KB   10 KB   139 KB   171 KB   34 KB   10 KB   139 KB   171 KB   34 KB   10 KB   139 KB   172 KB   34 KB   10 KB   139 KB   172 KB   34 KB   10 KB   139 KB   173 KB   34 KB   10 KB   139 KB   173 KB   34 KB   10 KB   139 KB   174 KB   34 KB   10 KB   139 KB   174 KB   34 KB   10 KB   139 KB   175 KB   34 KB   10 KB   139 KB   175 KB   34 KB   10 KB   139 KB   176 KB   34 KB   10 KB   139 KB   176 KB   34 KB   10 KB   139 KB   176 KB   34 KB   10 KB   139 KB   177 KB   34 KB   10 KB   139 KB   177 KB   34 KB   10 KB   139 KB   178 KB   34 KB   10 KB   139 KB   178 KB   34 KB   10 KB   139 KB   179 KB   34 KB   10 KB   139 KB   179 KB   34 KB   10 KB   139 KB   180 KB   34 KB   10 KB   139 KB   180 KB   34 KB   10 KB   139 KB   181 KB   34 KB   10 KB   139 KB   181 KB   34 KB   10 KB   139 KB   182 KB   34 KB   10 KB   139 KB   182 KB   34 KB   10 KB   139 KB   183 KB   34 KB   10 KB   139 KB   183 KB   34 KB   10 KB   139 KB   183 KB   34 KB   10 KB   139 KB   184 KB   34 KB   10 KB   139 KB   184 KB   34 KB   10 KB   139 KB   185 KB   34 KB   10 KB   139 KB   185 KB   34 KB   10 KB   139 KB   186 KB   34 KB   10 KB   139 KB   186 KB   34 KB   10 KB   139 KB   187 KB   34 KB   10 KB   139 KB   187 KB   34 KB   10 KB   139 KB   188 KB   34 KB   10 KB   139 KB   188 KB   34 KB   10 KB   139 KB   189 KB   34 KB   10 KB   139 KB   191 KB   34 KB   10 KB   139 KB   193 KB   34 KB   10 KB   139 KB   194 KB   34 KB   10 KB   139 KB   196 KB   34 KB   10 KB   139 KB   198 KB   34 KB   10 KB   139 KB   199 KB   34 KB   10 KB   139 KB                                     Downloaded: http://repo.maven.apache.org/maven2/org/apache/maven/maven-archiver/2.2/maven-archiver-2.2.jar (10 KB at 4.2 KB/sec)
                                  Downloaded: http://repo.maven.apache.org/maven2/org/apache/maven/shared/maven-dependency-tree/1.1/maven-dependency-tree-1.1.jar (34 KB at 14.7 KB/sec)
                                  Downloaded: http://repo.maven.apache.org/maven2/org/codehaus/plexus/plexus-archiver/1.0-alpha-7/plexus-archiver-1.0-alpha-7.jar (139 KB at 61.7 KB/sec)
                                  Downloaded: http://repo.maven.apache.org/maven2/org/codehaus/plexus/plexus-utils/1.4.7/plexus-utils-1.4.7.jar (199 KB at 88.3 KB/sec)
[INFO] 
[INFO] --- maven-resources-plugin:2.5:testResources (default-testResources) @ jline ---
[debug] execute contextualize
[WARNING] Using platform encoding (ANSI_X3.4-1968 actually) to copy filtered resources, i.e. build is platform dependent!
[INFO] Copying 1 resource
[INFO] 
[INFO] --- maven-compiler-plugin:2.3.2:testCompile (default-testCompile) @ jline ---
[WARNING] File encoding has not been set, using platform encoding ANSI_X3.4-1968, i.e. build is platform dependent!
[INFO] Compiling 7 source files to /build/src/jline-1.0/src/target/test-classes
[INFO] 
[INFO] --- maven-surefire-plugin:2.10:test (default-test) @ jline ---
Downloading: http://repo.maven.apache.org/maven2/org/apache/maven/maven-plugin-api/2.0.9/maven-plugin-api-2.0.9.pom
837 B                             2 KB           Downloaded: http://repo.maven.apache.org/maven2/org/apache/maven/maven-plugin-api/2.0.9/maven-plugin-api-2.0.9.pom (2 KB at 5.4 KB/sec)
Downloading: http://repo.maven.apache.org/maven2/org/apache/maven/maven/2.0.9/maven-2.0.9.pom
742 B   2 KB    6 KB   10 KB   14 KB   16 KB   18 KB   19 KB           Downloaded: http://repo.maven.apache.org/maven2/org/apache/maven/maven/2.0.9/maven-2.0.9.pom (19 KB at 37.3 KB/sec)
Downloading: http://repo.maven.apache.org/maven2/org/apache/maven/maven-parent/8/maven-parent-8.pom
739 B   2 KB    5 KB   8 KB   12 KB   12 KB   16 KB   20 KB   21 KB   24 KB   24 KB           Downloaded: http://repo.maven.apache.org/maven2/org/apache/maven/maven-parent/8/maven-parent-8.pom (24 KB at 47.4 KB/sec)
Downloading: http://repo.maven.apache.org/maven2/org/apache/maven/surefire/surefire-booter/2.10/surefire-booter-2.10.pom
844 B   3 KB    3 KB          Downloaded: http://repo.maven.apache.org/maven2/org/apache/maven/surefire/surefire-booter/2.10/surefire-booter-2.10.pom (3 KB at 6.0 KB/sec)
Downloading: http://repo.maven.apache.org/maven2/org/apache/maven/surefire/surefire-api/2.10/surefire-api-2.10.pom
2 KB   3 KB          Downloaded: http://repo.maven.apache.org/maven2/org/apache/maven/surefire/surefire-api/2.10/surefire-api-2.10.pom (3 KB at 4.5 KB/sec)
Downloading: http://repo.maven.apache.org/maven2/org/apache/maven/surefire/maven-surefire-common/2.10/maven-surefire-common-2.10.pom
833 B   4 KB    4 KB          Downloaded: http://repo.maven.apache.org/maven2/org/apache/maven/surefire/maven-surefire-common/2.10/maven-surefire-common-2.10.pom (4 KB at 7.9 KB/sec)
Downloading: http://repo.maven.apache.org/maven2/org/codehaus/plexus/plexus-utils/2.1/plexus-utils-2.1.pom
812 B   3 KB    4 KB          Downloaded: http://repo.maven.apache.org/maven2/org/codehaus/plexus/plexus-utils/2.1/plexus-utils-2.1.pom (4 KB at 7.9 KB/sec)
Downloading: http://repo.maven.apache.org/maven2/org/sonatype/spice/spice-parent/16/spice-parent-16.pom
2 KB   4 KB   7 KB   9 KB          Downloaded: http://repo.maven.apache.org/maven2/org/sonatype/spice/spice-parent/16/spice-parent-16.pom (9 KB at 16.6 KB/sec)
Downloading: http://repo.maven.apache.org/maven2/org/sonatype/forge/forge-parent/5/forge-parent-5.pom
2 KB   6 KB   9 KB          Downloaded: http://repo.maven.apache.org/maven2/org/sonatype/forge/forge-parent/5/forge-parent-5.pom (9 KB at 16.2 KB/sec)
Downloading: http://repo.maven.apache.org/maven2/org/apache/maven/maven-artifact/2.0.9/maven-artifact-2.0.9.pom
834 B   2 KB           Downloaded: http://repo.maven.apache.org/maven2/org/apache/maven/maven-artifact/2.0.9/maven-artifact-2.0.9.pom (2 KB at 5.1 KB/sec)
Downloading: http://repo.maven.apache.org/maven2/org/apache/maven/maven-project/2.0.9/maven-project-2.0.9.pom
822 B   3 KB           Downloaded: http://repo.maven.apache.org/maven2/org/apache/maven/maven-project/2.0.9/maven-project-2.0.9.pom (3 KB at 5.4 KB/sec)
Downloading: http://repo.maven.apache.org/maven2/org/apache/maven/maven-settings/2.0.9/maven-settings-2.0.9.pom
829 B   3 KB           Downloaded: http://repo.maven.apache.org/maven2/org/apache/maven/maven-settings/2.0.9/maven-settings-2.0.9.pom (3 KB at 4.1 KB/sec)
Downloading: http://repo.maven.apache.org/maven2/org/apache/maven/maven-model/2.0.9/maven-model-2.0.9.pom
800 B   3 KB    4 KB          Downloaded: http://repo.maven.apache.org/maven2/org/apache/maven/maven-model/2.0.9/maven-model-2.0.9.pom (4 KB at 6.2 KB/sec)
Downloading: http://repo.maven.apache.org/maven2/org/apache/maven/maven-profile/2.0.9/maven-profile-2.0.9.pom
829 B   3 KB           Downloaded: http://repo.maven.apache.org/maven2/org/apache/maven/maven-profile/2.0.9/maven-profile-2.0.9.pom (3 KB at 4.1 KB/sec)
Downloading: http://repo.maven.apache.org/maven2/org/apache/maven/maven-artifact-manager/2.0.9/maven-artifact-manager-2.0.9.pom
819 B   3 KB           Downloaded: http://repo.maven.apache.org/maven2/org/apache/maven/maven-artifact-manager/2.0.9/maven-artifact-manager-2.0.9.pom (3 KB at 5.3 KB/sec)
Downloading: http://repo.maven.apache.org/maven2/org/apache/maven/maven-repository-metadata/2.0.9/maven-repository-metadata-2.0.9.pom
831 B   2 KB           Downloaded: http://repo.maven.apache.org/maven2/org/apache/maven/maven-repository-metadata/2.0.9/maven-repository-metadata-2.0.9.pom (2 KB at 3.7 KB/sec)
Downloading: http://repo.maven.apache.org/maven2/org/apache/maven/maven-plugin-registry/2.0.9/maven-plugin-registry-2.0.9.pom
826 B   2 KB           Downloaded: http://repo.maven.apache.org/maven2/org/apache/maven/maven-plugin-registry/2.0.9/maven-plugin-registry-2.0.9.pom (2 KB at 3.9 KB/sec)
Downloading: http://repo.maven.apache.org/maven2/org/apache/maven/maven-core/2.0.9/maven-core-2.0.9.pom
798 B   4 KB    8 KB   8 KB          Downloaded: http://repo.maven.apache.org/maven2/org/apache/maven/maven-core/2.0.9/maven-core-2.0.9.pom (8 KB at 15.4 KB/sec)
Downloading: http://repo.maven.apache.org/maven2/org/apache/maven/maven-plugin-parameter-documenter/2.0.9/maven-plugin-parameter-documenter-2.0.9.pom
823 B   2 KB           Downloaded: http://repo.maven.apache.org/maven2/org/apache/maven/maven-plugin-parameter-documenter/2.0.9/maven-plugin-parameter-documenter-2.0.9.pom (2 KB at 3.9 KB/sec)
Downloading: http://repo.maven.apache.org/maven2/org/apache/maven/reporting/maven-reporting-api/2.0.9/maven-reporting-api-2.0.9.pom
829 B   2 KB           Downloaded: http://repo.maven.apache.org/maven2/org/apache/maven/reporting/maven-reporting-api/2.0.9/maven-reporting-api-2.0.9.pom (2 KB at 3.5 KB/sec)
Downloading: http://repo.maven.apache.org/maven2/org/apache/maven/reporting/maven-reporting/2.0.9/maven-reporting-2.0.9.pom
835 B   2 KB           Downloaded: http://repo.maven.apache.org/maven2/org/apache/maven/reporting/maven-reporting/2.0.9/maven-reporting-2.0.9.pom (2 KB at 1.5 KB/sec)
Downloading: http://repo.maven.apache.org/maven2/org/apache/maven/maven-error-diagnostics/2.0.9/maven-error-diagnostics-2.0.9.pom
832 B   2 KB           Downloaded: http://repo.maven.apache.org/maven2/org/apache/maven/maven-error-diagnostics/2.0.9/maven-error-diagnostics-2.0.9.pom (2 KB at 12.3 KB/sec)
Downloading: http://repo.maven.apache.org/maven2/org/apache/maven/maven-plugin-descriptor/2.0.9/maven-plugin-descriptor-2.0.9.pom
829 B   3 KB           Downloaded: http://repo.maven.apache.org/maven2/org/apache/maven/maven-plugin-descriptor/2.0.9/maven-plugin-descriptor-2.0.9.pom (3 KB at 4.2 KB/sec)
Downloading: http://repo.maven.apache.org/maven2/org/apache/maven/maven-monitor/2.0.9/maven-monitor-2.0.9.pom
837 B   2 KB           Downloaded: http://repo.maven.apache.org/maven2/org/apache/maven/maven-monitor/2.0.9/maven-monitor-2.0.9.pom (2 KB at 2.6 KB/sec)
Downloading: http://repo.maven.apache.org/maven2/org/apache/maven/maven-toolchain/2.0.9/maven-toolchain-2.0.9.pom
791 B   3 KB    4 KB          Downloaded: http://repo.maven.apache.org/maven2/org/apache/maven/maven-toolchain/2.0.9/maven-toolchain-2.0.9.pom (4 KB at 7.1 KB/sec)
Downloading: http://repo.maven.apache.org/maven2/org/apache/maven/shared/maven-common-artifact-filters/1.3/maven-common-artifact-filters-1.3.pom
829 B   3 KB    4 KB          Downloaded: http://repo.maven.apache.org/maven2/org/apache/maven/shared/maven-common-artifact-filters/1.3/maven-common-artifact-filters-1.3.pom (4 KB at 7.3 KB/sec)
Downloading: http://repo.maven.apache.org/maven2/org/apache/maven/shared/maven-shared-components/12/maven-shared-components-12.pom
771 B   3 KB    7 KB   9 KB   10 KB           Downloaded: http://repo.maven.apache.org/maven2/org/apache/maven/shared/maven-shared-components/12/maven-shared-components-12.pom (10 KB at 18.4 KB/sec)
Downloading: http://repo.maven.apache.org/maven2/org/apache/maven/maven-parent/13/maven-parent-13.pom
745 B   2 KB    4 KB   8 KB   8 KB   12 KB   13 KB   15 KB   17 KB   21 KB   21 KB   23 KB           Downloaded: http://repo.maven.apache.org/maven2/org/apache/maven/maven-parent/13/maven-parent-13.pom (23 KB at 43.3 KB/sec)
Downloading: http://repo.maven.apache.org/maven2/org/apache/apache/6/apache-6.pom
750 B   2 KB    4 KB   7 KB   11 KB   13 KB           Downloaded: http://repo.maven.apache.org/maven2/org/apache/apache/6/apache-6.pom (13 KB at 25.4 KB/sec)
Downloading: http://repo.maven.apache.org/maven2/org/codehaus/plexus/plexus-container-default/1.0-alpha-9/plexus-container-default-1.0-alpha-9.pom
2 KB           Downloaded: http://repo.maven.apache.org/maven2/org/codehaus/plexus/plexus-container-default/1.0-alpha-9/plexus-container-default-1.0-alpha-9.pom (2 KB at 2.5 KB/sec)
Downloading: http://repo.maven.apache.org/maven2/org/apache/maven/surefire/surefire-booter/2.10/surefire-booter-2.10.jar
Downloading: http://repo.maven.apache.org/maven2/org/apache/maven/surefire/surefire-api/2.10/surefire-api-2.10.jar
Downloading: http://repo.maven.apache.org/maven2/org/apache/maven/surefire/maven-surefire-common/2.10/maven-surefire-common-2.10.jar
Downloading: http://repo.maven.apache.org/maven2/org/apache/maven/shared/maven-common-artifact-filters/1.3/maven-common-artifact-filters-1.3.jar
Downloading: http://repo.maven.apache.org/maven2/org/codehaus/plexus/plexus-utils/2.1/plexus-utils-2.1.jar
829 B   2 KB    2 KB   3 KB   3 KB   3 KB   4 KB   5 KB   5 KB   6 KB   6 KB   7 KB   7 KB   8 KB   8 KB   9 KB   9 KB   10 KB   10 KB   11 KB   11 KB   12 KB   12 KB   12 KB   13 KB   13 KB   14 KB   14 KB   15 KB   15 KB   16 KB   16 KB   17 KB   17 KB   17 KB   18 KB   18 KB   19 KB   19 KB   20 KB   20 KB   21 KB   21 KB   21 KB   22 KB   22 KB   23 KB   23 KB   24 KB   24 KB   25 KB   25 KB   26 KB   26 KB   27 KB   27 KB   28 KB   28 KB   29 KB   29 KB   30 KB   30 KB   31 KB   31 KB   32 KB   32 KB   33 KB   33 KB   34 KB   34 KB   35 KB   35 KB   36 KB   36 KB   37 KB   37 KB   37 KB   38 KB   38 KB   39 KB   40 KB   40 KB   40 KB   41 KB   41 KB   42 KB   42 KB   43 KB   43 KB   44 KB   44 KB   45 KB   45 KB   46 KB   46 KB   47 KB   47 KB   48 KB   48 KB   49 KB   49 KB   50 KB   50 KB   51 KB   51 KB   51 KB   52 KB   52 KB   53 KB   53 KB   54 KB   54 KB   55 KB   55 KB   56 KB   58 KB   60 KB   2 KB   60 KB   2 KB   60 KB   3 KB   60 KB   3 KB   60 KB   4 KB   60 KB   4 KB   60 KB   4 KB   60 KB   5 KB   60 KB   5 KB   60 KB   6 KB   60 KB   6 KB   60 KB   7 KB   60 KB   7 KB   60 KB   8 KB   60 KB   8 KB   60 KB   9 KB   60 KB   9 KB   60 KB   10 KB   60 KB   10 KB   60 KB   11 KB   60 KB   11 KB   60 KB   12 KB   60 KB   12 KB   60 KB   12 KB   60 KB   13 KB   60 KB   13 KB   60 KB   14 KB   60 KB   14 KB   60 KB   15 KB   60 KB   15 KB   60 KB   16 KB   60 KB   16 KB   60 KB   17 KB   60 KB   17 KB   60 KB   18 KB   60 KB   18 KB   60 KB   18 KB   60 KB   19 KB   60 KB   19 KB   60 KB   20 KB   60 KB   20 KB   60 KB   21 KB   60 KB   21 KB   60 KB   22 KB   60 KB   22 KB   60 KB   23 KB   60 KB   23 KB   60 KB   24 KB   60 KB   24 KB   60 KB   25 KB   60 KB   25 KB   60 KB   26 KB   60 KB   26 KB   60 KB   27 KB   60 KB   27 KB   60 KB   28 KB   60 KB   28 KB   60 KB   28 KB   60 KB   29 KB   60 KB   29 KB   60 KB   30 KB   60 KB   30 KB   60 KB   31 KB   60 KB   31 KB   60 KB   32 KB   60 KB   32 KB   60 KB   33 KB   60 KB   33 KB   60 KB   34 KB   60 KB   34 KB   60 KB   35 KB   60 KB   35 KB   60 KB   36 KB   60 KB   36 KB   60 KB   37 KB   60 KB   37 KB   60 KB   38 KB   60 KB   38 KB   60 KB   39 KB   60 KB   39 KB   60 KB   40 KB   60 KB   40 KB   60 KB   41 KB   60 KB   41 KB   60 KB   42 KB   60 KB   42 KB   60 KB   43 KB   60 KB   43 KB   60 KB   44 KB   60 KB   44 KB   60 KB   44 KB   60 KB   45 KB   60 KB   46 KB   60 KB   46 KB   60 KB   46 KB   60 KB   47 KB   60 KB   47 KB   60 KB   48 KB   60 KB   48 KB   60 KB   49 KB   60 KB   49 KB   60 KB   50 KB   60 KB   50 KB   60 KB   51 KB   60 KB   51 KB   60 KB   52 KB   60 KB   52 KB   60 KB   53 KB   60 KB   53 KB   60 KB   53 KB   60 KB   54 KB   60 KB   54 KB   60 KB   55 KB   60 KB   56 KB   60 KB   56 KB   60 KB   56 KB   60 KB   57 KB   60 KB   57 KB   60 KB   58 KB   60 KB   58 KB   60 KB   59 KB   60 KB   60 KB   60 KB   60 KB   60 KB   61 KB   60 KB   61 KB   60 KB   61 KB   60 KB   62 KB   60 KB   62 KB   60 KB   63 KB   60 KB   63 KB   60 KB   64 KB   60 KB   64 KB   60 KB   65 KB   60 KB   65 KB   60 KB   66 KB   60 KB   66 KB   60 KB   67 KB   60 KB   67 KB   60 KB   68 KB   60 KB   68 KB   60 KB   69 KB   60 KB   69 KB   60 KB   69 KB   60 KB   70 KB   60 KB   70 KB   60 KB   71 KB   60 KB   71 KB   60 KB   72 KB   60 KB   72 KB   60 KB   73 KB   60 KB   73 KB   60 KB   74 KB   60 KB   74 KB   60 KB   75 KB   60 KB   75 KB   60 KB   76 KB   60 KB   76 KB   60 KB   77 KB   60 KB   77 KB   60 KB   78 KB   60 KB   78 KB   60 KB   78 KB   60 KB   79 KB   60 KB   79 KB   60 KB   80 KB   60 KB   80 KB   60 KB   81 KB   60 KB   81 KB   60 KB   82 KB   60 KB   82 KB   60 KB   83 KB   60 KB   83 KB   60 KB   84 KB   60 KB   84 KB   60 KB   85 KB   60 KB   85 KB   60 KB   86 KB   60 KB   86 KB   60 KB   86 KB   60 KB   87 KB   60 KB   87 KB   60 KB   88 KB   60 KB   88 KB   60 KB   89 KB   60 KB   89 KB   60 KB   90 KB   60 KB   90 KB   60 KB   91 KB   60 KB   91 KB   60 KB   92 KB   60 KB   92 KB   60 KB   93 KB   60 KB   93 KB   60 KB   94 KB   60 KB   94 KB   60 KB   95 KB   60 KB   95 KB   60 KB   95 KB   60 KB   96 KB   60 KB   96 KB   60 KB   97 KB   60 KB   97 KB   60 KB   98 KB   60 KB   98 KB   60 KB   99 KB   60 KB   99 KB   60 KB   100 KB   60 KB   100 KB   60 KB   101 KB   60 KB   101 KB   60 KB   102 KB   60 KB   102 KB   60 KB   103 KB   60 KB   103 KB   60 KB   104 KB   60 KB   104 KB   60 KB   105 KB   60 KB   105 KB   60 KB   105 KB   60 KB   106 KB   60 KB   106 KB   60 KB   107 KB   60 KB   107 KB   60 KB   108 KB   60 KB   108 KB   60 KB   109 KB   60 KB   109 KB   60 KB   110 KB   60 KB   110 KB   60 KB   111 KB   60 KB   111 KB   60 KB   112 KB   60 KB   112 KB   60 KB   113 KB   60 KB   113 KB   60 KB   113 KB   60 KB   114 KB   60 KB   114 KB   60 KB   115 KB   60 KB   116 KB   60 KB   116 KB   60 KB   116 KB   60 KB   117 KB   60 KB   117 KB   60 KB   118 KB   60 KB   118 KB   60 KB   119 KB   60 KB   119 KB   60 KB   120 KB   60 KB   120 KB   60 KB   121 KB   60 KB   121 KB   60 KB   122 KB   60 KB   122 KB   60 KB   123 KB   60 KB   123 KB   60 KB   124 KB   60 KB   124 KB   60 KB   125 KB   60 KB   125 KB   60 KB   126 KB   60 KB   126 KB   60 KB   127 KB   60 KB   127 KB   60 KB   128 KB   60 KB   128 KB   60 KB   129 KB   60 KB   129 KB   60 KB   130 KB   60 KB   130 KB   60 KB   131 KB   60 KB   131 KB   60 KB   132 KB   60 KB   132 KB   60 KB   132 KB   60 KB   133 KB   60 KB   133 KB   60 KB   134 KB   60 KB   134 KB   60 KB   135 KB   60 KB   135 KB   60 KB   136 KB   60 KB   136 KB   60 KB   137 KB   60 KB   137 KB   60 KB   138 KB   60 KB   138 KB   60 KB   139 KB   60 KB   139 KB   60 KB   140 KB   60 KB   140 KB   60 KB   141 KB   60 KB   141 KB   60 KB   142 KB   60 KB   142 KB   60 KB   142 KB   60 KB   143 KB   60 KB   143 KB   60 KB   144 KB   60 KB   144 KB   60 KB   145 KB   60 KB   145 KB   60 KB   146 KB   60 KB   146 KB   60 KB   147 KB   60 KB   147 KB   60 KB   148 KB   60 KB   148 KB   60 KB   149 KB   60 KB   149 KB   60 KB   150 KB   60 KB   150 KB   60 KB   151 KB   60 KB   151 KB   60 KB   152 KB   60 KB   152 KB   60 KB   152 KB   60 KB   153 KB   60 KB   153 KB   60 KB   154 KB   60 KB   154 KB   60 KB   155 KB   60 KB   155 KB   60 KB   156 KB   60 KB   156 KB   60 KB   157 KB   60 KB   157 KB   60 KB   158 KB   60 KB   158 KB   60 KB   159 KB   60 KB   159 KB   60 KB   160 KB   60 KB   160 KB   60 KB   161 KB   60 KB   161 KB   60 KB   162 KB   60 KB   162 KB   60 KB   163 KB   60 KB   163 KB   60 KB   164 KB   60 KB   164 KB   60 KB   165 KB   60 KB   165 KB   60 KB   166 KB   60 KB   166 KB   60 KB   167 KB   60 KB   167 KB   60 KB   168 KB   60 KB   168 KB   60 KB   168 KB   60 KB   169 KB   60 KB   169 KB   60 KB   170 KB   60 KB   170 KB   60 KB   170 KB   60 KB   171 KB   60 KB   171 KB   60 KB   172 KB   60 KB   172 KB   60 KB   173 KB   60 KB   173 KB   60 KB   174 KB   60 KB   174 KB   60 KB   175 KB   60 KB   175 KB   60 KB   175 KB   60 KB   176 KB   60 KB   177 KB   60 KB   177 KB   60 KB   178 KB   60 KB   178 KB   60 KB   178 KB   60 KB   179 KB   60 KB   179 KB   60 KB   180 KB   60 KB   181 KB   60 KB   181 KB   60 KB   181 KB   60 KB   182 KB   60 KB   182 KB   60 KB   183 KB   60 KB   183 KB   60 KB   184 KB   60 KB   184 KB   60 KB   185 KB   60 KB   185 KB   60 KB   186 KB   60 KB   186 KB   60 KB   187 KB   60 KB   187 KB   60 KB   187 KB   60 KB   188 KB   60 KB   188 KB   60 KB   189 KB   60 KB   190 KB   60 KB   190 KB   60 KB   190 KB   60 KB   191 KB   60 KB   191 KB   60 KB   192 KB   60 KB   192 KB   60 KB   193 KB   60 KB   193 KB   60 KB   194 KB   60 KB   194 KB   60 KB   195 KB   60 KB   195 KB   60 KB   196 KB   60 KB   196 KB   60 KB   197 KB   60 KB   197 KB   60 KB   198 KB   60 KB   198 KB   60 KB   199 KB   60 KB   199 KB   60 KB   200 KB   60 KB   200 KB   60 KB   201 KB   60 KB   201 KB   60 KB   202 KB   60 KB   202 KB   60 KB   203 KB   60 KB   203 KB   60 KB   204 KB   60 KB   204 KB   60 KB   204 KB   60 KB   205 KB   60 KB   205 KB   60 KB   206 KB   60 KB   206 KB   60 KB   207 KB   60 KB   207 KB   60 KB   208 KB   60 KB   208 KB   60 KB   209 KB   60 KB   211 KB   60 KB   213 KB   60 KB   215 KB   60 KB   217 KB   60 KB   219 KB   60 KB   220 KB   60 KB   913 B   220 KB   60 KB   2 KB   220 KB   60 KB    2 KB   220 KB   60 KB   3 KB   220 KB   60 KB   4 KB   220 KB   60 KB   4 KB   220 KB   60 KB   4 KB   220 KB   60 KB   5 KB   220 KB   60 KB   5 KB   220 KB   60 KB   6 KB   220 KB   60 KB   6 KB   220 KB   60 KB   7 KB   220 KB   60 KB   7 KB   220 KB   60 KB   8 KB   220 KB   60 KB   8 KB   220 KB   60 KB   9 KB   220 KB   60 KB   9 KB   220 KB   60 KB   10 KB   220 KB   60 KB   10 KB   220 KB   60 KB   11 KB   220 KB   60 KB   11 KB   220 KB   60 KB   12 KB   220 KB   60 KB   13 KB   220 KB   60 KB   13 KB   220 KB   60 KB   14 KB   220 KB   60 KB   14 KB   220 KB   60 KB   14 KB   220 KB   60 KB   15 KB   220 KB   60 KB   15 KB   220 KB   60 KB   16 KB   220 KB   60 KB   17 KB   220 KB   60 KB   17 KB   220 KB   60 KB   17 KB   220 KB   60 KB   18 KB   220 KB   60 KB   18 KB   220 KB   60 KB   18 KB   220 KB   60 KB   19 KB   220 KB   60 KB   19 KB   220 KB   60 KB   20 KB   220 KB   60 KB   20 KB   220 KB   60 KB   21 KB   220 KB   60 KB   21 KB   220 KB   60 KB   22 KB   220 KB   60 KB   22 KB   220 KB   60 KB   23 KB   220 KB   60 KB   23 KB   220 KB   60 KB   24 KB   220 KB   60 KB   24 KB   220 KB   60 KB   25 KB   220 KB   60 KB   26 KB   220 KB   60 KB   26 KB   220 KB   60 KB   27 KB   220 KB   60 KB   27 KB   220 KB   60 KB   28 KB   220 KB   60 KB   28 KB   220 KB   60 KB   29 KB   220 KB   60 KB   29 KB   220 KB   60 KB   30 KB   220 KB   60 KB   30 KB   220 KB   60 KB   31 KB   220 KB   60 KB   32 KB   220 KB   60 KB   32 KB   220 KB   60 KB   33 KB   220 KB   60 KB   33 KB   220 KB   60 KB   34 KB   220 KB   60 KB   34 KB   220 KB   60 KB   35 KB   220 KB   60 KB   35 KB   220 KB   60 KB   36 KB   220 KB   60 KB   36 KB   220 KB   60 KB   36 KB   220 KB   60 KB   37 KB   220 KB   60 KB   37 KB   220 KB   60 KB   38 KB   220 KB   60 KB   38 KB   220 KB   60 KB   39 KB   220 KB   60 KB   39 KB   220 KB   60 KB   40 KB   220 KB   60 KB   40 KB   220 KB   60 KB   41 KB   220 KB   60 KB   41 KB   220 KB   60 KB   42 KB   220 KB   60 KB   43 KB   220 KB   60 KB   43 KB   220 KB   60 KB   44 KB   220 KB   60 KB   44 KB   220 KB   60 KB   45 KB   220 KB   60 KB   45 KB   220 KB   60 KB   46 KB   220 KB   60 KB   46 KB   220 KB   60 KB   47 KB   220 KB   60 KB   47 KB   220 KB   60 KB   48 KB   220 KB   60 KB   48 KB   220 KB   60 KB   49 KB   220 KB   60 KB   49 KB   220 KB   60 KB   50 KB   220 KB   60 KB   50 KB   220 KB   60 KB   51 KB   220 KB   60 KB   51 KB   220 KB   60 KB   52 KB   220 KB   60 KB   52 KB   220 KB   60 KB   53 KB   220 KB   60 KB   53 KB   220 KB   60 KB   53 KB   220 KB   60 KB   54 KB   220 KB   60 KB   54 KB   220 KB   60 KB   55 KB   220 KB   60 KB   55 KB   220 KB   60 KB   56 KB   220 KB   60 KB   56 KB   220 KB   60 KB   57 KB   220 KB   60 KB   57 KB   220 KB   60 KB   58 KB   220 KB   60 KB   58 KB   220 KB   60 KB   59 KB   220 KB   60 KB   60 KB   220 KB   60 KB   60 KB   220 KB   60 KB   60 KB   220 KB   60 KB   61 KB   220 KB   60 KB   61 KB   220 KB   60 KB   62 KB   220 KB   60 KB   62 KB   220 KB   60 KB   63 KB   220 KB   60 KB   63 KB   220 KB   60 KB   64 KB   220 KB   60 KB   64 KB   220 KB   60 KB   65 KB   220 KB   60 KB   65 KB   220 KB   60 KB   66 KB   220 KB   60 KB   66 KB   220 KB   60 KB   67 KB   220 KB   60 KB   67 KB   220 KB   60 KB   68 KB   220 KB   60 KB   68 KB   220 KB   60 KB   69 KB   220 KB   60 KB   70 KB   220 KB   60 KB   70 KB   220 KB   60 KB   71 KB   220 KB   60 KB   71 KB   220 KB   60 KB   72 KB   220 KB   60 KB   72 KB   220 KB   60 KB   73 KB   220 KB   60 KB   73 KB   220 KB   60 KB   74 KB   220 KB   60 KB   75 KB   220 KB   60 KB   75 KB   220 KB   60 KB   76 KB   220 KB   60 KB   76 KB   220 KB   60 KB   77 KB   220 KB   60 KB   77 KB   220 KB   60 KB   78 KB   220 KB   60 KB   78 KB   220 KB   60 KB   79 KB   220 KB   60 KB   79 KB   220 KB   60 KB   80 KB   220 KB   60 KB   80 KB   220 KB   60 KB   81 KB   220 KB   60 KB   81 KB   220 KB   60 KB   82 KB   220 KB   60 KB   82 KB   220 KB   60 KB   83 KB   220 KB   60 KB   83 KB   220 KB   60 KB   84 KB   220 KB   60 KB   84 KB   220 KB   60 KB   85 KB   220 KB   60 KB   85 KB   220 KB   60 KB   86 KB   220 KB   60 KB   86 KB   220 KB   60 KB   87 KB   220 KB   60 KB   87 KB   220 KB   60 KB   88 KB   220 KB   60 KB   88 KB   220 KB   60 KB   88 KB   220 KB   60 KB   89 KB   220 KB   60 KB   89 KB   220 KB   60 KB   90 KB   220 KB   60 KB   90 KB   220 KB   60 KB   91 KB   220 KB   60 KB   91 KB   220 KB   60 KB   92 KB   220 KB   60 KB   93 KB   220 KB   60 KB   93 KB   220 KB   60 KB   93 KB   220 KB   60 KB   94 KB   220 KB   60 KB   94 KB   220 KB   60 KB   95 KB   220 KB   60 KB   96 KB   220 KB   60 KB   96 KB   220 KB   60 KB   97 KB   220 KB   60 KB   97 KB   220 KB   60 KB   98 KB   220 KB   60 KB   98 KB   220 KB   60 KB   99 KB   220 KB   60 KB   99 KB   220 KB   60 KB   100 KB   220 KB   60 KB   100 KB   220 KB   60 KB   101 KB   220 KB   60 KB   101 KB   220 KB   60 KB   102 KB   220 KB   60 KB   102 KB   220 KB   60 KB   102 KB   220 KB   60 KB   103 KB   220 KB   60 KB   104 KB   220 KB   60 KB   104 KB   220 KB   60 KB   105 KB   220 KB   60 KB   105 KB   220 KB   60 KB   106 KB   220 KB   60 KB   106 KB   220 KB   60 KB   107 KB   220 KB   60 KB   107 KB   220 KB   60 KB   108 KB   220 KB   60 KB   109 KB   220 KB   60 KB   109 KB   220 KB   60 KB   110 KB   220 KB   60 KB   110 KB   220 KB   60 KB   111 KB   220 KB   60 KB   111 KB   220 KB   60 KB   112 KB   220 KB   60 KB   112 KB   220 KB   60 KB   113 KB   220 KB   60 KB   113 KB   220 KB   60 KB   114 KB   220 KB   60 KB   114 KB   220 KB   60 KB   115 KB   220 KB   60 KB   115 KB   220 KB   60 KB   116 KB   220 KB   60 KB   116 KB   220 KB   60 KB   117 KB   220 KB   60 KB   118 KB   220 KB   60 KB   118 KB   220 KB   60 KB   118 KB   220 KB   60 KB   119 KB   220 KB   60 KB   119 KB   220 KB   60 KB   120 KB   220 KB   60 KB   120 KB   220 KB   60 KB   121 KB   220 KB   60 KB   121 KB   220 KB   60 KB   122 KB   220 KB   60 KB   122 KB   220 KB   60 KB   123 KB   220 KB   60 KB   123 KB   220 KB   60 KB   123 KB   220 KB   60 KB   124 KB   220 KB   60 KB   124 KB   220 KB   60 KB   125 KB   220 KB   60 KB   125 KB   220 KB   60 KB   126 KB   220 KB   60 KB   126 KB   220 KB   60 KB   127 KB   220 KB   60 KB   127 KB   220 KB   60 KB   128 KB   220 KB   60 KB   128 KB   220 KB   60 KB   128 KB   220 KB   60 KB   129 KB   220 KB   60 KB   129 KB   220 KB   60 KB   130 KB   220 KB   60 KB   130 KB   220 KB   60 KB   131 KB   220 KB   60 KB   131 KB   220 KB   60 KB   132 KB   220 KB   60 KB   132 KB   220 KB   60 KB   133 KB   220 KB   60 KB   133 KB   220 KB   60 KB   134 KB   220 KB   60 KB   134 KB   220 KB   60 KB   135 KB   220 KB   60 KB   135 KB   220 KB   60 KB   136 KB   220 KB   60 KB   136 KB   220 KB   60 KB   137 KB   220 KB   60 KB   137 KB   220 KB   60 KB   138 KB   220 KB   60 KB   138 KB   220 KB   60 KB   139 KB   220 KB   60 KB   139 KB   220 KB   60 KB   140 KB   220 KB   60 KB   140 KB   220 KB   60 KB   141 KB   220 KB   60 KB   141 KB   220 KB   60 KB   142 KB   220 KB   60 KB   142 KB   220 KB   60 KB   142 KB   220 KB   60 KB   143 KB   220 KB   60 KB   144 KB   220 KB   60 KB   146 KB   220 KB   60 KB   148 KB   220 KB   60 KB   150 KB   220 KB   60 KB   152 KB   220 KB   60 KB   155 KB   220 KB   60 KB   157 KB   220 KB   60 KB   158 KB   220 KB   60 KB   158 KB   795 B   220 KB   60 KB   158 KB   2 KB   220 KB   60 KB    158 KB   2 KB   220 KB   60 KB   158 KB   3 KB   220 KB   60 KB   158 KB   3 KB   220 KB   60 KB   158 KB   3 KB   220 KB   60 KB   158 KB   4 KB   220 KB   60 KB   158 KB   4 KB   220 KB   60 KB   158 KB   5 KB   220 KB   60 KB   158 KB   5 KB   220 KB   60 KB   158 KB   6 KB   220 KB   60 KB   158 KB   6 KB   220 KB   60 KB   158 KB   7 KB   220 KB   60 KB   158 KB   7 KB   220 KB   60 KB   158 KB   8 KB   220 KB   60 KB   158 KB   8 KB   220 KB   60 KB   158 KB   9 KB   220 KB   60 KB   158 KB   9 KB   220 KB   60 KB   158 KB   10 KB   220 KB   60 KB   158 KB   10 KB   220 KB   60 KB   158 KB   11 KB   220 KB   60 KB   158 KB   12 KB   220 KB   60 KB   158 KB   12 KB   220 KB   60 KB   158 KB   12 KB   220 KB   60 KB   158 KB   13 KB   220 KB   60 KB   158 KB   14 KB   220 KB   60 KB   158 KB   14 KB   220 KB   60 KB   158 KB   15 KB   220 KB   60 KB   158 KB   15 KB   220 KB   60 KB   158 KB   16 KB   220 KB   60 KB   158 KB   16 KB   220 KB   60 KB   158 KB   17 KB   220 KB   60 KB   158 KB   17 KB   220 KB   60 KB   158 KB   18 KB   220 KB   60 KB   158 KB   18 KB   220 KB   60 KB   158 KB   19 KB   220 KB   60 KB   158 KB   19 KB   220 KB   60 KB   158 KB   20 KB   220 KB   60 KB   158 KB   20 KB   220 KB   60 KB   158 KB   21 KB   220 KB   60 KB   158 KB   21 KB   220 KB   60 KB   158 KB   21 KB   220 KB   60 KB   158 KB   22 KB   220 KB   60 KB   158 KB   22 KB   220 KB   60 KB   158 KB   23 KB   220 KB   60 KB   158 KB   23 KB   220 KB   60 KB   158 KB   24 KB   220 KB   60 KB   158 KB   24 KB   220 KB   60 KB   158 KB   25 KB   220 KB   60 KB   158 KB   26 KB   220 KB   60 KB   158 KB   26 KB   220 KB   60 KB   158 KB   27 KB   220 KB   60 KB   158 KB   27 KB   220 KB   60 KB   158 KB   31 KB   220 KB   60 KB   825 B   158 KB   31 KB   220 KB   60 KB   2 KB   158 KB   31 KB   220 KB   60 KB    2 KB   158 KB   31 KB   220 KB   60 KB   3 KB   158 KB   31 KB   220 KB   60 KB   3 KB   158 KB   31 KB   220 KB   60 KB   4 KB   158 KB   31 KB   220 KB   60 KB   4 KB   158 KB   31 KB   220 KB   60 KB   5 KB   158 KB   31 KB   220 KB   60 KB   5 KB   158 KB   31 KB   220 KB   60 KB   6 KB   158 KB   31 KB   220 KB   60 KB   6 KB   158 KB   31 KB   220 KB   60 KB   7 KB   158 KB   31 KB   220 KB   60 KB   7 KB   158 KB   31 KB   220 KB   60 KB   8 KB   158 KB   31 KB   220 KB   60 KB   8 KB   158 KB   31 KB   220 KB   60 KB   8 KB   158 KB   31 KB   220 KB   60 KB   9 KB   158 KB   31 KB   220 KB   60 KB   9 KB   158 KB   31 KB   220 KB   60 KB   10 KB   158 KB   31 KB   220 KB   60 KB   11 KB   158 KB   31 KB   220 KB   60 KB   11 KB   158 KB   31 KB   220 KB   60 KB   12 KB   158 KB   31 KB   220 KB   60 KB   12 KB   158 KB   31 KB   220 KB   60 KB   13 KB   158 KB   31 KB   220 KB   60 KB   13 KB   158 KB   31 KB   220 KB   60 KB   14 KB   158 KB   31 KB   220 KB   60 KB   14 KB   158 KB   31 KB   220 KB   60 KB   14 KB   158 KB   31 KB   220 KB   60 KB   15 KB   158 KB   31 KB   220 KB   60 KB   16 KB   158 KB   31 KB   220 KB   60 KB   16 KB   158 KB   31 KB   220 KB   60 KB   17 KB   158 KB   31 KB   220 KB   60 KB   17 KB   158 KB   31 KB   220 KB   60 KB   18 KB   158 KB   31 KB   220 KB   60 KB   18 KB   158 KB   31 KB   220 KB   60 KB   18 KB   158 KB   31 KB   220 KB   60 KB   19 KB   158 KB   31 KB   220 KB   60 KB   19 KB   158 KB   31 KB   220 KB   60 KB   20 KB   158 KB   31 KB   220 KB   60 KB   20 KB   158 KB   31 KB   220 KB   60 KB   21 KB   158 KB   31 KB   220 KB   60 KB   21 KB   158 KB   31 KB   220 KB   60 KB   22 KB   158 KB   31 KB   220 KB   60 KB   22 KB   158 KB   31 KB   220 KB   60 KB   23 KB   158 KB   31 KB   220 KB   60 KB   23 KB   158 KB   31 KB   220 KB   60 KB   24 KB   158 KB   31 KB   220 KB   60 KB   24 KB   158 KB   31 KB   220 KB   60 KB   25 KB   158 KB   31 KB   220 KB   60 KB   25 KB   158 KB   31 KB   220 KB   60 KB   26 KB   158 KB   31 KB   220 KB   60 KB   26 KB   158 KB   31 KB   220 KB   60 KB   27 KB   158 KB   31 KB   220 KB   60 KB   27 KB   158 KB   31 KB   220 KB   60 KB   28 KB   158 KB   31 KB   220 KB   60 KB   28 KB   158 KB   31 KB   220 KB   60 KB   29 KB   158 KB   31 KB   220 KB   60 KB   29 KB   158 KB   31 KB   220 KB   60 KB   30 KB   158 KB   31 KB   220 KB   60 KB   31 KB   158 KB   31 KB   220 KB   60 KB   33 KB   158 KB   31 KB   220 KB   60 KB   34 KB   158 KB   31 KB   220 KB   60 KB                                             Downloaded: http://repo.maven.apache.org/maven2/org/apache/maven/surefire/maven-surefire-common/2.10/maven-surefire-common-2.10.jar (60 KB at 40.1 KB/sec)
Downloading: http://repo.maven.apache.org/maven2/org/apache/maven/reporting/maven-reporting-api/2.0.9/maven-reporting-api-2.0.9.jar
                                          Downloaded: http://repo.maven.apache.org/maven2/org/codehaus/plexus/plexus-utils/2.1/plexus-utils-2.1.jar (220 KB at 126.1 KB/sec)
                                          Downloaded: http://repo.maven.apache.org/maven2/org/apache/maven/surefire/surefire-api/2.10/surefire-api-2.10.jar (158 KB at 78.7 KB/sec)
                                          Downloaded: http://repo.maven.apache.org/maven2/org/apache/maven/shared/maven-common-artifact-filters/1.3/maven-common-artifact-filters-1.3.jar (31 KB at 13.5 KB/sec)
                                          Downloaded: http://repo.maven.apache.org/maven2/org/apache/maven/surefire/surefire-booter/2.10/surefire-booter-2.10.jar (34 KB at 13.2 KB/sec)
612 B                                     2 KB    2 KB   3 KB   3 KB   3 KB   4 KB   4 KB   5 KB   5 KB   6 KB   6 KB   7 KB   7 KB   8 KB   8 KB   9 KB   10 KB           Downloaded: http://repo.maven.apache.org/maven2/org/apache/maven/reporting/maven-reporting-api/2.0.9/maven-reporting-api-2.0.9.jar (10 KB at 6.6 KB/sec)
[INFO] Surefire report directory: /build/src/jline-1.0/src/target/surefire-reports
Downloading: http://repo.maven.apache.org/maven2/org/apache/maven/surefire/surefire-junit3/2.10/surefire-junit3-2.10.pom
2 KB    2 KB          Downloaded: http://repo.maven.apache.org/maven2/org/apache/maven/surefire/surefire-junit3/2.10/surefire-junit3-2.10.pom (2 KB at 3.8 KB/sec)
Downloading: http://repo.maven.apache.org/maven2/org/apache/maven/surefire/surefire-providers/2.10/surefire-providers-2.10.pom
862 B   3 KB           Downloaded: http://repo.maven.apache.org/maven2/org/apache/maven/surefire/surefire-providers/2.10/surefire-providers-2.10.pom (3 KB at 4.5 KB/sec)
Downloading: http://repo.maven.apache.org/maven2/org/apache/maven/surefire/surefire-junit3/2.10/surefire-junit3-2.10.jar
832 B   2 KB    2 KB   3 KB   3 KB   3 KB   4 KB   5 KB   5 KB   5 KB   6 KB   7 KB   7 KB   8 KB   8 KB   8 KB   9 KB   10 KB   10 KB   11 KB   11 KB   12 KB   12 KB   12 KB   13 KB   13 KB   14 KB   14 KB   15 KB   15 KB   16 KB   16 KB   17 KB   18 KB   18 KB   19 KB   19 KB   20 KB   20 KB   21 KB   21 KB   22 KB   22 KB   23 KB   24 KB   26 KB           Downloaded: http://repo.maven.apache.org/maven2/org/apache/maven/surefire/surefire-junit3/2.10/surefire-junit3-2.10.jar (26 KB at 52.9 KB/sec)

-------------------------------------------------------
 T E S T S
-------------------------------------------------------
Running jline.TestHistory
Tests run: 1, Failures: 0, Errors: 0, Skipped: 0, Time elapsed: 0.1 sec
Running jline.TestCompletion
Tests run: 2, Failures: 0, Errors: 0, Skipped: 0, Time elapsed: 0.01 sec
Running jline.TestEditLine
Tests run: 9, Failures: 0, Errors: 0, Skipped: 0, Time elapsed: 0.054 sec
Running jline.ConsoleReaderTest
Tests run: 10, Failures: 0, Errors: 0, Skipped: 0, Time elapsed: 0.008 sec

Results :

Tests run: 22, Failures: 0, Errors: 0, Skipped: 0

[INFO] 
[INFO] --- maven-jar-plugin:2.3.2:jar (default-jar) @ jline ---
Downloading: http://repo.maven.apache.org/maven2/org/apache/maven/maven-archiver/2.4.2/maven-archiver-2.4.2.pom
799 B   3 KB    4 KB          Downloaded: http://repo.maven.apache.org/maven2/org/apache/maven/maven-archiver/2.4.2/maven-archiver-2.4.2.pom (4 KB at 14.5 KB/sec)
Downloading: http://repo.maven.apache.org/maven2/org/codehaus/plexus/plexus-archiver/2.0.1/plexus-archiver-2.0.1.pom
2 KB   3 KB          Downloaded: http://repo.maven.apache.org/maven2/org/codehaus/plexus/plexus-archiver/2.0.1/plexus-archiver-2.0.1.pom (3 KB at 5.4 KB/sec)
Downloading: http://repo.maven.apache.org/maven2/org/sonatype/spice/spice-parent/17/spice-parent-17.pom
2 KB   4 KB   7 KB   7 KB          Downloaded: http://repo.maven.apache.org/maven2/org/sonatype/spice/spice-parent/17/spice-parent-17.pom (7 KB at 13.3 KB/sec)
Downloading: http://repo.maven.apache.org/maven2/org/sonatype/forge/forge-parent/10/forge-parent-10.pom
732 B   3 KB    7 KB   9 KB   12 KB   14 KB           Downloaded: http://repo.maven.apache.org/maven2/org/sonatype/forge/forge-parent/10/forge-parent-10.pom (14 KB at 26.6 KB/sec)
Downloading: http://repo.maven.apache.org/maven2/org/codehaus/plexus/plexus-utils/3.0/plexus-utils-3.0.pom
812 B   3 KB    4 KB          Downloaded: http://repo.maven.apache.org/maven2/org/codehaus/plexus/plexus-utils/3.0/plexus-utils-3.0.pom (4 KB at 8.0 KB/sec)
Downloading: http://repo.maven.apache.org/maven2/org/codehaus/plexus/plexus-io/2.0.1/plexus-io-2.0.1.pom
2 KB   2 KB          Downloaded: http://repo.maven.apache.org/maven2/org/codehaus/plexus/plexus-io/2.0.1/plexus-io-2.0.1.pom (2 KB at 3.3 KB/sec)
Downloading: http://repo.maven.apache.org/maven2/org/codehaus/plexus/plexus-components/1.1.19/plexus-components-1.1.19.pom
2 KB   3 KB          Downloaded: http://repo.maven.apache.org/maven2/org/codehaus/plexus/plexus-components/1.1.19/plexus-components-1.1.19.pom (3 KB at 5.4 KB/sec)
Downloading: http://repo.maven.apache.org/maven2/org/codehaus/plexus/plexus/3.0.1/plexus-3.0.1.pom
706 B   3 KB    4 KB   8 KB   10 KB   14 KB   14 KB   18 KB   18 KB   19 KB           Downloaded: http://repo.maven.apache.org/maven2/org/codehaus/plexus/plexus/3.0.1/plexus-3.0.1.pom (19 KB at 35.3 KB/sec)
Downloading: http://repo.maven.apache.org/maven2/commons-lang/commons-lang/2.1/commons-lang-2.1.pom
2 KB    5 KB   8 KB   10 KB   10 KB           Downloaded: http://repo.maven.apache.org/maven2/commons-lang/commons-lang/2.1/commons-lang-2.1.pom (10 KB at 20.4 KB/sec)
Downloading: http://repo.maven.apache.org/maven2/org/apache/maven/maven-archiver/2.4.2/maven-archiver-2.4.2.jar
Downloading: http://repo.maven.apache.org/maven2/org/codehaus/plexus/plexus-archiver/2.0.1/plexus-archiver-2.0.1.jar
Downloading: http://repo.maven.apache.org/maven2/org/codehaus/plexus/plexus-io/2.0.1/plexus-io-2.0.1.jar
Downloading: http://repo.maven.apache.org/maven2/commons-lang/commons-lang/2.1/commons-lang-2.1.jar
Downloading: http://repo.maven.apache.org/maven2/org/codehaus/plexus/plexus-utils/3.0/plexus-utils-3.0.jar
645 B   2 KB    2 KB   3 KB   3 KB   3 KB   4 KB   4 KB   5 KB   5 KB   6 KB   6 KB   7 KB   7 KB   8 KB   8 KB   9 KB   9 KB   10 KB   10 KB   11 KB   11 KB   12 KB   12 KB   12 KB   13 KB   13 KB   14 KB   14 KB   15 KB   15 KB   16 KB   16 KB   17 KB   17 KB   18 KB   18 KB   19 KB   20 KB   2 KB   20 KB   2 KB   20 KB   3 KB   20 KB   3 KB   20 KB   4 KB   20 KB   4 KB   20 KB   5 KB   20 KB   5 KB   20 KB   5 KB   20 KB   6 KB   20 KB   6 KB   20 KB   7 KB   20 KB   8 KB   20 KB   8 KB   20 KB   9 KB   20 KB   9 KB   20 KB   10 KB   20 KB   10 KB   20 KB   11 KB   20 KB   11 KB   20 KB   12 KB   20 KB   12 KB   20 KB   13 KB   20 KB   13 KB   20 KB   14 KB   20 KB   14 KB   20 KB   15 KB   20 KB   15 KB   20 KB   16 KB   20 KB   16 KB   20 KB   17 KB   20 KB   17 KB   20 KB   18 KB   20 KB   18 KB   20 KB   19 KB   20 KB   19 KB   20 KB   19 KB   20 KB   20 KB   20 KB   20 KB   20 KB   21 KB   20 KB   21 KB   20 KB   22 KB   20 KB   22 KB   20 KB   23 KB   20 KB   23 KB   20 KB   24 KB   20 KB   24 KB   20 KB   25 KB   20 KB   26 KB   20 KB   26 KB   20 KB   27 KB   20 KB   27 KB   20 KB   28 KB   20 KB   28 KB   20 KB   29 KB   20 KB   29 KB   20 KB   30 KB   20 KB   30 KB   20 KB   31 KB   20 KB   31 KB   20 KB   32 KB   20 KB   32 KB   20 KB   33 KB   20 KB   33 KB   20 KB   34 KB   20 KB   34 KB   20 KB   35 KB   20 KB   35 KB   20 KB   36 KB   20 KB   36 KB   20 KB   36 KB   20 KB   37 KB   20 KB   37 KB   20 KB   38 KB   20 KB   38 KB   20 KB   39 KB   20 KB   39 KB   20 KB   40 KB   20 KB   40 KB   20 KB   41 KB   20 KB   41 KB   20 KB   42 KB   20 KB   42 KB   20 KB   43 KB   20 KB   43 KB   20 KB   44 KB   20 KB   44 KB   20 KB   45 KB   20 KB   45 KB   20 KB   46 KB   20 KB   46 KB   20 KB   47 KB   20 KB   47 KB   20 KB   48 KB   20 KB   48 KB   20 KB   49 KB   20 KB   49 KB   20 KB   50 KB   20 KB   51 KB   20 KB   52 KB   20 KB   54 KB   20 KB   57 KB   20 KB   2 KB   57 KB   20 KB   2 KB   57 KB   20 KB   3 KB   57 KB   20 KB   3 KB   57 KB   20 KB   4 KB   57 KB   20 KB   4 KB   57 KB   20 KB   4 KB   57 KB   20 KB   5 KB   57 KB   20 KB   5 KB   57 KB   20 KB   6 KB   57 KB   20 KB   6 KB   57 KB   20 KB   7 KB   57 KB   20 KB   7 KB   57 KB   20 KB   8 KB   57 KB   20 KB   8 KB   57 KB   20 KB   9 KB   57 KB   20 KB   9 KB   57 KB   20 KB   10 KB   57 KB   20 KB   10 KB   57 KB   20 KB   11 KB   57 KB   20 KB   11 KB   57 KB   20 KB   12 KB   57 KB   20 KB   12 KB   57 KB   20 KB   13 KB   57 KB   20 KB   13 KB   57 KB   20 KB   14 KB   57 KB   20 KB   14 KB   57 KB   20 KB   15 KB   57 KB   20 KB   15 KB   57 KB   20 KB   16 KB   57 KB   20 KB   16 KB   57 KB   20 KB   17 KB   57 KB   20 KB   17 KB   57 KB   20 KB   18 KB   57 KB   20 KB   18 KB   57 KB   20 KB   18 KB   57 KB   20 KB   19 KB   57 KB   20 KB   19 KB   57 KB   20 KB   20 KB   57 KB   20 KB   20 KB   57 KB   20 KB   21 KB   57 KB   20 KB   21 KB   57 KB   20 KB   21 KB   57 KB   20 KB   22 KB   57 KB   20 KB   22 KB   57 KB   20 KB   23 KB   57 KB   20 KB   23 KB   57 KB   20 KB   24 KB   57 KB   20 KB   24 KB   57 KB   20 KB   25 KB   57 KB   20 KB   25 KB   57 KB   20 KB   26 KB   57 KB   20 KB   26 KB   57 KB   20 KB   27 KB   57 KB   20 KB   27 KB   57 KB   20 KB   28 KB   57 KB   20 KB   28 KB   57 KB   20 KB   29 KB   57 KB   20 KB   29 KB   57 KB   20 KB   30 KB   57 KB   20 KB   30 KB   57 KB   20 KB   31 KB   57 KB   20 KB   31 KB   57 KB   20 KB   32 KB   57 KB   20 KB   32 KB   57 KB   20 KB   33 KB   57 KB   20 KB   33 KB   57 KB   20 KB   34 KB   57 KB   20 KB   34 KB   57 KB   20 KB   35 KB   57 KB   20 KB   35 KB   57 KB   20 KB   36 KB   57 KB   20 KB   36 KB   57 KB   20 KB   37 KB   57 KB   20 KB   37 KB   57 KB   20 KB   38 KB   57 KB   20 KB   38 KB   57 KB   20 KB   39 KB   57 KB   20 KB   39 KB   57 KB   20 KB   40 KB   57 KB   20 KB   40 KB   57 KB   20 KB   40 KB   57 KB   20 KB   41 KB   57 KB   20 KB   41 KB   57 KB   20 KB   42 KB   57 KB   20 KB   42 KB   57 KB   20 KB   43 KB   57 KB   20 KB   43 KB   57 KB   20 KB   44 KB   57 KB   20 KB   44 KB   57 KB   20 KB   45 KB   57 KB   20 KB   45 KB   57 KB   20 KB   46 KB   57 KB   20 KB   46 KB   57 KB   20 KB   47 KB   57 KB   20 KB   47 KB   57 KB   20 KB   48 KB   57 KB   20 KB   48 KB   57 KB   20 KB   49 KB   57 KB   20 KB   49 KB   57 KB   20 KB   50 KB   57 KB   20 KB   50 KB   57 KB   20 KB   51 KB   57 KB   20 KB   51 KB   57 KB   20 KB   51 KB   57 KB   20 KB   52 KB   57 KB   20 KB   52 KB   57 KB   20 KB   53 KB   57 KB   20 KB   53 KB   57 KB   20 KB   54 KB   57 KB   20 KB   54 KB   57 KB   20 KB   55 KB   57 KB   20 KB   55 KB   57 KB   20 KB   56 KB   57 KB   20 KB   56 KB   57 KB   20 KB   57 KB   57 KB   20 KB   57 KB   57 KB   20 KB   58 KB   57 KB   20 KB   58 KB   57 KB   20 KB   59 KB   57 KB   20 KB   59 KB   57 KB   20 KB   60 KB   57 KB   20 KB   60 KB   57 KB   20 KB   61 KB   57 KB   20 KB   61 KB   57 KB   20 KB   62 KB   57 KB   20 KB   62 KB   57 KB   20 KB   62 KB   57 KB   20 KB   63 KB   57 KB   20 KB   64 KB   57 KB   20 KB   64 KB   57 KB   20 KB   65 KB   57 KB   20 KB   65 KB   57 KB   20 KB   66 KB   57 KB   20 KB   66 KB   57 KB   20 KB   67 KB   57 KB   20 KB   67 KB   57 KB   20 KB   68 KB   57 KB   20 KB   68 KB   57 KB   20 KB   69 KB   57 KB   20 KB   69 KB   57 KB   20 KB   70 KB   57 KB   20 KB   70 KB   57 KB   20 KB   71 KB   57 KB   20 KB   71 KB   57 KB   20 KB   72 KB   57 KB   20 KB   72 KB   57 KB   20 KB   73 KB   57 KB   20 KB   73 KB   57 KB   20 KB   74 KB   57 KB   20 KB   74 KB   57 KB   20 KB   75 KB   57 KB   20 KB   75 KB   57 KB   20 KB   76 KB   57 KB   20 KB   76 KB   57 KB   20 KB   77 KB   57 KB   20 KB   77 KB   57 KB   20 KB   77 KB   57 KB   20 KB   78 KB   57 KB   20 KB   79 KB   57 KB   20 KB   79 KB   57 KB   20 KB   80 KB   57 KB   20 KB   80 KB   57 KB   20 KB   81 KB   57 KB   20 KB   81 KB   57 KB   20 KB   82 KB   57 KB   20 KB   82 KB   57 KB   20 KB   82 KB   57 KB   20 KB   83 KB   57 KB   20 KB   83 KB   57 KB   20 KB   84 KB   57 KB   20 KB   84 KB   57 KB   20 KB   84 KB   57 KB   20 KB   85 KB   57 KB   20 KB   86 KB   57 KB   20 KB   86 KB   57 KB   20 KB   86 KB   57 KB   20 KB   87 KB   57 KB   20 KB   87 KB   57 KB   20 KB   88 KB   57 KB   20 KB   88 KB   57 KB   20 KB   89 KB   57 KB   20 KB   89 KB   57 KB   20 KB   90 KB   57 KB   20 KB   90 KB   57 KB   20 KB   91 KB   57 KB   20 KB   91 KB   57 KB   20 KB   92 KB   57 KB   20 KB   92 KB   57 KB   20 KB   93 KB   57 KB   20 KB   93 KB   57 KB   20 KB   94 KB   57 KB   20 KB   94 KB   57 KB   20 KB   95 KB   57 KB   20 KB   95 KB   57 KB   20 KB   96 KB   57 KB   20 KB   96 KB   57 KB   20 KB   97 KB   57 KB   20 KB   97 KB   57 KB   20 KB   98 KB   57 KB   20 KB   98 KB   57 KB   20 KB   99 KB   57 KB   20 KB   99 KB   57 KB   20 KB   100 KB   57 KB   20 KB   100 KB   57 KB   20 KB   101 KB   57 KB   20 KB   101 KB   57 KB   20 KB   102 KB   57 KB   20 KB   102 KB   57 KB   20 KB   103 KB   57 KB   20 KB   103 KB   57 KB   20 KB   104 KB   57 KB   20 KB   104 KB   57 KB   20 KB   105 KB   57 KB   20 KB   105 KB   57 KB   20 KB   106 KB   57 KB   20 KB   106 KB   57 KB   20 KB   107 KB   57 KB   20 KB   107 KB   57 KB   20 KB   108 KB   57 KB   20 KB   108 KB   57 KB   20 KB   109 KB   57 KB   20 KB   109 KB   57 KB   20 KB   110 KB   57 KB   20 KB   110 KB   57 KB   20 KB   111 KB   57 KB   20 KB   111 KB   57 KB   20 KB   112 KB   57 KB   20 KB   112 KB   57 KB   20 KB   113 KB   57 KB   20 KB   113 KB   57 KB   20 KB   114 KB   57 KB   20 KB   114 KB   57 KB   20 KB   115 KB   57 KB   20 KB   115 KB   57 KB   20 KB   116 KB   57 KB   20 KB   116 KB   57 KB   20 KB   116 KB   57 KB   20 KB   117 KB   57 KB   20 KB   117 KB   57 KB   20 KB   118 KB   57 KB   20 KB   118 KB   57 KB   20 KB   118 KB   57 KB   20 KB   119 KB   57 KB   20 KB   120 KB   57 KB   20 KB   120 KB   57 KB   20 KB   120 KB   57 KB   20 KB   121 KB   57 KB   20 KB   121 KB   57 KB   20 KB   122 KB   57 KB   20 KB   122 KB   57 KB   20 KB   123 KB   57 KB   20 KB   123 KB   57 KB   20 KB   124 KB   57 KB   20 KB   124 KB   57 KB   20 KB   125 KB   57 KB   20 KB   125 KB   57 KB   20 KB   126 KB   57 KB   20 KB   126 KB   57 KB   20 KB   126 KB   57 KB   20 KB   127 KB   57 KB   20 KB   127 KB   57 KB   20 KB   128 KB   57 KB   20 KB   128 KB   57 KB   20 KB   129 KB   57 KB   20 KB   129 KB   57 KB   20 KB   130 KB   57 KB   20 KB   130 KB   57 KB   20 KB   131 KB   57 KB   20 KB   131 KB   57 KB   20 KB   132 KB   57 KB   20 KB   132 KB   57 KB   20 KB   133 KB   57 KB   20 KB   133 KB   57 KB   20 KB   134 KB   57 KB   20 KB   134 KB   57 KB   20 KB   135 KB   57 KB   20 KB   135 KB   57 KB   20 KB   136 KB   57 KB   20 KB   136 KB   57 KB   20 KB   137 KB   57 KB   20 KB   137 KB   57 KB   20 KB   138 KB   57 KB   20 KB   138 KB   57 KB   20 KB   139 KB   57 KB   20 KB   139 KB   57 KB   20 KB   140 KB   57 KB   20 KB   140 KB   57 KB   20 KB   141 KB   57 KB   20 KB   141 KB   57 KB   20 KB   142 KB   57 KB   20 KB   142 KB   57 KB   20 KB   143 KB   57 KB   20 KB   143 KB   57 KB   20 KB   143 KB   57 KB   20 KB   144 KB   57 KB   20 KB   144 KB   57 KB   20 KB   145 KB   57 KB   20 KB   145 KB   57 KB   20 KB   146 KB   57 KB   20 KB   146 KB   57 KB   20 KB   147 KB   57 KB   20 KB   147 KB   57 KB   20 KB   148 KB   57 KB   20 KB   148 KB   57 KB   20 KB   149 KB   57 KB   20 KB   149 KB   57 KB   20 KB   150 KB   57 KB   20 KB   150 KB   57 KB   20 KB   151 KB   57 KB   20 KB   151 KB   57 KB   20 KB   151 KB   57 KB   20 KB   152 KB   57 KB   20 KB   152 KB   57 KB   20 KB   153 KB   57 KB   20 KB   153 KB   57 KB   20 KB   153 KB   57 KB   20 KB   154 KB   57 KB   20 KB   154 KB   57 KB   20 KB   155 KB   57 KB   20 KB   155 KB   57 KB   20 KB   156 KB   57 KB   20 KB   156 KB   57 KB   20 KB   157 KB   57 KB   20 KB   157 KB   57 KB   20 KB   158 KB   57 KB   20 KB   158 KB   57 KB   20 KB   159 KB   57 KB   20 KB   159 KB   57 KB   20 KB   160 KB   57 KB   20 KB   160 KB   57 KB   20 KB   160 KB   57 KB   20 KB   161 KB   57 KB   20 KB   162 KB   57 KB   20 KB   162 KB   57 KB   20 KB   163 KB   57 KB   20 KB   163 KB   57 KB   20 KB   164 KB   57 KB   20 KB   166 KB   57 KB   20 KB   168 KB   57 KB   20 KB   169 KB   57 KB   20 KB   172 KB   57 KB   20 KB   174 KB   57 KB   20 KB   176 KB   57 KB   20 KB   176 KB   57 KB   20 KB   499 B   176 KB   57 KB   20 KB   1010 B   176 KB   57 KB   20 KB   2 KB   176 KB   57 KB   20 KB     2 KB   176 KB   57 KB   20 KB   3 KB   176 KB   57 KB   20 KB   3 KB   176 KB   57 KB   20 KB   4 KB   176 KB   57 KB   20 KB   4 KB   176 KB   57 KB   20 KB   4 KB   176 KB   57 KB   20 KB   5 KB   176 KB   57 KB   20 KB   6 KB   176 KB   57 KB   20 KB   6 KB   176 KB   57 KB   20 KB   7 KB   176 KB   57 KB   20 KB   7 KB   176 KB   57 KB   20 KB   7 KB   176 KB   57 KB   20 KB   8 KB   176 KB   57 KB   20 KB   8 KB   176 KB   57 KB   20 KB   9 KB   176 KB   57 KB   20 KB   9 KB   176 KB   57 KB   20 KB   10 KB   176 KB   57 KB   20 KB   10 KB   176 KB   57 KB   20 KB   11 KB   176 KB   57 KB   20 KB   11 KB   176 KB   57 KB   20 KB   12 KB   176 KB   57 KB   20 KB   12 KB   176 KB   57 KB   20 KB   13 KB   176 KB   57 KB   20 KB   13 KB   176 KB   57 KB   20 KB   14 KB   176 KB   57 KB   20 KB   14 KB   176 KB   57 KB   20 KB   15 KB   176 KB   57 KB   20 KB   15 KB   176 KB   57 KB   20 KB   16 KB   176 KB   57 KB   20 KB   16 KB   176 KB   57 KB   20 KB   17 KB   176 KB   57 KB   20 KB   17 KB   176 KB   57 KB   20 KB   17 KB   176 KB   57 KB   20 KB   17 KB   176 KB   57 KB   20 KB   18 KB   176 KB   57 KB   20 KB   18 KB   176 KB   57 KB   20 KB   19 KB   176 KB   57 KB   20 KB   19 KB   176 KB   57 KB   20 KB   20 KB   176 KB   57 KB   20 KB   20 KB   176 KB   57 KB   20 KB   21 KB   176 KB   57 KB   20 KB   21 KB   176 KB   57 KB   20 KB   22 KB   176 KB   57 KB   20 KB   22 KB   176 KB   57 KB   20 KB   23 KB   176 KB   57 KB   20 KB   23 KB   176 KB   57 KB   20 KB   24 KB   176 KB   57 KB   20 KB   24 KB   176 KB   57 KB   20 KB   25 KB   176 KB   57 KB   20 KB   25 KB   176 KB   57 KB   20 KB   26 KB   176 KB   57 KB   20 KB   26 KB   176 KB   57 KB   20 KB   27 KB   176 KB   57 KB   20 KB   27 KB   176 KB   57 KB   20 KB   28 KB   176 KB   57 KB   20 KB   28 KB   176 KB   57 KB   20 KB   29 KB   176 KB   57 KB   20 KB   29 KB   176 KB   57 KB   20 KB   30 KB   176 KB   57 KB   20 KB   30 KB   176 KB   57 KB   20 KB   30 KB   176 KB   57 KB   20 KB   31 KB   176 KB   57 KB   20 KB   32 KB   176 KB   57 KB   20 KB   32 KB   176 KB   57 KB   20 KB   32 KB   176 KB   57 KB   20 KB   33 KB   176 KB   57 KB   20 KB   34 KB   176 KB   57 KB   20 KB   34 KB   176 KB   57 KB   20 KB   35 KB   176 KB   57 KB   20 KB   35 KB   176 KB   57 KB   20 KB   36 KB   176 KB   57 KB   20 KB   36 KB   176 KB   57 KB   20 KB   36 KB   176 KB   57 KB   20 KB   37 KB   176 KB   57 KB   20 KB   38 KB   176 KB   57 KB   20 KB   38 KB   176 KB   57 KB   20 KB   39 KB   176 KB   57 KB   20 KB   39 KB   176 KB   57 KB   20 KB   39 KB   176 KB   57 KB   20 KB   40 KB   176 KB   57 KB   20 KB   40 KB   176 KB   57 KB   20 KB   41 KB   176 KB   57 KB   20 KB   41 KB   176 KB   57 KB   20 KB   42 KB   176 KB   57 KB   20 KB   42 KB   176 KB   57 KB   20 KB   43 KB   176 KB   57 KB   20 KB   43 KB   176 KB   57 KB   20 KB   44 KB   176 KB   57 KB   20 KB   44 KB   176 KB   57 KB   20 KB   45 KB   176 KB   57 KB   20 KB   45 KB   176 KB   57 KB   20 KB   46 KB   176 KB   57 KB   20 KB   46 KB   176 KB   57 KB   20 KB   47 KB   176 KB   57 KB   20 KB   47 KB   176 KB   57 KB   20 KB   48 KB   176 KB   57 KB   20 KB   48 KB   176 KB   57 KB   20 KB   49 KB   176 KB   57 KB   20 KB   49 KB   176 KB   57 KB   20 KB   50 KB   176 KB   57 KB   20 KB   50 KB   176 KB   57 KB   20 KB   50 KB   176 KB   57 KB   20 KB   51 KB   176 KB   57 KB   20 KB   51 KB   176 KB   57 KB   20 KB   52 KB   176 KB   57 KB   20 KB   52 KB   176 KB   57 KB   20 KB   52 KB   176 KB   57 KB   20 KB   53 KB   176 KB   57 KB   20 KB   53 KB   176 KB   57 KB   20 KB   54 KB   176 KB   57 KB   20 KB   54 KB   176 KB   57 KB   20 KB   55 KB   176 KB   57 KB   20 KB   56 KB   176 KB   57 KB   20 KB   56 KB   176 KB   57 KB   20 KB   57 KB   176 KB   57 KB   20 KB   57 KB   176 KB   57 KB   20 KB   57 KB   176 KB   57 KB   20 KB   58 KB   176 KB   57 KB   20 KB   58 KB   176 KB   57 KB   20 KB   59 KB   176 KB   57 KB   20 KB   59 KB   176 KB   57 KB   20 KB   60 KB   176 KB   57 KB   20 KB   60 KB   176 KB   57 KB   20 KB   61 KB   176 KB   57 KB   20 KB   61 KB   176 KB   57 KB   20 KB   62 KB   176 KB   57 KB   20 KB   62 KB   176 KB   57 KB   20 KB   63 KB   176 KB   57 KB   20 KB   63 KB   176 KB   57 KB   20 KB   64 KB   176 KB   57 KB   20 KB   64 KB   176 KB   57 KB   20 KB   65 KB   176 KB   57 KB   20 KB   65 KB   176 KB   57 KB   20 KB   66 KB   176 KB   57 KB   20 KB   66 KB   176 KB   57 KB   20 KB   67 KB   176 KB   57 KB   20 KB   67 KB   176 KB   57 KB   20 KB   67 KB   176 KB   57 KB   20 KB   68 KB   176 KB   57 KB   20 KB   68 KB   176 KB   57 KB   20 KB   69 KB   176 KB   57 KB   20 KB   69 KB   176 KB   57 KB   20 KB   70 KB   176 KB   57 KB   20 KB   70 KB   176 KB   57 KB   20 KB   71 KB   176 KB   57 KB   20 KB   71 KB   176 KB   57 KB   20 KB   72 KB   176 KB   57 KB   20 KB   72 KB   176 KB   57 KB   20 KB   73 KB   176 KB   57 KB   20 KB   73 KB   176 KB   57 KB   20 KB   74 KB   176 KB   57 KB   20 KB   74 KB   176 KB   57 KB   20 KB   75 KB   176 KB   57 KB   20 KB   75 KB   176 KB   57 KB   20 KB   76 KB   176 KB   57 KB   20 KB   76 KB   176 KB   57 KB   20 KB   77 KB   176 KB   57 KB   20 KB   77 KB   176 KB   57 KB   20 KB   78 KB   176 KB   57 KB   20 KB   78 KB   176 KB   57 KB   20 KB   78 KB   176 KB   57 KB   20 KB   79 KB   176 KB   57 KB   20 KB   79 KB   176 KB   57 KB   20 KB   80 KB   176 KB   57 KB   20 KB   80 KB   176 KB   57 KB   20 KB   81 KB   176 KB   57 KB   20 KB   81 KB   176 KB   57 KB   20 KB   82 KB   176 KB   57 KB   20 KB   82 KB   176 KB   57 KB   20 KB   82 KB   176 KB   57 KB   20 KB   83 KB   176 KB   57 KB   20 KB   83 KB   176 KB   57 KB   20 KB   84 KB   176 KB   57 KB   20 KB   84 KB   176 KB   57 KB   20 KB   85 KB   176 KB   57 KB   20 KB   85 KB   176 KB   57 KB   20 KB   86 KB   176 KB   57 KB   20 KB   86 KB   176 KB   57 KB   20 KB   87 KB   176 KB   57 KB   20 KB   87 KB   176 KB   57 KB   20 KB   88 KB   176 KB   57 KB   20 KB   88 KB   176 KB   57 KB   20 KB   89 KB   176 KB   57 KB   20 KB   89 KB   176 KB   57 KB   20 KB   90 KB   176 KB   57 KB   20 KB   90 KB   176 KB   57 KB   20 KB   90 KB   176 KB   57 KB   20 KB   91 KB   176 KB   57 KB   20 KB   91 KB   176 KB   57 KB   20 KB   92 KB   176 KB   57 KB   20 KB   92 KB   176 KB   57 KB   20 KB   93 KB   176 KB   57 KB   20 KB   93 KB   176 KB   57 KB   20 KB   94 KB   176 KB   57 KB   20 KB   94 KB   176 KB   57 KB   20 KB   95 KB   176 KB   57 KB   20 KB   95 KB   176 KB   57 KB   20 KB   96 KB   176 KB   57 KB   20 KB   96 KB   176 KB   57 KB   20 KB   97 KB   176 KB   57 KB   20 KB   97 KB   176 KB   57 KB   20 KB   98 KB   176 KB   57 KB   20 KB   98 KB   176 KB   57 KB   20 KB   99 KB   176 KB   57 KB   20 KB   99 KB   176 KB   57 KB   20 KB   100 KB   176 KB   57 KB   20 KB   100 KB   176 KB   57 KB   20 KB   101 KB   176 KB   57 KB   20 KB   101 KB   176 KB   57 KB   20 KB   102 KB   176 KB   57 KB   20 KB   102 KB   176 KB   57 KB   20 KB   103 KB   176 KB   57 KB   20 KB   103 KB   176 KB   57 KB   20 KB   104 KB   176 KB   57 KB   20 KB   104 KB   176 KB   57 KB   20 KB   105 KB   176 KB   57 KB   20 KB   105 KB   176 KB   57 KB   20 KB   106 KB   176 KB   57 KB   20 KB   106 KB   176 KB   57 KB   20 KB   107 KB   176 KB   57 KB   20 KB   107 KB   176 KB   57 KB   20 KB   108 KB   176 KB   57 KB   20 KB   108 KB   176 KB   57 KB   20 KB   109 KB   176 KB   57 KB   20 KB   109 KB   176 KB   57 KB   20 KB   110 KB   176 KB   57 KB   20 KB   110 KB   176 KB   57 KB   20 KB   111 KB   176 KB   57 KB   20 KB   111 KB   176 KB   57 KB   20 KB   112 KB   176 KB   57 KB   20 KB   112 KB   176 KB   57 KB   20 KB   113 KB   176 KB   57 KB   20 KB   113 KB   176 KB   57 KB   20 KB   114 KB   176 KB   57 KB   20 KB   114 KB   176 KB   57 KB   20 KB   115 KB   176 KB   57 KB   20 KB   115 KB   176 KB   57 KB   20 KB   116 KB   176 KB   57 KB   20 KB   116 KB   176 KB   57 KB   20 KB   116 KB   176 KB   57 KB   20 KB   117 KB   176 KB   57 KB   20 KB   117 KB   176 KB   57 KB   20 KB   118 KB   176 KB   57 KB   20 KB   118 KB   176 KB   57 KB   20 KB   119 KB   176 KB   57 KB   20 KB   119 KB   176 KB   57 KB   20 KB   120 KB   176 KB   57 KB   20 KB   120 KB   176 KB   57 KB   20 KB   121 KB   176 KB   57 KB   20 KB   121 KB   176 KB   57 KB   20 KB   121 KB   176 KB   57 KB   20 KB   122 KB   176 KB   57 KB   20 KB   122 KB   176 KB   57 KB   20 KB   123 KB   176 KB   57 KB   20 KB   123 KB   176 KB   57 KB   20 KB   124 KB   176 KB   57 KB   20 KB   124 KB   176 KB   57 KB   20 KB   125 KB   176 KB   57 KB   20 KB   125 KB   176 KB   57 KB   20 KB   126 KB   176 KB   57 KB   20 KB   126 KB   176 KB   57 KB   20 KB   127 KB   176 KB   57 KB   20 KB   127 KB   176 KB   57 KB   20 KB   128 KB   176 KB   57 KB   20 KB   128 KB   176 KB   57 KB   20 KB   129 KB   176 KB   57 KB   20 KB   129 KB   176 KB   57 KB   20 KB   130 KB   176 KB   57 KB   20 KB   130 KB   176 KB   57 KB   20 KB   131 KB   176 KB   57 KB   20 KB   131 KB   176 KB   57 KB   20 KB   132 KB   176 KB   57 KB   20 KB   132 KB   176 KB   57 KB   20 KB   133 KB   176 KB   57 KB   20 KB   133 KB   176 KB   57 KB   20 KB   134 KB   176 KB   57 KB   20 KB   134 KB   176 KB   57 KB   20 KB   135 KB   176 KB   57 KB   20 KB   135 KB   176 KB   57 KB   20 KB   136 KB   176 KB   57 KB   20 KB   136 KB   176 KB   57 KB   20 KB   137 KB   176 KB   57 KB   20 KB   137 KB   176 KB   57 KB   20 KB   137 KB   176 KB   57 KB   20 KB   138 KB   176 KB   57 KB   20 KB   138 KB   176 KB   57 KB   20 KB   139 KB   176 KB   57 KB   20 KB   139 KB   176 KB   57 KB   20 KB   140 KB   176 KB   57 KB   20 KB   140 KB   176 KB   57 KB   20 KB   141 KB   176 KB   57 KB   20 KB   141 KB   176 KB   57 KB   20 KB   142 KB   176 KB   57 KB   20 KB   142 KB   176 KB   57 KB   20 KB   143 KB   176 KB   57 KB   20 KB   143 KB   176 KB   57 KB   20 KB   144 KB   176 KB   57 KB   20 KB   144 KB   176 KB   57 KB   20 KB   145 KB   176 KB   57 KB   20 KB   145 KB   176 KB   57 KB   20 KB   146 KB   176 KB   57 KB   20 KB   146 KB   176 KB   57 KB   20 KB   147 KB   176 KB   57 KB   20 KB   147 KB   176 KB   57 KB   20 KB   148 KB   176 KB   57 KB   20 KB   148 KB   176 KB   57 KB   20 KB   149 KB   176 KB   57 KB   20 KB   149 KB   176 KB   57 KB   20 KB   149 KB   176 KB   57 KB   20 KB   150 KB   176 KB   57 KB   20 KB   150 KB   176 KB   57 KB   20 KB   150 KB   176 KB   57 KB   20 KB   151 KB   176 KB   57 KB   20 KB   151 KB   176 KB   57 KB   20 KB   152 KB   176 KB   57 KB   20 KB   152 KB   176 KB   57 KB   20 KB   153 KB   176 KB   57 KB   20 KB   153 KB   176 KB   57 KB   20 KB   154 KB   176 KB   57 KB   20 KB   154 KB   176 KB   57 KB   20 KB   155 KB   176 KB   57 KB   20 KB   155 KB   176 KB   57 KB   20 KB   156 KB   176 KB   57 KB   20 KB   156 KB   176 KB   57 KB   20 KB   157 KB   176 KB   57 KB   20 KB   157 KB   176 KB   57 KB   20 KB   158 KB   176 KB   57 KB   20 KB   158 KB   176 KB   57 KB   20 KB   159 KB   176 KB   57 KB   20 KB   159 KB   176 KB   57 KB   20 KB   160 KB   176 KB   57 KB   20 KB   160 KB   176 KB   57 KB   20 KB   161 KB   176 KB   57 KB   20 KB   161 KB   176 KB   57 KB   20 KB   162 KB   176 KB   57 KB   20 KB   162 KB   176 KB   57 KB   20 KB   163 KB   176 KB   57 KB   20 KB   163 KB   176 KB   57 KB   20 KB   164 KB   176 KB   57 KB   20 KB   164 KB   176 KB   57 KB   20 KB   165 KB   176 KB   57 KB   20 KB   165 KB   176 KB   57 KB   20 KB   166 KB   176 KB   57 KB   20 KB   166 KB   176 KB   57 KB   20 KB   167 KB   176 KB   57 KB   20 KB   167 KB   176 KB   57 KB   20 KB   168 KB   176 KB   57 KB   20 KB   168 KB   176 KB   57 KB   20 KB   169 KB   176 KB   57 KB   20 KB   169 KB   176 KB   57 KB   20 KB   170 KB   176 KB   57 KB   20 KB   170 KB   176 KB   57 KB   20 KB   170 KB   176 KB   57 KB   20 KB   171 KB   176 KB   57 KB   20 KB   171 KB   176 KB   57 KB   20 KB   172 KB   176 KB   57 KB   20 KB   173 KB   176 KB   57 KB   20 KB   173 KB   176 KB   57 KB   20 KB   173 KB   176 KB   57 KB   20 KB   174 KB   176 KB   57 KB   20 KB   175 KB   176 KB   57 KB   20 KB   175 KB   176 KB   57 KB   20 KB   176 KB   176 KB   57 KB   20 KB   176 KB   176 KB   57 KB   20 KB   177 KB   176 KB   57 KB   20 KB   177 KB   176 KB   57 KB   20 KB   178 KB   176 KB   57 KB   20 KB   178 KB   176 KB   57 KB   20 KB   179 KB   176 KB   57 KB   20 KB   179 KB   176 KB   57 KB   20 KB   180 KB   176 KB   57 KB   20 KB   180 KB   176 KB   57 KB   20 KB   181 KB   176 KB   57 KB   20 KB   181 KB   176 KB   57 KB   20 KB   182 KB   176 KB   57 KB   20 KB   182 KB   176 KB   57 KB   20 KB   183 KB   176 KB   57 KB   20 KB   183 KB   176 KB   57 KB   20 KB   184 KB   176 KB   57 KB   20 KB   184 KB   176 KB   57 KB   20 KB   185 KB   176 KB   57 KB   20 KB   185 KB   176 KB   57 KB   20 KB   186 KB   176 KB   57 KB   20 KB   186 KB   176 KB   57 KB   20 KB   187 KB   176 KB   57 KB   20 KB   187 KB   176 KB   57 KB   20 KB   188 KB   176 KB   57 KB   20 KB   188 KB   176 KB   57 KB   20 KB   189 KB   176 KB   57 KB   20 KB   189 KB   176 KB   57 KB   20 KB   190 KB   176 KB   57 KB   20 KB   190 KB   176 KB   57 KB   20 KB   190 KB   176 KB   57 KB   20 KB   191 KB   176 KB   57 KB   20 KB   191 KB   176 KB   57 KB   20 KB   192 KB   176 KB   57 KB   20 KB   194 KB   176 KB   57 KB   20 KB   195 KB   176 KB   57 KB   20 KB   197 KB   176 KB   57 KB   20 KB   200 KB   176 KB   57 KB   20 KB   201 KB   176 KB   57 KB   20 KB   203 KB   176 KB   57 KB   20 KB   203 KB   176 KB   57 KB   20 KB   2 KB   203 KB   176 KB   57 KB   20 KB   2 KB   203 KB   176 KB   57 KB   20 KB   3 KB   203 KB   176 KB   57 KB   20 KB   3 KB   203 KB   176 KB   57 KB   20 KB   4 KB   203 KB   176 KB   57 KB   20 KB   4 KB   203 KB   176 KB   57 KB   20 KB   4 KB   203 KB   176 KB   57 KB   20 KB   5 KB   203 KB   176 KB   57 KB   20 KB   5 KB   203 KB   176 KB   57 KB   20 KB   6 KB   203 KB   176 KB   57 KB   20 KB   6 KB   203 KB   176 KB   57 KB   20 KB   7 KB   203 KB   176 KB   57 KB   20 KB   7 KB   203 KB   176 KB   57 KB   20 KB   8 KB   203 KB   176 KB   57 KB   20 KB   8 KB   203 KB   176 KB   57 KB   20 KB   9 KB   203 KB   176 KB   57 KB   20 KB   9 KB   203 KB   176 KB   57 KB   20 KB   10 KB   203 KB   176 KB   57 KB   20 KB   10 KB   203 KB   176 KB   57 KB   20 KB   11 KB   203 KB   176 KB   57 KB   20 KB   11 KB   203 KB   176 KB   57 KB   20 KB   11 KB   203 KB   176 KB   57 KB   20 KB   12 KB   203 KB   176 KB   57 KB   20 KB   12 KB   203 KB   176 KB   57 KB   20 KB   13 KB   203 KB   176 KB   57 KB   20 KB   13 KB   203 KB   176 KB   57 KB   20 KB   14 KB   203 KB   176 KB   57 KB   20 KB   14 KB   203 KB   176 KB   57 KB   20 KB   15 KB   203 KB   176 KB   57 KB   20 KB   15 KB   203 KB   176 KB   57 KB   20 KB   16 KB   203 KB   176 KB   57 KB   20 KB   16 KB   203 KB   176 KB   57 KB   20 KB   17 KB   203 KB   176 KB   57 KB   20 KB   17 KB   203 KB   176 KB   57 KB   20 KB   17 KB   203 KB   176 KB   57 KB   20 KB   18 KB   203 KB   176 KB   57 KB   20 KB   18 KB   203 KB   176 KB   57 KB   20 KB   19 KB   203 KB   176 KB   57 KB   20 KB   19 KB   203 KB   176 KB   57 KB   20 KB   20 KB   203 KB   176 KB   57 KB   20 KB   20 KB   203 KB   176 KB   57 KB   20 KB   21 KB   203 KB   176 KB   57 KB   20 KB   21 KB   203 KB   176 KB   57 KB   20 KB   22 KB   203 KB   176 KB   57 KB   20 KB   22 KB   203 KB   176 KB   57 KB   20 KB   23 KB   203 KB   176 KB   57 KB   20 KB   23 KB   203 KB   176 KB   57 KB   20 KB   24 KB   203 KB   176 KB   57 KB   20 KB   24 KB   203 KB   176 KB   57 KB   20 KB   25 KB   203 KB   176 KB   57 KB   20 KB   25 KB   203 KB   176 KB   57 KB   20 KB   26 KB   203 KB   176 KB   57 KB   20 KB   26 KB   203 KB   176 KB   57 KB   20 KB   27 KB   203 KB   176 KB   57 KB   20 KB   27 KB   203 KB   176 KB   57 KB   20 KB   28 KB   203 KB   176 KB   57 KB   20 KB   28 KB   203 KB   176 KB   57 KB   20 KB   28 KB   203 KB   176 KB   57 KB   20 KB   29 KB   203 KB   176 KB   57 KB   20 KB   29 KB   203 KB   176 KB   57 KB   20 KB   30 KB   203 KB   176 KB   57 KB   20 KB   30 KB   203 KB   176 KB   57 KB   20 KB   31 KB   203 KB   176 KB   57 KB   20 KB   31 KB   203 KB   176 KB   57 KB   20 KB   32 KB   203 KB   176 KB   57 KB   20 KB   32 KB   203 KB   176 KB   57 KB   20 KB   33 KB   203 KB   176 KB   57 KB   20 KB   33 KB   203 KB   176 KB   57 KB   20 KB   34 KB   203 KB   176 KB   57 KB   20 KB   34 KB   203 KB   176 KB   57 KB   20 KB   35 KB   203 KB   176 KB   57 KB   20 KB   35 KB   203 KB   176 KB   57 KB   20 KB   36 KB   203 KB   176 KB   57 KB   20 KB   36 KB   203 KB   176 KB   57 KB   20 KB   37 KB   203 KB   176 KB   57 KB   20 KB   37 KB   203 KB   176 KB   57 KB   20 KB   38 KB   203 KB   176 KB   57 KB   20 KB   38 KB   203 KB   176 KB   57 KB   20 KB   39 KB   203 KB   176 KB   57 KB   20 KB   39 KB   203 KB   176 KB   57 KB   20 KB   40 KB   203 KB   176 KB   57 KB   20 KB   40 KB   203 KB   176 KB   57 KB   20 KB   41 KB   203 KB   176 KB   57 KB   20 KB   41 KB   203 KB   176 KB   57 KB   20 KB   42 KB   203 KB   176 KB   57 KB   20 KB   42 KB   203 KB   176 KB   57 KB   20 KB   43 KB   203 KB   176 KB   57 KB   20 KB   43 KB   203 KB   176 KB   57 KB   20 KB   44 KB   203 KB   176 KB   57 KB   20 KB   44 KB   203 KB   176 KB   57 KB   20 KB   44 KB   203 KB   176 KB   57 KB   20 KB   45 KB   203 KB   176 KB   57 KB   20 KB   46 KB   203 KB   176 KB   57 KB   20 KB   46 KB   203 KB   176 KB   57 KB   20 KB   47 KB   203 KB   176 KB   57 KB   20 KB   47 KB   203 KB   176 KB   57 KB   20 KB   47 KB   203 KB   176 KB   57 KB   20 KB   48 KB   203 KB   176 KB   57 KB   20 KB   48 KB   203 KB   176 KB   57 KB   20 KB   49 KB   203 KB   176 KB   57 KB   20 KB   49 KB   203 KB   176 KB   57 KB   20 KB   50 KB   203 KB   176 KB   57 KB   20 KB   50 KB   203 KB   176 KB   57 KB   20 KB   50 KB   203 KB   176 KB   57 KB   20 KB   51 KB   203 KB   176 KB   57 KB   20 KB   51 KB   203 KB   176 KB   57 KB   20 KB   52 KB   203 KB   176 KB   57 KB   20 KB   52 KB   203 KB   176 KB   57 KB   20 KB   53 KB   203 KB   176 KB   57 KB   20 KB   53 KB   203 KB   176 KB   57 KB   20 KB   54 KB   203 KB   176 KB   57 KB   20 KB   54 KB   203 KB   176 KB   57 KB   20 KB   55 KB   203 KB   176 KB   57 KB   20 KB   55 KB   203 KB   176 KB   57 KB   20 KB   56 KB   203 KB   176 KB   57 KB   20 KB   56 KB   203 KB   176 KB   57 KB   20 KB   57 KB   203 KB   176 KB   57 KB   20 KB   57 KB   203 KB   176 KB   57 KB   20 KB   58 KB   203 KB   176 KB   57 KB   20 KB   58 KB   203 KB   176 KB   57 KB   20 KB   59 KB   203 KB   176 KB   57 KB   20 KB   59 KB   203 KB   176 KB   57 KB   20 KB   60 KB   203 KB   176 KB   57 KB   20 KB   60 KB   203 KB   176 KB   57 KB   20 KB   61 KB   203 KB   176 KB   57 KB   20 KB   61 KB   203 KB   176 KB   57 KB   20 KB   62 KB   203 KB   176 KB   57 KB   20 KB   62 KB   203 KB   176 KB   57 KB   20 KB   63 KB   203 KB   176 KB   57 KB   20 KB   63 KB   203 KB   176 KB   57 KB   20 KB   64 KB   203 KB   176 KB   57 KB   20 KB   64 KB   203 KB   176 KB   57 KB   20 KB   65 KB   203 KB   176 KB   57 KB   20 KB   65 KB   203 KB   176 KB   57 KB   20 KB   66 KB   203 KB   176 KB   57 KB   20 KB   66 KB   203 KB   176 KB   57 KB   20 KB   67 KB   203 KB   176 KB   57 KB   20 KB   67 KB   203 KB   176 KB   57 KB   20 KB   68 KB   203 KB   176 KB   57 KB   20 KB   68 KB   203 KB   176 KB   57 KB   20 KB   68 KB   203 KB   176 KB   57 KB   20 KB   69 KB   203 KB   176 KB   57 KB   20 KB   69 KB   203 KB   176 KB   57 KB   20 KB   70 KB   203 KB   176 KB   57 KB   20 KB   70 KB   203 KB   176 KB   57 KB   20 KB   71 KB   203 KB   176 KB   57 KB   20 KB   71 KB   203 KB   176 KB   57 KB   20 KB   72 KB   203 KB   176 KB   57 KB   20 KB   72 KB   203 KB   176 KB   57 KB   20 KB   73 KB   203 KB   176 KB   57 KB   20 KB   73 KB   203 KB   176 KB   57 KB   20 KB   74 KB   203 KB   176 KB   57 KB   20 KB   74 KB   203 KB   176 KB   57 KB   20 KB   75 KB   203 KB   176 KB   57 KB   20 KB   75 KB   203 KB   176 KB   57 KB   20 KB   76 KB   203 KB   176 KB   57 KB   20 KB   76 KB   203 KB   176 KB   57 KB   20 KB   76 KB   203 KB   176 KB   57 KB   20 KB   77 KB   203 KB   176 KB   57 KB   20 KB   77 KB   203 KB   176 KB   57 KB   20 KB   78 KB   203 KB   176 KB   57 KB   20 KB   78 KB   203 KB   176 KB   57 KB   20 KB   79 KB   203 KB   176 KB   57 KB   20 KB   79 KB   203 KB   176 KB   57 KB   20 KB   80 KB   203 KB   176 KB   57 KB   20 KB   80 KB   203 KB   176 KB   57 KB   20 KB   81 KB   203 KB   176 KB   57 KB   20 KB   81 KB   203 KB   176 KB   57 KB   20 KB   82 KB   203 KB   176 KB   57 KB   20 KB   82 KB   203 KB   176 KB   57 KB   20 KB   83 KB   203 KB   176 KB   57 KB   20 KB   83 KB   203 KB   176 KB   57 KB   20 KB   83 KB   203 KB   176 KB   57 KB   20 KB   84 KB   203 KB   176 KB   57 KB   20 KB   84 KB   203 KB   176 KB   57 KB   20 KB   85 KB   203 KB   176 KB   57 KB   20 KB   85 KB   203 KB   176 KB   57 KB   20 KB   86 KB   203 KB   176 KB   57 KB   20 KB   86 KB   203 KB   176 KB   57 KB   20 KB   86 KB   203 KB   176 KB   57 KB   20 KB   87 KB   203 KB   176 KB   57 KB   20 KB   87 KB   203 KB   176 KB   57 KB   20 KB   88 KB   203 KB   176 KB   57 KB   20 KB   88 KB   203 KB   176 KB   57 KB   20 KB   89 KB   203 KB   176 KB   57 KB   20 KB   89 KB   203 KB   176 KB   57 KB   20 KB   90 KB   203 KB   176 KB   57 KB   20 KB   90 KB   203 KB   176 KB   57 KB   20 KB   91 KB   203 KB   176 KB   57 KB   20 KB   91 KB   203 KB   176 KB   57 KB   20 KB   92 KB   203 KB   176 KB   57 KB   20 KB   92 KB   203 KB   176 KB   57 KB   20 KB   93 KB   203 KB   176 KB   57 KB   20 KB   93 KB   203 KB   176 KB   57 KB   20 KB   94 KB   203 KB   176 KB   57 KB   20 KB   94 KB   203 KB   176 KB   57 KB   20 KB   95 KB   203 KB   176 KB   57 KB   20 KB   95 KB   203 KB   176 KB   57 KB   20 KB   95 KB   203 KB   176 KB   57 KB   20 KB   96 KB   203 KB   176 KB   57 KB   20 KB   96 KB   203 KB   176 KB   57 KB   20 KB   97 KB   203 KB   176 KB   57 KB   20 KB   97 KB   203 KB   176 KB   57 KB   20 KB   98 KB   203 KB   176 KB   57 KB   20 KB   98 KB   203 KB   176 KB   57 KB   20 KB   99 KB   203 KB   176 KB   57 KB   20 KB   99 KB   203 KB   176 KB   57 KB   20 KB   100 KB   203 KB   176 KB   57 KB   20 KB   100 KB   203 KB   176 KB   57 KB   20 KB   101 KB   203 KB   176 KB   57 KB   20 KB   101 KB   203 KB   176 KB   57 KB   20 KB   102 KB   203 KB   176 KB   57 KB   20 KB   102 KB   203 KB   176 KB   57 KB   20 KB   103 KB   203 KB   176 KB   57 KB   20 KB   103 KB   203 KB   176 KB   57 KB   20 KB   104 KB   203 KB   176 KB   57 KB   20 KB   104 KB   203 KB   176 KB   57 KB   20 KB   105 KB   203 KB   176 KB   57 KB   20 KB   105 KB   203 KB   176 KB   57 KB   20 KB   105 KB   203 KB   176 KB   57 KB   20 KB   106 KB   203 KB   176 KB   57 KB   20 KB   106 KB   203 KB   176 KB   57 KB   20 KB   107 KB   203 KB   176 KB   57 KB   20 KB   107 KB   203 KB   176 KB   57 KB   20 KB   108 KB   203 KB   176 KB   57 KB   20 KB   108 KB   203 KB   176 KB   57 KB   20 KB   109 KB   203 KB   176 KB   57 KB   20 KB   109 KB   203 KB   176 KB   57 KB   20 KB   110 KB   203 KB   176 KB   57 KB   20 KB   110 KB   203 KB   176 KB   57 KB   20 KB   111 KB   203 KB   176 KB   57 KB   20 KB   111 KB   203 KB   176 KB   57 KB   20 KB   112 KB   203 KB   176 KB   57 KB   20 KB   112 KB   203 KB   176 KB   57 KB   20 KB   113 KB   203 KB   176 KB   57 KB   20 KB   113 KB   203 KB   176 KB   57 KB   20 KB   114 KB   203 KB   176 KB   57 KB   20 KB   114 KB   203 KB   176 KB   57 KB   20 KB   115 KB   203 KB   176 KB   57 KB   20 KB   115 KB   203 KB   176 KB   57 KB   20 KB   115 KB   203 KB   176 KB   57 KB   20 KB   115 KB   203 KB   176 KB   57 KB   20 KB   116 KB   203 KB   176 KB   57 KB   20 KB   116 KB   203 KB   176 KB   57 KB   20 KB   117 KB   203 KB   176 KB   57 KB   20 KB   117 KB   203 KB   176 KB   57 KB   20 KB   118 KB   203 KB   176 KB   57 KB   20 KB   118 KB   203 KB   176 KB   57 KB   20 KB   119 KB   203 KB   176 KB   57 KB   20 KB   119 KB   203 KB   176 KB   57 KB   20 KB   120 KB   203 KB   176 KB   57 KB   20 KB   120 KB   203 KB   176 KB   57 KB   20 KB   121 KB   203 KB   176 KB   57 KB   20 KB   121 KB   203 KB   176 KB   57 KB   20 KB   122 KB   203 KB   176 KB   57 KB   20 KB   122 KB   203 KB   176 KB   57 KB   20 KB   123 KB   203 KB   176 KB   57 KB   20 KB   123 KB   203 KB   176 KB   57 KB   20 KB   124 KB   203 KB   176 KB   57 KB   20 KB   124 KB   203 KB   176 KB   57 KB   20 KB   125 KB   203 KB   176 KB   57 KB   20 KB   125 KB   203 KB   176 KB   57 KB   20 KB   126 KB   203 KB   176 KB   57 KB   20 KB   126 KB   203 KB   176 KB   57 KB   20 KB   126 KB   203 KB   176 KB   57 KB   20 KB   127 KB   203 KB   176 KB   57 KB   20 KB   127 KB   203 KB   176 KB   57 KB   20 KB   128 KB   203 KB   176 KB   57 KB   20 KB   129 KB   203 KB   176 KB   57 KB   20 KB   129 KB   203 KB   176 KB   57 KB   20 KB   130 KB   203 KB   176 KB   57 KB   20 KB   130 KB   203 KB   176 KB   57 KB   20 KB   131 KB   203 KB   176 KB   57 KB   20 KB   131 KB   203 KB   176 KB   57 KB   20 KB   131 KB   203 KB   176 KB   57 KB   20 KB   132 KB   203 KB   176 KB   57 KB   20 KB   132 KB   203 KB   176 KB   57 KB   20 KB   133 KB   203 KB   176 KB   57 KB   20 KB   133 KB   203 KB   176 KB   57 KB   20 KB   134 KB   203 KB   176 KB   57 KB   20 KB   134 KB   203 KB   176 KB   57 KB   20 KB   135 KB   203 KB   176 KB   57 KB   20 KB   135 KB   203 KB   176 KB   57 KB   20 KB   136 KB   203 KB   176 KB   57 KB   20 KB   136 KB   203 KB   176 KB   57 KB   20 KB   137 KB   203 KB   176 KB   57 KB   20 KB   137 KB   203 KB   176 KB   57 KB   20 KB   138 KB   203 KB   176 KB   57 KB   20 KB   138 KB   203 KB   176 KB   57 KB   20 KB   139 KB   203 KB   176 KB   57 KB   20 KB   139 KB   203 KB   176 KB   57 KB   20 KB   140 KB   203 KB   176 KB   57 KB   20 KB   140 KB   203 KB   176 KB   57 KB   20 KB   141 KB   203 KB   176 KB   57 KB   20 KB   141 KB   203 KB   176 KB   57 KB   20 KB   142 KB   203 KB   176 KB   57 KB   20 KB   142 KB   203 KB   176 KB   57 KB   20 KB   142 KB   203 KB   176 KB   57 KB   20 KB   143 KB   203 KB   176 KB   57 KB   20 KB   143 KB   203 KB   176 KB   57 KB   20 KB   144 KB   203 KB   176 KB   57 KB   20 KB   144 KB   203 KB   176 KB   57 KB   20 KB   145 KB   203 KB   176 KB   57 KB   20 KB   145 KB   203 KB   176 KB   57 KB   20 KB   146 KB   203 KB   176 KB   57 KB   20 KB   146 KB   203 KB   176 KB   57 KB   20 KB   147 KB   203 KB   176 KB   57 KB   20 KB   147 KB   203 KB   176 KB   57 KB   20 KB   148 KB   203 KB   176 KB   57 KB   20 KB   148 KB   203 KB   176 KB   57 KB   20 KB   148 KB   203 KB   176 KB   57 KB   20 KB   149 KB   203 KB   176 KB   57 KB   20 KB   149 KB   203 KB   176 KB   57 KB   20 KB   150 KB   203 KB   176 KB   57 KB   20 KB   150 KB   203 KB   176 KB   57 KB   20 KB   151 KB   203 KB   176 KB   57 KB   20 KB   151 KB   203 KB   176 KB   57 KB   20 KB   152 KB   203 KB   176 KB   57 KB   20 KB   152 KB   203 KB   176 KB   57 KB   20 KB   152 KB   203 KB   176 KB   57 KB   20 KB   153 KB   203 KB   176 KB   57 KB   20 KB   153 KB   203 KB   176 KB   57 KB   20 KB   154 KB   203 KB   176 KB   57 KB   20 KB   154 KB   203 KB   176 KB   57 KB   20 KB   155 KB   203 KB   176 KB   57 KB   20 KB   155 KB   203 KB   176 KB   57 KB   20 KB   156 KB   203 KB   176 KB   57 KB   20 KB   156 KB   203 KB   176 KB   57 KB   20 KB   157 KB   203 KB   176 KB   57 KB   20 KB   157 KB   203 KB   176 KB   57 KB   20 KB   158 KB   203 KB   176 KB   57 KB   20 KB   158 KB   203 KB   176 KB   57 KB   20 KB   159 KB   203 KB   176 KB   57 KB   20 KB   159 KB   203 KB   176 KB   57 KB   20 KB   160 KB   203 KB   176 KB   57 KB   20 KB   160 KB   203 KB   176 KB   57 KB   20 KB   161 KB   203 KB   176 KB   57 KB   20 KB   161 KB   203 KB   176 KB   57 KB   20 KB   162 KB   203 KB   176 KB   57 KB   20 KB   162 KB   203 KB   176 KB   57 KB   20 KB   163 KB   203 KB   176 KB   57 KB   20 KB   163 KB   203 KB   176 KB   57 KB   20 KB   164 KB   203 KB   176 KB   57 KB   20 KB   164 KB   203 KB   176 KB   57 KB   20 KB   165 KB   203 KB   176 KB   57 KB   20 KB   165 KB   203 KB   176 KB   57 KB   20 KB   166 KB   203 KB   176 KB   57 KB   20 KB   166 KB   203 KB   176 KB   57 KB   20 KB   167 KB   203 KB   176 KB   57 KB   20 KB   167 KB   203 KB   176 KB   57 KB   20 KB   167 KB   203 KB   176 KB   57 KB   20 KB   168 KB   203 KB   176 KB   57 KB   20 KB   168 KB   203 KB   176 KB   57 KB   20 KB   169 KB   203 KB   176 KB   57 KB   20 KB   169 KB   203 KB   176 KB   57 KB   20 KB   170 KB   203 KB   176 KB   57 KB   20 KB   170 KB   203 KB   176 KB   57 KB   20 KB   171 KB   203 KB   176 KB   57 KB   20 KB   171 KB   203 KB   176 KB   57 KB   20 KB   172 KB   203 KB   176 KB   57 KB   20 KB   172 KB   203 KB   176 KB   57 KB   20 KB   173 KB   203 KB   176 KB   57 KB   20 KB   173 KB   203 KB   176 KB   57 KB   20 KB   174 KB   203 KB   176 KB   57 KB   20 KB   174 KB   203 KB   176 KB   57 KB   20 KB   175 KB   203 KB   176 KB   57 KB   20 KB   175 KB   203 KB   176 KB   57 KB   20 KB   175 KB   203 KB   176 KB   57 KB   20 KB   176 KB   203 KB   176 KB   57 KB   20 KB   176 KB   203 KB   176 KB   57 KB   20 KB   177 KB   203 KB   176 KB   57 KB   20 KB   177 KB   203 KB   176 KB   57 KB   20 KB   178 KB   203 KB   176 KB   57 KB   20 KB   178 KB   203 KB   176 KB   57 KB   20 KB   179 KB   203 KB   176 KB   57 KB   20 KB   179 KB   203 KB   176 KB   57 KB   20 KB   180 KB   203 KB   176 KB   57 KB   20 KB   180 KB   203 KB   176 KB   57 KB   20 KB   181 KB   203 KB   176 KB   57 KB   20 KB   181 KB   203 KB   176 KB   57 KB   20 KB   182 KB   203 KB   176 KB   57 KB   20 KB   182 KB   203 KB   176 KB   57 KB   20 KB   183 KB   203 KB   176 KB   57 KB   20 KB   183 KB   203 KB   176 KB   57 KB   20 KB   184 KB   203 KB   176 KB   57 KB   20 KB   184 KB   203 KB   176 KB   57 KB   20 KB   185 KB   203 KB   176 KB   57 KB   20 KB   185 KB   203 KB   176 KB   57 KB   20 KB   186 KB   203 KB   176 KB   57 KB   20 KB   186 KB   203 KB   176 KB   57 KB   20 KB   187 KB   203 KB   176 KB   57 KB   20 KB   187 KB   203 KB   176 KB   57 KB   20 KB   187 KB   203 KB   176 KB   57 KB   20 KB   188 KB   203 KB   176 KB   57 KB   20 KB   188 KB   203 KB   176 KB   57 KB   20 KB   189 KB   203 KB   176 KB   57 KB   20 KB   189 KB   203 KB   176 KB   57 KB   20 KB   190 KB   203 KB   176 KB   57 KB   20 KB   190 KB   203 KB   176 KB   57 KB   20 KB   191 KB   203 KB   176 KB   57 KB   20 KB   191 KB   203 KB   176 KB   57 KB   20 KB   192 KB   203 KB   176 KB   57 KB   20 KB   192 KB   203 KB   176 KB   57 KB   20 KB   193 KB   203 KB   176 KB   57 KB   20 KB   193 KB   203 KB   176 KB   57 KB   20 KB   194 KB   203 KB   176 KB   57 KB   20 KB   194 KB   203 KB   176 KB   57 KB   20 KB   195 KB   203 KB   176 KB   57 KB   20 KB   195 KB   203 KB   176 KB   57 KB   20 KB   196 KB   203 KB   176 KB   57 KB   20 KB   196 KB   203 KB   176 KB   57 KB   20 KB   197 KB   203 KB   176 KB   57 KB   20 KB   197 KB   203 KB   176 KB   57 KB   20 KB   198 KB   203 KB   176 KB   57 KB   20 KB   198 KB   203 KB   176 KB   57 KB   20 KB   199 KB   203 KB   176 KB   57 KB   20 KB   199 KB   203 KB   176 KB   57 KB   20 KB   200 KB   203 KB   176 KB   57 KB   20 KB   200 KB   203 KB   176 KB   57 KB   20 KB   201 KB   203 KB   176 KB   57 KB   20 KB   201 KB   203 KB   176 KB   57 KB   20 KB   202 KB   203 KB   176 KB   57 KB   20 KB   202 KB   203 KB   176 KB   57 KB   20 KB   203 KB   203 KB   176 KB   57 KB   20 KB   203 KB   203 KB   176 KB   57 KB   20 KB   203 KB   203 KB   176 KB   57 KB   20 KB   204 KB   203 KB   176 KB   57 KB   20 KB   205 KB   203 KB   176 KB   57 KB   20 KB   205 KB   203 KB   176 KB   57 KB   20 KB   206 KB   203 KB   176 KB   57 KB   20 KB   206 KB   203 KB   176 KB   57 KB   20 KB   206 KB   203 KB   176 KB   57 KB   20 KB   207 KB   203 KB   176 KB   57 KB   20 KB   207 KB   203 KB   176 KB   57 KB   20 KB   208 KB   203 KB   176 KB   57 KB   20 KB   208 KB   203 KB   176 KB   57 KB   20 KB   209 KB   203 KB   176 KB   57 KB   20 KB   209 KB   203 KB   176 KB   57 KB   20 KB   210 KB   203 KB   176 KB   57 KB   20 KB   211 KB   203 KB   176 KB   57 KB   20 KB   212 KB   203 KB   176 KB   57 KB   20 KB   214 KB   203 KB   176 KB   57 KB   20 KB   216 KB   203 KB   176 KB   57 KB   20 KB   218 KB   203 KB   176 KB   57 KB   20 KB   220 KB   203 KB   176 KB   57 KB   20 KB   221 KB                                              Downloaded: http://repo.maven.apache.org/maven2/org/apache/maven/maven-archiver/2.4.2/maven-archiver-2.4.2.jar (20 KB at 13.2 KB/sec)
                                           Downloaded: http://repo.maven.apache.org/maven2/org/codehaus/plexus/plexus-io/2.0.1/plexus-io-2.0.1.jar (57 KB at 32.3 KB/sec)
                                           Downloaded: http://repo.maven.apache.org/maven2/org/codehaus/plexus/plexus-archiver/2.0.1/plexus-archiver-2.0.1.jar (176 KB at 88.2 KB/sec)
                                           Downloaded: http://repo.maven.apache.org/maven2/commons-lang/commons-lang/2.1/commons-lang-2.1.jar (203 KB at 90.4 KB/sec)
                                           Downloaded: http://repo.maven.apache.org/maven2/org/codehaus/plexus/plexus-utils/3.0/plexus-utils-3.0.jar (221 KB at 88.5 KB/sec)
[INFO] Building jar: /build/src/jline-1.0/src/target/jline-1.0.jar
[INFO] ------------------------------------------------------------------------
[INFO] BUILD SUCCESS
[INFO] ------------------------------------------------------------------------
[INFO] Total time: 1:49.904s
[INFO] Finished at: Sat May 05 09:14:05 GMT 2012
[INFO] Final Memory: 22M/243M
[INFO] ------------------------------------------------------------------------
